Analysis & Synthesis report for ula
Thu Mar 30 20:29:15 2023
Quartus II 64-Bit Version 13.0.1 Build 232 06/12/2013 Service Pack 1 SJ Web Edition


---------------------
; Table of Contents ;
---------------------
  1. Legal Notice
  2. Analysis & Synthesis Summary
  3. Analysis & Synthesis Settings
  4. Parallel Compilation
  5. Analysis & Synthesis Source Files Read
  6. Analysis & Synthesis Resource Usage Summary
  7. Analysis & Synthesis Resource Utilization by Entity
  8. General Register Statistics
  9. Port Connectivity Checks: "subtrator:sub|fulladder:full"
 10. Elapsed Time Per Partition
 11. Analysis & Synthesis Messages



----------------
; Legal Notice ;
----------------
Copyright (C) 1991-2013 Altera Corporation
Your use of Altera Corporation's design tools, logic functions 
and other software and tools, and its AMPP partner logic 
functions, and any output files from any of the foregoing 
(including device programming or simulation files), and any 
associated documentation or information are expressly subject 
to the terms and conditions of the Altera Program License 
Subscription Agreement, Altera MegaCore Function License 
Agreement, or other applicable license agreement, including, 
without limitation, that your use is for the sole purpose of 
programming logic devices manufactured by Altera and sold by 
Altera or its authorized distributors.  Please refer to the 
applicable agreement for further details.



+--------------------------------------------------------------------------------------+
; Analysis & Synthesis Summary                                                         ;
+------------------------------------+-------------------------------------------------+
; Analysis & Synthesis Status        ; Successful - Thu Mar 30 20:29:15 2023           ;
; Quartus II 64-Bit Version          ; 13.0.1 Build 232 06/12/2013 SP 1 SJ Web Edition ;
; Revision Name                      ; ula                                             ;
; Top-level Entity Name              ; ula                                             ;
; Family                             ; Cyclone II                                      ;
; Total logic elements               ; 63                                              ;
;     Total combinational functions  ; 63                                              ;
;     Dedicated logic registers      ; 0                                               ;
; Total registers                    ; 0                                               ;
; Total pins                         ; 29                                              ;
; Total virtual pins                 ; 0                                               ;
; Total memory bits                  ; 0                                               ;
; Embedded Multiplier 9-bit elements ; 0                                               ;
; Total PLLs                         ; 0                                               ;
+------------------------------------+-------------------------------------------------+


+----------------------------------------------------------------------------------------------------------------------+
; Analysis & Synthesis Settings                                                                                        ;
+----------------------------------------------------------------------------+--------------------+--------------------+
; Option                                                                     ; Setting            ; Default Value      ;
+----------------------------------------------------------------------------+--------------------+--------------------+
; Device                                                                     ; EP2C35F672C6       ;                    ;
; Top-level entity name                                                      ; ula                ; ula                ;
; Family name                                                                ; Cyclone II         ; Cyclone IV GX      ;
; Use smart compilation                                                      ; Off                ; Off                ;
; Enable parallel Assembler and TimeQuest Timing Analyzer during compilation ; On                 ; On                 ;
; Enable compact report table                                                ; Off                ; Off                ;
; Restructure Multiplexers                                                   ; Auto               ; Auto               ;
; Create Debugging Nodes for IP Cores                                        ; Off                ; Off                ;
; Preserve fewer node names                                                  ; On                 ; On                 ;
; Disable OpenCore Plus hardware evaluation                                  ; Off                ; Off                ;
; Verilog Version                                                            ; Verilog_2001       ; Verilog_2001       ;
; VHDL Version                                                               ; VHDL_1993          ; VHDL_1993          ;
; State Machine Processing                                                   ; Auto               ; Auto               ;
; Safe State Machine                                                         ; Off                ; Off                ;
; Extract Verilog State Machines                                             ; On                 ; On                 ;
; Extract VHDL State Machines                                                ; On                 ; On                 ;
; Ignore Verilog initial constructs                                          ; Off                ; Off                ;
; Iteration limit for constant Verilog loops                                 ; 5000               ; 5000               ;
; Iteration limit for non-constant Verilog loops                             ; 250                ; 250                ;
; Add Pass-Through Logic to Inferred RAMs                                    ; On                 ; On                 ;
; Infer RAMs from Raw Logic                                                  ; On                 ; On                 ;
; Parallel Synthesis                                                         ; On                 ; On                 ;
; DSP Block Balancing                                                        ; Auto               ; Auto               ;
; NOT Gate Push-Back                                                         ; On                 ; On                 ;
; Power-Up Don't Care                                                        ; On                 ; On                 ;
; Remove Redundant Logic Cells                                               ; Off                ; Off                ;
; Remove Duplicate Registers                                                 ; On                 ; On                 ;
; Ignore CARRY Buffers                                                       ; Off                ; Off                ;
; Ignore CASCADE Buffers                                                     ; Off                ; Off                ;
; Ignore GLOBAL Buffers                                                      ; Off                ; Off                ;
; Ignore ROW GLOBAL Buffers                                                  ; Off                ; Off                ;
; Ignore LCELL Buffers                                                       ; Off                ; Off                ;
; Ignore SOFT Buffers                                                        ; On                 ; On                 ;
; Limit AHDL Integers to 32 Bits                                             ; Off                ; Off                ;
; Optimization Technique                                                     ; Balanced           ; Balanced           ;
; Carry Chain Length                                                         ; 70                 ; 70                 ;
; Auto Carry Chains                                                          ; On                 ; On                 ;
; Auto Open-Drain Pins                                                       ; On                 ; On                 ;
; Perform WYSIWYG Primitive Resynthesis                                      ; Off                ; Off                ;
; Auto ROM Replacement                                                       ; On                 ; On                 ;
; Auto RAM Replacement                                                       ; On                 ; On                 ;
; Auto Shift Register Replacement                                            ; Auto               ; Auto               ;
; Allow Shift Register Merging across Hierarchies                            ; Auto               ; Auto               ;
; Auto Clock Enable Replacement                                              ; On                 ; On                 ;
; Strict RAM Replacement                                                     ; Off                ; Off                ;
; Allow Synchronous Control Signals                                          ; On                 ; On                 ;
; Force Use of Synchronous Clear Signals                                     ; Off                ; Off                ;
; Auto RAM to Logic Cell Conversion                                          ; Off                ; Off                ;
; Auto Resource Sharing                                                      ; Off                ; Off                ;
; Allow Any RAM Size For Recognition                                         ; Off                ; Off                ;
; Allow Any ROM Size For Recognition                                         ; Off                ; Off                ;
; Allow Any Shift Register Size For Recognition                              ; Off                ; Off                ;
; Use LogicLock Constraints during Resource Balancing                        ; On                 ; On                 ;
; Ignore translate_off and synthesis_off directives                          ; Off                ; Off                ;
; Timing-Driven Synthesis                                                    ; Off                ; Off                ;
; Report Parameter Settings                                                  ; On                 ; On                 ;
; Report Source Assignments                                                  ; On                 ; On                 ;
; Report Connectivity Checks                                                 ; On                 ; On                 ;
; Ignore Maximum Fan-Out Assignments                                         ; Off                ; Off                ;
; Synchronization Register Chain Length                                      ; 2                  ; 2                  ;
; PowerPlay Power Optimization                                               ; Normal compilation ; Normal compilation ;
; HDL message level                                                          ; Level2             ; Level2             ;
; Suppress Register Optimization Related Messages                            ; Off                ; Off                ;
; Number of Removed Registers Reported in Synthesis Report                   ; 5000               ; 5000               ;
; Number of Swept Nodes Reported in Synthesis Report                         ; 5000               ; 5000               ;
; Number of Inverted Registers Reported in Synthesis Report                  ; 100                ; 100                ;
; Clock MUX Protection                                                       ; On                 ; On                 ;
; Auto Gated Clock Conversion                                                ; Off                ; Off                ;
; Block Design Naming                                                        ; Auto               ; Auto               ;
; SDC constraint protection                                                  ; Off                ; Off                ;
; Synthesis Effort                                                           ; Auto               ; Auto               ;
; Shift Register Replacement - Allow Asynchronous Clear Signal               ; On                 ; On                 ;
; Pre-Mapping Resynthesis Optimization                                       ; Off                ; Off                ;
; Analysis & Synthesis Message Level                                         ; Medium             ; Medium             ;
; Disable Register Merging Across Hierarchies                                ; Auto               ; Auto               ;
; Resource Aware Inference For Block RAM                                     ; On                 ; On                 ;
; Synthesis Seed                                                             ; 1                  ; 1                  ;
+----------------------------------------------------------------------------+--------------------+--------------------+


Parallel compilation was disabled, but you have multiple processors available. Enable parallel compilation to reduce compilation time.
+-------------------------------------+
; Parallel Compilation                ;
+----------------------------+--------+
; Processors                 ; Number ;
+----------------------------+--------+
; Number detected on machine ; 4      ;
; Maximum allowed            ; 1      ;
+----------------------------+--------+


+--------------------------------------------------------------------------------------------------------------------------------------------------------------------+
; Analysis & Synthesis Source Files Read                                                                                                                             ;
+----------------------------------+-----------------+-----------------------+-----------------------------------------------------------------------------+---------+
; File Name with User-Entered Path ; Used in Netlist ; File Type             ; File Name with Absolute Path                                                ; Library ;
+----------------------------------+-----------------+-----------------------+-----------------------------------------------------------------------------+---------+
; ula.vhd                          ; yes             ; User VHDL File        ; C:/Users/bruna/OneDrive/햞ea de Trabalho/trabalho td/ULA/ula.vhd            ;         ;
; shifteresq.vhd                   ; yes             ; Auto-Found VHDL File  ; C:/Users/bruna/OneDrive/햞ea de Trabalho/trabalho td/ULA/shifteresq.vhd     ;         ;
; mux2x1.vhd                       ; yes             ; Auto-Found VHDL File  ; C:/Users/bruna/OneDrive/햞ea de Trabalho/trabalho td/ULA/mux2x1.vhd         ;         ;
; mux02_2x1.vhd                    ; yes             ; Auto-Found VHDL File  ; C:/Users/bruna/OneDrive/햞ea de Trabalho/trabalho td/ULA/mux02_2x1.vhd      ;         ;
; shifterdir.vhd                   ; yes             ; Auto-Found VHDL File  ; C:/Users/bruna/OneDrive/햞ea de Trabalho/trabalho td/ULA/shifterdir.vhd     ;         ;
; somador.vhd                      ; yes             ; Auto-Found VHDL File  ; C:/Users/bruna/OneDrive/햞ea de Trabalho/trabalho td/ULA/somador.vhd        ;         ;
; halfadder.vhd                    ; yes             ; Auto-Found VHDL File  ; C:/Users/bruna/OneDrive/햞ea de Trabalho/trabalho td/ULA/halfadder.vhd      ;         ;
; fulladder.vhd                    ; yes             ; Auto-Found VHDL File  ; C:/Users/bruna/OneDrive/햞ea de Trabalho/trabalho td/ULA/fulladder.vhd      ;         ;
; subtrator.vhd                    ; yes             ; Auto-Found VHDL File  ; C:/Users/bruna/OneDrive/햞ea de Trabalho/trabalho td/ULA/subtrator.vhd      ;         ;
; bcd_ex3.vhd                      ; yes             ; Auto-Found VHDL File  ; C:/Users/bruna/OneDrive/햞ea de Trabalho/trabalho td/ULA/bcd_ex3.vhd        ;         ;
; oulogico.vhd                     ; yes             ; Auto-Found VHDL File  ; C:/Users/bruna/OneDrive/햞ea de Trabalho/trabalho td/ULA/oulogico.vhd       ;         ;
; elogico.vhd                      ; yes             ; Auto-Found VHDL File  ; C:/Users/bruna/OneDrive/햞ea de Trabalho/trabalho td/ULA/elogico.vhd        ;         ;
; xor4bits.vhd                     ; yes             ; Auto-Found VHDL File  ; C:/Users/bruna/OneDrive/햞ea de Trabalho/trabalho td/ULA/xor4bits.vhd       ;         ;
; xorsimples.vhd                   ; yes             ; Auto-Found VHDL File  ; C:/Users/bruna/OneDrive/햞ea de Trabalho/trabalho td/ULA/xorsimples.vhd     ;         ;
; negacao.vhd                      ; yes             ; Auto-Found VHDL File  ; C:/Users/bruna/OneDrive/햞ea de Trabalho/trabalho td/ULA/negacao.vhd        ;         ;
; nand_logico.vhd                  ; yes             ; Auto-Found VHDL File  ; C:/Users/bruna/OneDrive/햞ea de Trabalho/trabalho td/ULA/nand_logico.vhd    ;         ;
; nor_logico.vhd                   ; yes             ; Auto-Found VHDL File  ; C:/Users/bruna/OneDrive/햞ea de Trabalho/trabalho td/ULA/nor_logico.vhd     ;         ;
; xnor_logico.vhd                  ; yes             ; Auto-Found VHDL File  ; C:/Users/bruna/OneDrive/햞ea de Trabalho/trabalho td/ULA/xnor_logico.vhd    ;         ;
; muxprinc.vhd                     ; yes             ; Auto-Found VHDL File  ; C:/Users/bruna/OneDrive/햞ea de Trabalho/trabalho td/ULA/muxprinc.vhd       ;         ;
; selet_overflow.vhd               ; yes             ; Auto-Found VHDL File  ; C:/Users/bruna/OneDrive/햞ea de Trabalho/trabalho td/ULA/selet_overflow.vhd ;         ;
; decod_bin_7seg.vhd               ; yes             ; Auto-Found VHDL File  ; C:/Users/bruna/OneDrive/햞ea de Trabalho/trabalho td/ULA/decod_bin_7seg.vhd ;         ;
+----------------------------------+-----------------+-----------------------+-----------------------------------------------------------------------------+---------+


+-----------------------------------------------------------+
; Analysis & Synthesis Resource Usage Summary               ;
+---------------------------------------------+-------------+
; Resource                                    ; Usage       ;
+---------------------------------------------+-------------+
; Estimated Total logic elements              ; 63          ;
;                                             ;             ;
; Total combinational functions               ; 63          ;
; Logic element usage by number of LUT inputs ;             ;
;     -- 4 input functions                    ; 54          ;
;     -- 3 input functions                    ; 8           ;
;     -- <=2 input functions                  ; 1           ;
;                                             ;             ;
; Logic elements by mode                      ;             ;
;     -- normal mode                          ; 63          ;
;     -- arithmetic mode                      ; 0           ;
;                                             ;             ;
; Total registers                             ; 0           ;
;     -- Dedicated logic registers            ; 0           ;
;     -- I/O registers                        ; 0           ;
;                                             ;             ;
; I/O pins                                    ; 29          ;
; Embedded Multiplier 9-bit elements          ; 0           ;
; Maximum fan-out node                        ; sinalMUX[0] ;
; Maximum fan-out                             ; 23          ;
; Total fan-out                               ; 253         ;
; Average fan-out                             ; 2.75        ;
+---------------------------------------------+-------------+


+----------------------------------------------------------------------------------------------------------------------------------------------------------------------------------------------------------------+
; Analysis & Synthesis Resource Utilization by Entity                                                                                                                                                            ;
+--------------------------------+-------------------+--------------+-------------+--------------+---------+-----------+------+--------------+----------------------------------------------------+--------------+
; Compilation Hierarchy Node     ; LC Combinationals ; LC Registers ; Memory Bits ; DSP Elements ; DSP 9x9 ; DSP 18x18 ; Pins ; Virtual Pins ; Full Hierarchy Name                                ; Library Name ;
+--------------------------------+-------------------+--------------+-------------+--------------+---------+-----------+------+--------------+----------------------------------------------------+--------------+
; |ula                           ; 63 (1)            ; 0 (0)        ; 0           ; 0            ; 0       ; 0         ; 29   ; 0            ; |ula                                               ; work         ;
;    |bcd_ex3:ex3_01|            ; 2 (2)             ; 0 (0)        ; 0           ; 0            ; 0       ; 0         ; 0    ; 0            ; |ula|bcd_ex3:ex3_01                                ; work         ;
;    |bcd_ex3:ex3_02|            ; 2 (2)             ; 0 (0)        ; 0           ; 0            ; 0       ; 0         ; 0    ; 0            ; |ula|bcd_ex3:ex3_02                                ; work         ;
;    |decod_bin_7seg:decod_7seg| ; 7 (7)             ; 0 (0)        ; 0           ; 0            ; 0       ; 0         ; 0    ; 0            ; |ula|decod_bin_7seg:decod_7seg                     ; work         ;
;    |muxPRINC:MUX|              ; 35 (35)           ; 0 (0)        ; 0           ; 0            ; 0       ; 0         ; 0    ; 0            ; |ula|muxPRINC:MUX                                  ; work         ;
;    |selet_OVERFLOW:selOVER|    ; 9 (9)             ; 0 (0)        ; 0           ; 0            ; 0       ; 0         ; 0    ; 0            ; |ula|selet_OVERFLOW:selOVER                        ; work         ;
;    |shifterDIR:DIV2a|          ; 1 (1)             ; 0 (0)        ; 0           ; 0            ; 0       ; 0         ; 0    ; 0            ; |ula|shifterDIR:DIV2a                              ; work         ;
;    |shifterDIR:DIV2b|          ; 1 (1)             ; 0 (0)        ; 0           ; 0            ; 0       ; 0         ; 0    ; 0            ; |ula|shifterDIR:DIV2b                              ; work         ;
;    |somador:soma|              ; 2 (0)             ; 0 (0)        ; 0           ; 0            ; 0       ; 0         ; 0    ; 0            ; |ula|somador:soma                                  ; work         ;
;       |fulladder:full2|        ; 1 (1)             ; 0 (0)        ; 0           ; 0            ; 0       ; 0         ; 0    ; 0            ; |ula|somador:soma|fulladder:full2                  ; work         ;
;       |fulladder:full4|        ; 1 (0)             ; 0 (0)        ; 0           ; 0            ; 0       ; 0         ; 0    ; 0            ; |ula|somador:soma|fulladder:full4                  ; work         ;
;          |halfadder:half1|     ; 1 (1)             ; 0 (0)        ; 0           ; 0            ; 0       ; 0         ; 0    ; 0            ; |ula|somador:soma|fulladder:full4|halfadder:half1  ; work         ;
;    |subtrator:sub|             ; 3 (0)             ; 0 (0)        ; 0           ; 0            ; 0       ; 0         ; 0    ; 0            ; |ula|subtrator:sub                                 ; work         ;
;       |fulladder:full2|        ; 1 (1)             ; 0 (0)        ; 0           ; 0            ; 0       ; 0         ; 0    ; 0            ; |ula|subtrator:sub|fulladder:full2                 ; work         ;
;       |fulladder:full4|        ; 2 (0)             ; 0 (0)        ; 0           ; 0            ; 0       ; 0         ; 0    ; 0            ; |ula|subtrator:sub|fulladder:full4                 ; work         ;
;          |halfadder:half1|     ; 1 (1)             ; 0 (0)        ; 0           ; 0            ; 0       ; 0         ; 0    ; 0            ; |ula|subtrator:sub|fulladder:full4|halfadder:half1 ; work         ;
;          |halfadder:half|      ; 1 (1)             ; 0 (0)        ; 0           ; 0            ; 0       ; 0         ; 0    ; 0            ; |ula|subtrator:sub|fulladder:full4|halfadder:half  ; work         ;
+--------------------------------+-------------------+--------------+-------------+--------------+---------+-----------+------+--------------+----------------------------------------------------+--------------+
Note: For table entries with two numbers listed, the numbers in parentheses indicate the number of resources of the given type used by the specific entity alone. The numbers listed outside of parentheses indicate the total resources of the given type used by the specific entity and all of its sub-entities in the hierarchy.


+------------------------------------------------------+
; General Register Statistics                          ;
+----------------------------------------------+-------+
; Statistic                                    ; Value ;
+----------------------------------------------+-------+
; Total registers                              ; 0     ;
; Number of registers using Synchronous Clear  ; 0     ;
; Number of registers using Synchronous Load   ; 0     ;
; Number of registers using Asynchronous Clear ; 0     ;
; Number of registers using Asynchronous Load  ; 0     ;
; Number of registers using Clock Enable       ; 0     ;
; Number of registers using Preset             ; 0     ;
+----------------------------------------------+-------+


+----------------------------------------------------------+
; Port Connectivity Checks: "subtrator:sub|fulladder:full" ;
+------+-------+----------+--------------------------------+
; Port ; Type  ; Severity ; Details                        ;
+------+-------+----------+--------------------------------+
; inc  ; Input ; Info     ; Stuck at VCC                   ;
+------+-------+----------+--------------------------------+


+-------------------------------+
; Elapsed Time Per Partition    ;
+----------------+--------------+
; Partition Name ; Elapsed Time ;
+----------------+--------------+
; Top            ; 00:00:01     ;
+----------------+--------------+


+-------------------------------+
; Analysis & Synthesis Messages ;
+-------------------------------+
Info: *******************************************************************
Info: Running Quartus II 64-Bit Analysis & Synthesis
    Info: Version 13.0.1 Build 232 06/12/2013 Service Pack 1 SJ Web Edition
    Info: Processing started: Thu Mar 30 20:29:11 2023
Info: Command: quartus_map --read_settings_files=on --write_settings_files=off ula -c ula
Warning (20028): Parallel compilation is not licensed and has been disabled
Info (12021): Found 2 design units, including 1 entities, in source file ula.vhd
    Info (12022): Found design unit 1: ula-arch_ula
    Info (12023): Found entity 1: ula
Info (12127): Elaborating entity "ula" for the top level hierarchy
Warning (12125): Using design file shifteresq.vhd, which is not specified as a design file for the current project, but contains definitions for 2 design units and 1 entities in project
    Info (12022): Found design unit 1: shifterESQ-arch_shifterESQ
    Info (12023): Found entity 1: shifterESQ
Info (12128): Elaborating entity "shifterESQ" for hierarchy "shifterESQ:siftEa"
Warning (12125): Using design file mux2x1.vhd, which is not specified as a design file for the current project, but contains definitions for 2 design units and 1 entities in project
    Info (12022): Found design unit 1: mux2x1-arch_mux2x1
    Info (12023): Found entity 1: mux2x1
Info (12128): Elaborating entity "mux2x1" for hierarchy "shifterESQ:siftEa|mux2x1:mux1"
Warning (12125): Using design file mux02_2x1.vhd, which is not specified as a design file for the current project, but contains definitions for 2 design units and 1 entities in project
    Info (12022): Found design unit 1: mux02_2x1-arch_mux02_2x1
    Info (12023): Found entity 1: mux02_2x1
Info (12128): Elaborating entity "mux02_2x1" for hierarchy "shifterESQ:siftEa|mux02_2x1:mux2"
Warning (10036): Verilog HDL or VHDL warning at mux02_2x1.vhd(13): object "zero" assigned a value but never read
Warning (12125): Using design file shifterdir.vhd, which is not specified as a design file for the current project, but contains definitions for 2 design units and 1 entities in project
    Info (12022): Found design unit 1: shifterDIR-arch_shifterDIR
    Info (12023): Found entity 1: shifterDIR
Info (12128): Elaborating entity "shifterDIR" for hierarchy "shifterDIR:DIV2a"
Warning (12125): Using design file somador.vhd, which is not specified as a design file for the current project, but contains definitions for 2 design units and 1 entities in project
    Info (12022): Found design unit 1: somador-arch_somador
    Info (12023): Found entity 1: somador
Info (12128): Elaborating entity "somador" for hierarchy "somador:soma"
Warning (10036): Verilog HDL or VHDL warning at somador.vhd(13): object "um" assigned a value but never read
Warning (12125): Using design file halfadder.vhd, which is not specified as a design file for the current project, but contains definitions for 2 design units and 1 entities in project
    Info (12022): Found design unit 1: halfadder-arch_halfadder
    Info (12023): Found entity 1: halfadder
Info (12128): Elaborating entity "halfadder" for hierarchy "somador:soma|halfadder:half"
Warning (12125): Using design file fulladder.vhd, which is not specified as a design file for the current project, but contains definitions for 2 design units and 1 entities in project
    Info (12022): Found design unit 1: fulladder-arch_fulladder
    Info (12023): Found entity 1: fulladder
Info (12128): Elaborating entity "fulladder" for hierarchy "somador:soma|fulladder:full2"
Warning (12125): Using design file subtrator.vhd, which is not specified as a design file for the current project, but contains definitions for 2 design units and 1 entities in project
    Info (12022): Found design unit 1: subtrator-arch_subtrator
    Info (12023): Found entity 1: subtrator
Info (12128): Elaborating entity "subtrator" for hierarchy "subtrator:sub"
Warning (12125): Using design file bcd_ex3.vhd, which is not specified as a design file for the current project, but contains definitions for 2 design units and 1 entities in project
    Info (12022): Found design unit 1: bcd_ex3-arq_bcd_ex3
    Info (12023): Found entity 1: bcd_ex3
Info (12128): Elaborating entity "bcd_ex3" for hierarchy "bcd_ex3:ex3_01"
Warning (12125): Using design file oulogico.vhd, which is not specified as a design file for the current project, but contains definitions for 2 design units and 1 entities in project
    Info (12022): Found design unit 1: OUlogico-arch_OUlogico
    Info (12023): Found entity 1: OUlogico
Info (12128): Elaborating entity "OUlogico" for hierarchy "OUlogico:OU"
Warning (12125): Using design file elogico.vhd, which is not specified as a design file for the current project, but contains definitions for 2 design units and 1 entities in project
    Info (12022): Found design unit 1: Elogico-arch_Elogico
    Info (12023): Found entity 1: Elogico
Info (12128): Elaborating entity "Elogico" for hierarchy "Elogico:Elogic"
Warning (12125): Using design file xor4bits.vhd, which is not specified as a design file for the current project, but contains definitions for 2 design units and 1 entities in project
    Info (12022): Found design unit 1: xor4BITS-arch_xor4BITS
    Info (12023): Found entity 1: xor4BITS
Info (12128): Elaborating entity "xor4BITS" for hierarchy "xor4BITS:XORlogic"
Warning (12125): Using design file xorsimples.vhd, which is not specified as a design file for the current project, but contains definitions for 2 design units and 1 entities in project
    Info (12022): Found design unit 1: xorSIMPLES-arch_xorSIMPLES
    Info (12023): Found entity 1: xorSIMPLES
Info (12128): Elaborating entity "xorSIMPLES" for hierarchy "xor4BITS:XORlogic|xorSIMPLES:xor01"
Warning (12125): Using design file negacao.vhd, which is not specified as a design file for the current project, but contains definitions for 2 design units and 1 entities in project
    Info (12022): Found design unit 1: negacao-arch_negacao
    Info (12023): Found entity 1: negacao
Info (12128): Elaborating entity "negacao" for hierarchy "negacao:nagac01"
Warning (12125): Using design file nand_logico.vhd, which is not specified as a design file for the current project, but contains definitions for 2 design units and 1 entities in project
    Info (12022): Found design unit 1: NAND_logico-arch_NAND_logico
    Info (12023): Found entity 1: NAND_logico
Info (12128): Elaborating entity "NAND_logico" for hierarchy "NAND_logico:NANDlogic"
Warning (12125): Using design file nor_logico.vhd, which is not specified as a design file for the current project, but contains definitions for 2 design units and 1 entities in project
    Info (12022): Found design unit 1: NOR_logico-arch_NOR_logico
    Info (12023): Found entity 1: NOR_logico
Info (12128): Elaborating entity "NOR_logico" for hierarchy "NOR_logico:NORlogic"
Warning (12125): Using design file xnor_logico.vhd, which is not specified as a design file for the current project, but contains definitions for 2 design units and 1 entities in project
    Info (12022): Found design unit 1: XNOR_logico-arch_XNOR_logico
    Info (12023): Found entity 1: XNOR_logico
Info (12128): Elaborating entity "XNOR_logico" for hierarchy "XNOR_logico:XNORlogic"
Warning (12125): Using design file muxprinc.vhd, which is not specified as a design file for the current project, but contains definitions for 2 design units and 1 entities in project
    Info (12022): Found design unit 1: muxPRINC-arch_muxPRINC
    Info (12023): Found entity 1: muxPRINC
Info (12128): Elaborating entity "muxPRINC" for hierarchy "muxPRINC:MUX"
Warning (12125): Using design file selet_overflow.vhd, which is not specified as a design file for the current project, but contains definitions for 2 design units and 1 entities in project
    Info (12022): Found design unit 1: selet_OVERFLOW-arch_selet_OVERFLOW
    Info (12023): Found entity 1: selet_OVERFLOW
Info (12128): Elaborating entity "selet_OVERFLOW" for hierarchy "selet_OVERFLOW:selOVER"
Warning (12125): Using design file decod_bin_7seg.vhd, which is not specified as a design file for the current project, but contains definitions for 2 design units and 1 entities in project
    Info (12022): Found design unit 1: decod_bin_7seg-arch_decod_bin_7seg
    Info (12023): Found entity 1: decod_bin_7seg
Info (12128): Elaborating entity "decod_bin_7seg" for hierarchy "decod_bin_7seg:decod_7seg"
Warning (13024): Output pins are stuck at VCC or GND
    Warning (13410): Pin "seg7[8]" is stuck at VCC
    Warning (13410): Pin "seg7[9]" is stuck at VCC
    Warning (13410): Pin "seg7[10]" is stuck at VCC
    Warning (13410): Pin "seg7[11]" is stuck at VCC
    Warning (13410): Pin "seg7[12]" is stuck at VCC
    Warning (13410): Pin "seg7[13]" is stuck at VCC
Info (16010): Generating hard_block partition "hard_block:auto_generated_inst"
    Info (16011): Adding 0 node(s), including 0 DDIO, 0 PLL, 0 transceiver and 0 LCELL
Info (21057): Implemented 92 device resources after synthesis - the final resource count might be different
    Info (21058): Implemented 12 input pins
    Info (21059): Implemented 17 output pins
    Info (21061): Implemented 63 logic cells
Info: Quartus II 64-Bit Analysis & Synthesis was successful. 0 errors, 30 warnings
    Info: Peak virtual memory: 4638 megabytes
    Info: Processing ended: Thu Mar 30 20:29:15 2023
    Info: Elapsed time: 00:00:04
    Info: Total CPU time (on all processors): 00:00:02


