TimeQuest Timing Analyzer report for ula
Thu Mar 30 20:29:27 2023
Quartus II 64-Bit Version 13.0.1 Build 232 06/12/2013 Service Pack 1 SJ Web Edition


---------------------
; Table of Contents ;
---------------------
  1. Legal Notice
  2. TimeQuest Timing Analyzer Summary
  3. Parallel Compilation
  4. Clocks
  5. Slow Model Fmax Summary
  6. Slow Model Setup Summary
  7. Slow Model Hold Summary
  8. Slow Model Recovery Summary
  9. Slow Model Removal Summary
 10. Slow Model Minimum Pulse Width Summary
 11. Propagation Delay
 12. Minimum Propagation Delay
 13. Fast Model Setup Summary
 14. Fast Model Hold Summary
 15. Fast Model Recovery Summary
 16. Fast Model Removal Summary
 17. Fast Model Minimum Pulse Width Summary
 18. Propagation Delay
 19. Minimum Propagation Delay
 20. Multicorner Timing Analysis Summary
 21. Progagation Delay
 22. Minimum Progagation Delay
 23. Clock Transfers
 24. Report TCCS
 25. Report RSKM
 26. Unconstrained Paths
 27. TimeQuest Timing Analyzer Messages



----------------
; Legal Notice ;
----------------
Copyright (C) 1991-2013 Altera Corporation
Your use of Altera Corporation's design tools, logic functions 
and other software and tools, and its AMPP partner logic 
functions, and any output files from any of the foregoing 
(including device programming or simulation files), and any 
associated documentation or information are expressly subject 
to the terms and conditions of the Altera Program License 
Subscription Agreement, Altera MegaCore Function License 
Agreement, or other applicable license agreement, including, 
without limitation, that your use is for the sole purpose of 
programming logic devices manufactured by Altera and sold by 
Altera or its authorized distributors.  Please refer to the 
applicable agreement for further details.



+----------------------------------------------------------------------------------------+
; TimeQuest Timing Analyzer Summary                                                      ;
+--------------------+-------------------------------------------------------------------+
; Quartus II Version ; Version 13.0.1 Build 232 06/12/2013 Service Pack 1 SJ Web Edition ;
; Revision Name      ; ula                                                               ;
; Device Family      ; Cyclone II                                                        ;
; Device Name        ; EP2C35F672C6                                                      ;
; Timing Models      ; Final                                                             ;
; Delay Model        ; Combined                                                          ;
; Rise/Fall Delays   ; Unavailable                                                       ;
+--------------------+-------------------------------------------------------------------+


Parallel compilation was disabled, but you have multiple processors available. Enable parallel compilation to reduce compilation time.
+-------------------------------------+
; Parallel Compilation                ;
+----------------------------+--------+
; Processors                 ; Number ;
+----------------------------+--------+
; Number detected on machine ; 4      ;
; Maximum allowed            ; 1      ;
+----------------------------+--------+


----------
; Clocks ;
----------
No clocks to report.


---------------------------
; Slow Model Fmax Summary ;
---------------------------
No paths to report.


----------------------------
; Slow Model Setup Summary ;
----------------------------
No paths to report.


---------------------------
; Slow Model Hold Summary ;
---------------------------
No paths to report.


-------------------------------
; Slow Model Recovery Summary ;
-------------------------------
No paths to report.


------------------------------
; Slow Model Removal Summary ;
------------------------------
No paths to report.


------------------------------------------
; Slow Model Minimum Pulse Width Summary ;
------------------------------------------
No paths to report.


+---------------------------------------------------------------+
; Propagation Delay                                             ;
+-------------+-------------+--------+--------+--------+--------+
; Input Port  ; Output Port ; RR     ; RF     ; FR     ; FF     ;
+-------------+-------------+--------+--------+--------+--------+
; a[0]        ; n           ; 10.588 ; 10.588 ; 10.588 ; 10.588 ;
; a[0]        ; seg7[0]     ; 9.431  ; 9.431  ; 9.431  ; 9.431  ;
; a[0]        ; seg7[1]     ; 9.424  ; 9.424  ; 9.424  ; 9.424  ;
; a[0]        ; seg7[2]     ; 9.465  ; 9.465  ; 9.465  ; 9.465  ;
; a[0]        ; seg7[3]     ; 9.415  ; 9.415  ; 9.415  ; 9.415  ;
; a[0]        ; seg7[4]     ; 9.687  ; 9.687  ; 9.687  ; 9.687  ;
; a[0]        ; seg7[5]     ; 9.650  ; 9.650  ; 9.650  ; 9.650  ;
; a[0]        ; seg7[6]     ; 9.676  ; 9.676  ; 9.676  ; 9.676  ;
; a[0]        ; seg7[7]     ; 10.667 ; 10.667 ; 10.667 ; 10.667 ;
; a[0]        ; v           ; 11.374 ; 11.374 ; 11.374 ; 11.374 ;
; a[0]        ; z           ; 10.373 ; 10.373 ; 10.373 ; 10.373 ;
; a[1]        ; n           ; 11.717 ; 11.717 ; 11.717 ; 11.717 ;
; a[1]        ; seg7[0]     ; 10.561 ; 10.561 ; 10.561 ; 10.561 ;
; a[1]        ; seg7[1]     ; 10.553 ; 10.553 ; 10.553 ; 10.553 ;
; a[1]        ; seg7[2]     ; 10.595 ; 10.595 ; 10.595 ; 10.595 ;
; a[1]        ; seg7[3]     ; 10.545 ; 10.545 ; 10.545 ; 10.545 ;
; a[1]        ; seg7[4]     ; 10.816 ; 10.816 ; 10.816 ; 10.816 ;
; a[1]        ; seg7[5]     ; 10.779 ; 10.779 ; 10.779 ; 10.779 ;
; a[1]        ; seg7[6]     ; 10.806 ; 10.806 ; 10.806 ; 10.806 ;
; a[1]        ; seg7[7]     ; 11.796 ; 11.796 ; 11.796 ; 11.796 ;
; a[1]        ; v           ; 12.504 ; 12.504 ; 12.504 ; 12.504 ;
; a[1]        ; z           ; 11.502 ; 11.502 ; 11.502 ; 11.502 ;
; a[2]        ; n           ; 10.780 ; 10.780 ; 10.780 ; 10.780 ;
; a[2]        ; seg7[0]     ; 10.045 ; 10.045 ; 10.045 ; 10.045 ;
; a[2]        ; seg7[1]     ; 10.036 ; 10.036 ; 10.036 ; 10.036 ;
; a[2]        ; seg7[2]     ; 10.079 ; 10.079 ; 10.079 ; 10.079 ;
; a[2]        ; seg7[3]     ; 10.029 ; 10.029 ; 10.029 ; 10.029 ;
; a[2]        ; seg7[4]     ; 10.290 ; 10.290 ; 10.290 ; 10.290 ;
; a[2]        ; seg7[5]     ; 10.248 ; 10.248 ; 10.248 ; 10.248 ;
; a[2]        ; seg7[6]     ; 10.290 ; 10.290 ; 10.290 ; 10.290 ;
; a[2]        ; seg7[7]     ; 10.859 ; 10.859 ; 10.859 ; 10.859 ;
; a[2]        ; v           ; 10.878 ; 10.878 ; 10.878 ; 10.878 ;
; a[2]        ; z           ; 10.972 ; 10.972 ; 10.972 ; 10.972 ;
; a[3]        ; n           ; 11.631 ; 11.631 ; 11.631 ; 11.631 ;
; a[3]        ; seg7[0]     ; 10.468 ; 10.468 ; 10.468 ; 10.468 ;
; a[3]        ; seg7[1]     ; 10.467 ; 10.467 ; 10.467 ; 10.467 ;
; a[3]        ; seg7[2]     ; 10.357 ; 10.357 ; 10.357 ; 10.357 ;
; a[3]        ; seg7[3]     ; 10.307 ; 10.307 ; 10.307 ; 10.307 ;
; a[3]        ; seg7[4]     ; 10.730 ; 10.730 ; 10.730 ; 10.730 ;
; a[3]        ; seg7[5]     ; 10.693 ; 10.693 ; 10.693 ; 10.693 ;
; a[3]        ; seg7[6]     ; 10.716 ; 10.716 ; 10.716 ; 10.716 ;
; a[3]        ; seg7[7]     ; 11.710 ; 11.710 ; 11.710 ; 11.710 ;
; a[3]        ; v           ; 10.236 ; 10.236 ; 10.236 ; 10.236 ;
; a[3]        ; z           ; 11.416 ; 11.416 ; 11.416 ; 11.416 ;
; b[0]        ; n           ; 11.793 ; 11.793 ; 11.793 ; 11.793 ;
; b[0]        ; seg7[0]     ; 10.638 ; 10.638 ; 10.638 ; 10.638 ;
; b[0]        ; seg7[1]     ; 10.629 ; 10.629 ; 10.629 ; 10.629 ;
; b[0]        ; seg7[2]     ; 10.672 ; 10.672 ; 10.672 ; 10.672 ;
; b[0]        ; seg7[3]     ; 10.622 ; 10.622 ; 10.622 ; 10.622 ;
; b[0]        ; seg7[4]     ; 10.892 ; 10.892 ; 10.892 ; 10.892 ;
; b[0]        ; seg7[5]     ; 10.855 ; 10.855 ; 10.855 ; 10.855 ;
; b[0]        ; seg7[6]     ; 10.883 ; 10.883 ; 10.883 ; 10.883 ;
; b[0]        ; seg7[7]     ; 11.872 ; 11.872 ; 11.872 ; 11.872 ;
; b[0]        ; v           ; 12.581 ; 12.581 ; 12.581 ; 12.581 ;
; b[0]        ; z           ; 11.578 ; 11.578 ; 11.578 ; 11.578 ;
; b[1]        ; n           ; 10.266 ; 10.266 ; 10.266 ; 10.266 ;
; b[1]        ; seg7[0]     ; 9.108  ; 9.108  ; 9.108  ; 9.108  ;
; b[1]        ; seg7[1]     ; 9.102  ; 9.102  ; 9.102  ; 9.102  ;
; b[1]        ; seg7[2]     ; 9.142  ; 9.142  ; 9.142  ; 9.142  ;
; b[1]        ; seg7[3]     ; 9.092  ; 9.092  ; 9.092  ; 9.092  ;
; b[1]        ; seg7[4]     ; 9.365  ; 9.365  ; 9.365  ; 9.365  ;
; b[1]        ; seg7[5]     ; 9.328  ; 9.328  ; 9.328  ; 9.328  ;
; b[1]        ; seg7[6]     ; 9.353  ; 9.353  ; 9.353  ; 9.353  ;
; b[1]        ; seg7[7]     ; 10.345 ; 10.345 ; 10.345 ; 10.345 ;
; b[1]        ; v           ; 11.051 ; 11.051 ; 11.051 ; 11.051 ;
; b[1]        ; z           ; 10.051 ; 10.051 ; 10.051 ; 10.051 ;
; b[2]        ; n           ; 9.587  ; 9.587  ; 9.587  ; 9.587  ;
; b[2]        ; seg7[0]     ; 8.424  ; 8.424  ; 8.424  ; 8.424  ;
; b[2]        ; seg7[1]     ; 8.423  ; 8.423  ; 8.423  ; 8.423  ;
; b[2]        ; seg7[2]     ; 8.395  ; 8.395  ; 8.395  ; 8.395  ;
; b[2]        ; seg7[3]     ; 8.345  ; 8.345  ; 8.345  ; 8.345  ;
; b[2]        ; seg7[4]     ; 8.686  ; 8.686  ; 8.686  ; 8.686  ;
; b[2]        ; seg7[5]     ; 8.649  ; 8.649  ; 8.649  ; 8.649  ;
; b[2]        ; seg7[6]     ; 8.672  ; 8.672  ; 8.672  ; 8.672  ;
; b[2]        ; seg7[7]     ; 9.666  ; 9.666  ; 9.666  ; 9.666  ;
; b[2]        ; v           ; 9.687  ; 9.687  ; 9.687  ; 9.687  ;
; b[2]        ; z           ; 9.372  ; 9.372  ; 9.372  ; 9.372  ;
; b[3]        ; n           ; 10.223 ; 10.223 ; 10.223 ; 10.223 ;
; b[3]        ; seg7[0]     ; 9.060  ; 9.060  ; 9.060  ; 9.060  ;
; b[3]        ; seg7[1]     ; 9.059  ; 9.059  ; 9.059  ; 9.059  ;
; b[3]        ; seg7[2]     ; 8.669  ; 8.669  ; 8.669  ; 8.669  ;
; b[3]        ; seg7[3]     ; 8.619  ; 8.619  ; 8.619  ; 8.619  ;
; b[3]        ; seg7[4]     ; 9.322  ; 9.322  ; 9.322  ; 9.322  ;
; b[3]        ; seg7[5]     ; 9.285  ; 9.285  ; 9.285  ; 9.285  ;
; b[3]        ; seg7[6]     ; 9.308  ; 9.308  ; 9.308  ; 9.308  ;
; b[3]        ; seg7[7]     ; 10.302 ; 10.302 ; 10.302 ; 10.302 ;
; b[3]        ; v           ; 8.562  ; 8.562  ; 8.562  ; 8.562  ;
; b[3]        ; z           ; 10.008 ; 10.008 ; 10.008 ; 10.008 ;
; sinalMUX[0] ; n           ; 14.887 ; 14.887 ; 14.887 ; 14.887 ;
; sinalMUX[0] ; seg7[0]     ; 14.413 ; 14.413 ; 14.413 ; 14.413 ;
; sinalMUX[0] ; seg7[1]     ; 14.404 ; 14.404 ; 14.404 ; 14.404 ;
; sinalMUX[0] ; seg7[2]     ; 14.447 ; 14.447 ; 14.447 ; 14.447 ;
; sinalMUX[0] ; seg7[3]     ; 14.397 ; 14.397 ; 14.397 ; 14.397 ;
; sinalMUX[0] ; seg7[4]     ; 14.658 ; 14.658 ; 14.658 ; 14.658 ;
; sinalMUX[0] ; seg7[5]     ; 14.616 ; 14.616 ; 14.616 ; 14.616 ;
; sinalMUX[0] ; seg7[6]     ; 14.658 ; 14.658 ; 14.658 ; 14.658 ;
; sinalMUX[0] ; seg7[7]     ; 14.966 ; 14.966 ; 14.966 ; 14.966 ;
; sinalMUX[0] ; v           ; 15.753 ; 15.753 ; 15.753 ; 15.753 ;
; sinalMUX[0] ; z           ; 15.340 ; 15.340 ; 15.340 ; 15.340 ;
; sinalMUX[1] ; n           ; 13.714 ; 13.714 ; 13.714 ; 13.714 ;
; sinalMUX[1] ; seg7[0]     ; 13.462 ; 13.462 ; 13.462 ; 13.462 ;
; sinalMUX[1] ; seg7[1]     ; 13.453 ; 13.453 ; 13.453 ; 13.453 ;
; sinalMUX[1] ; seg7[2]     ; 13.496 ; 13.496 ; 13.496 ; 13.496 ;
; sinalMUX[1] ; seg7[3]     ; 13.446 ; 13.446 ; 13.446 ; 13.446 ;
; sinalMUX[1] ; seg7[4]     ; 13.707 ; 13.707 ; 13.707 ; 13.707 ;
; sinalMUX[1] ; seg7[5]     ; 13.665 ; 13.665 ; 13.665 ; 13.665 ;
; sinalMUX[1] ; seg7[6]     ; 13.707 ; 13.707 ; 13.707 ; 13.707 ;
; sinalMUX[1] ; seg7[7]     ; 13.793 ; 13.793 ; 13.793 ; 13.793 ;
; sinalMUX[1] ; v           ; 14.007 ; 14.007 ; 14.007 ; 14.007 ;
; sinalMUX[1] ; z           ; 14.389 ; 14.389 ; 14.389 ; 14.389 ;
; sinalMUX[2] ; n           ; 14.500 ; 14.500 ; 14.500 ; 14.500 ;
; sinalMUX[2] ; seg7[0]     ; 14.227 ; 14.227 ; 14.227 ; 14.227 ;
; sinalMUX[2] ; seg7[1]     ; 14.227 ; 14.227 ; 14.227 ; 14.227 ;
; sinalMUX[2] ; seg7[2]     ; 14.251 ; 14.251 ; 14.251 ; 14.251 ;
; sinalMUX[2] ; seg7[3]     ; 14.207 ; 14.207 ; 14.207 ; 14.207 ;
; sinalMUX[2] ; seg7[4]     ; 14.491 ; 14.491 ; 14.491 ; 14.491 ;
; sinalMUX[2] ; seg7[5]     ; 14.455 ; 14.455 ; 14.455 ; 14.455 ;
; sinalMUX[2] ; seg7[6]     ; 14.447 ; 14.447 ; 14.447 ; 14.447 ;
; sinalMUX[2] ; seg7[7]     ; 14.579 ; 14.579 ; 14.579 ; 14.579 ;
; sinalMUX[2] ; v           ; 13.118 ; 13.118 ; 13.118 ; 13.118 ;
; sinalMUX[2] ; z           ; 15.139 ; 15.139 ; 15.139 ; 15.139 ;
; sinalMUX[3] ; n           ; 14.051 ; 14.051 ; 14.051 ; 14.051 ;
; sinalMUX[3] ; seg7[0]     ; 14.064 ; 14.064 ; 14.064 ; 14.064 ;
; sinalMUX[3] ; seg7[1]     ; 14.055 ; 14.055 ; 14.055 ; 14.055 ;
; sinalMUX[3] ; seg7[2]     ; 14.098 ; 14.098 ; 14.098 ; 14.098 ;
; sinalMUX[3] ; seg7[3]     ; 14.048 ; 14.048 ; 14.048 ; 14.048 ;
; sinalMUX[3] ; seg7[4]     ; 14.309 ; 14.309 ; 14.309 ; 14.309 ;
; sinalMUX[3] ; seg7[5]     ; 14.267 ; 14.267 ; 14.267 ; 14.267 ;
; sinalMUX[3] ; seg7[6]     ; 14.309 ; 14.309 ; 14.309 ; 14.309 ;
; sinalMUX[3] ; seg7[7]     ; 14.130 ; 14.130 ; 14.130 ; 14.130 ;
; sinalMUX[3] ; v           ;        ; 11.977 ; 11.977 ;        ;
; sinalMUX[3] ; z           ; 14.991 ; 14.991 ; 14.991 ; 14.991 ;
+-------------+-------------+--------+--------+--------+--------+


+---------------------------------------------------------------+
; Minimum Propagation Delay                                     ;
+-------------+-------------+--------+--------+--------+--------+
; Input Port  ; Output Port ; RR     ; RF     ; FR     ; FF     ;
+-------------+-------------+--------+--------+--------+--------+
; a[0]        ; n           ; 8.595  ; 8.595  ; 8.595  ; 8.595  ;
; a[0]        ; seg7[0]     ; 6.929  ; 6.929  ; 6.929  ; 6.929  ;
; a[0]        ; seg7[1]     ; 6.919  ; 6.919  ; 6.919  ; 6.919  ;
; a[0]        ; seg7[2]     ; 6.691  ; 6.691  ; 6.691  ; 6.691  ;
; a[0]        ; seg7[3]     ; 6.639  ; 6.639  ; 6.639  ; 6.639  ;
; a[0]        ; seg7[4]     ; 7.130  ; 7.130  ; 7.130  ; 7.130  ;
; a[0]        ; seg7[5]     ; 7.128  ; 7.128  ; 7.128  ; 7.128  ;
; a[0]        ; seg7[6]     ; 7.170  ; 7.170  ; 7.170  ; 7.170  ;
; a[0]        ; seg7[7]     ; 8.674  ; 8.674  ; 8.674  ; 8.674  ;
; a[0]        ; v           ; 7.333  ; 8.001  ; 8.001  ; 7.333  ;
; a[0]        ; z           ; 7.808  ; 7.808  ; 7.808  ; 7.808  ;
; a[1]        ; n           ; 10.077 ; 10.077 ; 10.077 ; 10.077 ;
; a[1]        ; seg7[0]     ; 8.751  ; 8.751  ; 8.751  ; 8.751  ;
; a[1]        ; seg7[1]     ; 8.751  ; 8.751  ; 8.751  ; 8.751  ;
; a[1]        ; seg7[2]     ; 8.775  ; 8.775  ; 8.775  ; 8.775  ;
; a[1]        ; seg7[3]     ; 8.731  ; 8.731  ; 8.731  ; 8.731  ;
; a[1]        ; seg7[4]     ; 9.015  ; 9.015  ; 9.015  ; 9.015  ;
; a[1]        ; seg7[5]     ; 8.979  ; 8.979  ; 8.979  ; 8.979  ;
; a[1]        ; seg7[6]     ; 8.971  ; 8.971  ; 8.971  ; 8.971  ;
; a[1]        ; seg7[7]     ; 10.156 ; 10.156 ; 10.156 ; 10.156 ;
; a[1]        ; v           ; 8.818  ; 11.627 ; 11.627 ; 8.818  ;
; a[1]        ; z           ; 9.663  ; 9.663  ; 9.663  ; 9.663  ;
; a[2]        ; n           ; 10.447 ; 10.447 ; 10.447 ; 10.447 ;
; a[2]        ; seg7[0]     ; 8.847  ; 8.847  ; 8.847  ; 8.847  ;
; a[2]        ; seg7[1]     ; 8.838  ; 8.838  ; 8.838  ; 8.838  ;
; a[2]        ; seg7[2]     ; 8.881  ; 8.881  ; 8.881  ; 8.881  ;
; a[2]        ; seg7[3]     ; 8.831  ; 8.831  ; 8.831  ; 8.831  ;
; a[2]        ; seg7[4]     ; 9.092  ; 9.092  ; 9.092  ; 9.092  ;
; a[2]        ; seg7[5]     ; 9.050  ; 9.050  ; 9.050  ; 9.050  ;
; a[2]        ; seg7[6]     ; 9.092  ; 9.092  ; 9.092  ; 9.092  ;
; a[2]        ; seg7[7]     ; 10.526 ; 10.526 ; 10.526 ; 10.526 ;
; a[2]        ; v           ; 9.049  ; 9.049  ; 9.049  ; 9.049  ;
; a[2]        ; z           ; 9.774  ; 9.774  ; 9.774  ; 9.774  ;
; a[3]        ; n           ; 10.081 ; 10.081 ; 10.081 ; 10.081 ;
; a[3]        ; seg7[0]     ; 8.918  ; 8.918  ; 8.918  ; 8.918  ;
; a[3]        ; seg7[1]     ; 8.917  ; 8.917  ; 8.917  ; 8.917  ;
; a[3]        ; seg7[2]     ; 10.357 ; 10.357 ; 10.357 ; 10.357 ;
; a[3]        ; seg7[3]     ; 10.307 ; 10.307 ; 10.307 ; 10.307 ;
; a[3]        ; seg7[4]     ; 9.180  ; 9.180  ; 9.180  ; 9.180  ;
; a[3]        ; seg7[5]     ; 9.143  ; 9.143  ; 9.143  ; 9.143  ;
; a[3]        ; seg7[6]     ; 9.166  ; 9.166  ; 9.166  ; 9.166  ;
; a[3]        ; seg7[7]     ; 10.160 ; 10.160 ; 10.160 ; 10.160 ;
; a[3]        ; v           ; 9.552  ; 9.422  ; 9.422  ; 9.552  ;
; a[3]        ; z           ; 9.866  ; 9.866  ; 9.866  ; 9.866  ;
; b[0]        ; n           ; 10.101 ; 10.101 ; 10.101 ; 10.101 ;
; b[0]        ; seg7[0]     ; 8.378  ; 8.378  ; 8.378  ; 8.378  ;
; b[0]        ; seg7[1]     ; 8.368  ; 8.368  ; 8.368  ; 8.368  ;
; b[0]        ; seg7[2]     ; 8.140  ; 8.140  ; 8.140  ; 8.140  ;
; b[0]        ; seg7[3]     ; 8.088  ; 8.088  ; 8.088  ; 8.088  ;
; b[0]        ; seg7[4]     ; 8.579  ; 8.579  ; 8.579  ; 8.579  ;
; b[0]        ; seg7[5]     ; 8.577  ; 8.577  ; 8.577  ; 8.577  ;
; b[0]        ; seg7[6]     ; 8.619  ; 8.619  ; 8.619  ; 8.619  ;
; b[0]        ; seg7[7]     ; 10.180 ; 10.180 ; 10.180 ; 10.180 ;
; b[0]        ; v           ; 9.245  ; 9.818  ; 9.818  ; 9.245  ;
; b[0]        ; z           ; 9.257  ; 9.257  ; 9.257  ; 9.257  ;
; b[1]        ; n           ; 8.381  ; 8.381  ; 8.381  ; 8.381  ;
; b[1]        ; seg7[0]     ; 7.218  ; 7.218  ; 7.218  ; 7.218  ;
; b[1]        ; seg7[1]     ; 7.217  ; 7.217  ; 7.217  ; 7.217  ;
; b[1]        ; seg7[2]     ; 7.738  ; 7.738  ; 7.738  ; 7.738  ;
; b[1]        ; seg7[3]     ; 7.688  ; 7.688  ; 7.688  ; 7.688  ;
; b[1]        ; seg7[4]     ; 7.480  ; 7.480  ; 7.480  ; 7.480  ;
; b[1]        ; seg7[5]     ; 7.443  ; 7.443  ; 7.443  ; 7.443  ;
; b[1]        ; seg7[6]     ; 7.466  ; 7.466  ; 7.466  ; 7.466  ;
; b[1]        ; seg7[7]     ; 8.460  ; 8.460  ; 8.460  ; 8.460  ;
; b[1]        ; v           ; 7.541  ; 10.176 ; 10.176 ; 7.541  ;
; b[1]        ; z           ; 8.166  ; 8.166  ; 8.166  ; 8.166  ;
; b[2]        ; n           ; 8.302  ; 8.302  ; 8.302  ; 8.302  ;
; b[2]        ; seg7[0]     ; 7.139  ; 7.139  ; 7.139  ; 7.139  ;
; b[2]        ; seg7[1]     ; 7.138  ; 7.138  ; 7.138  ; 7.138  ;
; b[2]        ; seg7[2]     ; 7.908  ; 7.908  ; 7.908  ; 7.908  ;
; b[2]        ; seg7[3]     ; 7.858  ; 7.858  ; 7.858  ; 7.858  ;
; b[2]        ; seg7[4]     ; 7.401  ; 7.401  ; 7.401  ; 7.401  ;
; b[2]        ; seg7[5]     ; 7.364  ; 7.364  ; 7.364  ; 7.364  ;
; b[2]        ; seg7[6]     ; 7.387  ; 7.387  ; 7.387  ; 7.387  ;
; b[2]        ; seg7[7]     ; 8.381  ; 8.381  ; 8.381  ; 8.381  ;
; b[2]        ; v           ; 7.460  ; 7.767  ; 7.767  ; 7.460  ;
; b[2]        ; z           ; 8.087  ; 8.087  ; 8.087  ; 8.087  ;
; b[3]        ; n           ; 8.320  ; 8.320  ; 8.320  ; 8.320  ;
; b[3]        ; seg7[0]     ; 7.157  ; 7.157  ; 7.157  ; 7.157  ;
; b[3]        ; seg7[1]     ; 7.156  ; 7.156  ; 7.156  ; 7.156  ;
; b[3]        ; seg7[2]     ; 8.669  ; 8.669  ; 8.669  ; 8.669  ;
; b[3]        ; seg7[3]     ; 8.619  ; 8.619  ; 8.619  ; 8.619  ;
; b[3]        ; seg7[4]     ; 7.419  ; 7.419  ; 7.419  ; 7.419  ;
; b[3]        ; seg7[5]     ; 7.382  ; 7.382  ; 7.382  ; 7.382  ;
; b[3]        ; seg7[6]     ; 7.405  ; 7.405  ; 7.405  ; 7.405  ;
; b[3]        ; seg7[7]     ; 8.399  ; 8.399  ; 8.399  ; 8.399  ;
; b[3]        ; v           ; 7.495  ; 7.495  ; 7.495  ; 7.495  ;
; b[3]        ; z           ; 8.105  ; 8.105  ; 8.105  ; 8.105  ;
; sinalMUX[0] ; n           ; 13.194 ; 13.194 ; 13.194 ; 13.194 ;
; sinalMUX[0] ; seg7[0]     ; 12.031 ; 12.031 ; 12.031 ; 12.031 ;
; sinalMUX[0] ; seg7[1]     ; 12.030 ; 12.030 ; 12.030 ; 12.030 ;
; sinalMUX[0] ; seg7[2]     ; 12.137 ; 12.137 ; 12.137 ; 12.137 ;
; sinalMUX[0] ; seg7[3]     ; 12.085 ; 12.085 ; 12.085 ; 12.085 ;
; sinalMUX[0] ; seg7[4]     ; 12.293 ; 12.293 ; 12.293 ; 12.293 ;
; sinalMUX[0] ; seg7[5]     ; 12.256 ; 12.256 ; 12.256 ; 12.256 ;
; sinalMUX[0] ; seg7[6]     ; 12.279 ; 12.279 ; 12.279 ; 12.279 ;
; sinalMUX[0] ; seg7[7]     ; 13.273 ; 13.273 ; 13.273 ; 13.273 ;
; sinalMUX[0] ; v           ; 12.686 ; 12.686 ; 12.686 ; 12.686 ;
; sinalMUX[0] ; z           ; 12.979 ; 12.979 ; 12.979 ; 12.979 ;
; sinalMUX[1] ; n           ; 12.588 ; 12.588 ; 12.588 ; 12.588 ;
; sinalMUX[1] ; seg7[0]     ; 11.425 ; 11.425 ; 11.425 ; 11.425 ;
; sinalMUX[1] ; seg7[1]     ; 11.424 ; 11.424 ; 11.424 ; 11.424 ;
; sinalMUX[1] ; seg7[2]     ; 11.470 ; 11.470 ; 11.470 ; 11.470 ;
; sinalMUX[1] ; seg7[3]     ; 11.418 ; 11.418 ; 11.418 ; 11.418 ;
; sinalMUX[1] ; seg7[4]     ; 11.687 ; 11.687 ; 11.687 ; 11.687 ;
; sinalMUX[1] ; seg7[5]     ; 11.650 ; 11.650 ; 11.650 ; 11.650 ;
; sinalMUX[1] ; seg7[6]     ; 11.673 ; 11.673 ; 11.673 ; 11.673 ;
; sinalMUX[1] ; seg7[7]     ; 12.667 ; 12.667 ; 12.667 ; 12.667 ;
; sinalMUX[1] ; v           ; 11.830 ; 11.830 ; 11.830 ; 11.830 ;
; sinalMUX[1] ; z           ; 12.373 ; 12.373 ; 12.373 ; 12.373 ;
; sinalMUX[2] ; n           ; 13.123 ; 13.123 ; 13.123 ; 13.123 ;
; sinalMUX[2] ; seg7[0]     ; 11.960 ; 11.960 ; 11.960 ; 11.960 ;
; sinalMUX[2] ; seg7[1]     ; 11.959 ; 11.959 ; 11.959 ; 11.959 ;
; sinalMUX[2] ; seg7[2]     ; 12.046 ; 12.046 ; 12.046 ; 12.046 ;
; sinalMUX[2] ; seg7[3]     ; 11.994 ; 11.994 ; 11.994 ; 11.994 ;
; sinalMUX[2] ; seg7[4]     ; 12.222 ; 12.222 ; 12.222 ; 12.222 ;
; sinalMUX[2] ; seg7[5]     ; 12.185 ; 12.185 ; 12.185 ; 12.185 ;
; sinalMUX[2] ; seg7[6]     ; 12.208 ; 12.208 ; 12.208 ; 12.208 ;
; sinalMUX[2] ; seg7[7]     ; 13.202 ; 13.202 ; 13.202 ; 13.202 ;
; sinalMUX[2] ; v           ; 11.622 ; 11.622 ; 11.622 ; 11.622 ;
; sinalMUX[2] ; z           ; 12.908 ; 12.908 ; 12.908 ; 12.908 ;
; sinalMUX[3] ; n           ; 14.051 ; 14.051 ; 14.051 ; 14.051 ;
; sinalMUX[3] ; seg7[0]     ; 12.152 ; 12.292 ; 12.292 ; 12.152 ;
; sinalMUX[3] ; seg7[1]     ; 12.142 ; 12.282 ; 12.282 ; 12.142 ;
; sinalMUX[3] ; seg7[2]     ; 11.914 ; 12.054 ; 12.054 ; 11.914 ;
; sinalMUX[3] ; seg7[3]     ; 11.862 ; 11.862 ; 11.862 ; 11.862 ;
; sinalMUX[3] ; seg7[4]     ; 12.493 ; 12.353 ; 12.353 ; 12.493 ;
; sinalMUX[3] ; seg7[5]     ; 12.351 ; 12.351 ; 12.351 ; 12.351 ;
; sinalMUX[3] ; seg7[6]     ; 12.393 ; 12.393 ; 12.393 ; 12.393 ;
; sinalMUX[3] ; seg7[7]     ; 14.130 ; 14.130 ; 14.130 ; 14.130 ;
; sinalMUX[3] ; v           ;        ; 11.977 ; 11.977 ;        ;
; sinalMUX[3] ; z           ; 13.171 ; 13.031 ; 13.031 ; 13.171 ;
+-------------+-------------+--------+--------+--------+--------+


----------------------------
; Fast Model Setup Summary ;
----------------------------
No paths to report.


---------------------------
; Fast Model Hold Summary ;
---------------------------
No paths to report.


-------------------------------
; Fast Model Recovery Summary ;
-------------------------------
No paths to report.


------------------------------
; Fast Model Removal Summary ;
------------------------------
No paths to report.


------------------------------------------
; Fast Model Minimum Pulse Width Summary ;
------------------------------------------
No paths to report.


+-----------------------------------------------------------+
; Propagation Delay                                         ;
+-------------+-------------+-------+-------+-------+-------+
; Input Port  ; Output Port ; RR    ; RF    ; FR    ; FF    ;
+-------------+-------------+-------+-------+-------+-------+
; a[0]        ; n           ; 5.180 ; 5.180 ; 5.180 ; 5.180 ;
; a[0]        ; seg7[0]     ; 4.657 ; 4.657 ; 4.657 ; 4.657 ;
; a[0]        ; seg7[1]     ; 4.653 ; 4.653 ; 4.653 ; 4.653 ;
; a[0]        ; seg7[2]     ; 4.680 ; 4.680 ; 4.680 ; 4.680 ;
; a[0]        ; seg7[3]     ; 4.649 ; 4.649 ; 4.649 ; 4.649 ;
; a[0]        ; seg7[4]     ; 4.775 ; 4.775 ; 4.775 ; 4.775 ;
; a[0]        ; seg7[5]     ; 4.748 ; 4.748 ; 4.748 ; 4.748 ;
; a[0]        ; seg7[6]     ; 4.779 ; 4.779 ; 4.779 ; 4.779 ;
; a[0]        ; seg7[7]     ; 5.155 ; 5.155 ; 5.155 ; 5.155 ;
; a[0]        ; v           ; 5.542 ; 5.542 ; 5.542 ; 5.542 ;
; a[0]        ; z           ; 5.137 ; 5.137 ; 5.137 ; 5.137 ;
; a[1]        ; n           ; 5.756 ; 5.756 ; 5.756 ; 5.756 ;
; a[1]        ; seg7[0]     ; 5.226 ; 5.226 ; 5.226 ; 5.226 ;
; a[1]        ; seg7[1]     ; 5.229 ; 5.229 ; 5.229 ; 5.229 ;
; a[1]        ; seg7[2]     ; 5.249 ; 5.249 ; 5.249 ; 5.249 ;
; a[1]        ; seg7[3]     ; 5.218 ; 5.218 ; 5.218 ; 5.218 ;
; a[1]        ; seg7[4]     ; 5.351 ; 5.351 ; 5.351 ; 5.351 ;
; a[1]        ; seg7[5]     ; 5.324 ; 5.324 ; 5.324 ; 5.324 ;
; a[1]        ; seg7[6]     ; 5.349 ; 5.349 ; 5.349 ; 5.349 ;
; a[1]        ; seg7[7]     ; 5.731 ; 5.731 ; 5.731 ; 5.731 ;
; a[1]        ; v           ; 6.111 ; 6.111 ; 6.111 ; 6.111 ;
; a[1]        ; z           ; 5.713 ; 5.713 ; 5.713 ; 5.713 ;
; a[2]        ; n           ; 5.362 ; 5.362 ; 5.362 ; 5.362 ;
; a[2]        ; seg7[0]     ; 5.016 ; 5.016 ; 5.016 ; 5.016 ;
; a[2]        ; seg7[1]     ; 5.010 ; 5.010 ; 5.010 ; 5.010 ;
; a[2]        ; seg7[2]     ; 5.039 ; 5.039 ; 5.039 ; 5.039 ;
; a[2]        ; seg7[3]     ; 5.008 ; 5.008 ; 5.008 ; 5.008 ;
; a[2]        ; seg7[4]     ; 5.129 ; 5.129 ; 5.129 ; 5.129 ;
; a[2]        ; seg7[5]     ; 5.094 ; 5.094 ; 5.094 ; 5.094 ;
; a[2]        ; seg7[6]     ; 5.138 ; 5.138 ; 5.138 ; 5.138 ;
; a[2]        ; seg7[7]     ; 5.337 ; 5.337 ; 5.337 ; 5.337 ;
; a[2]        ; v           ; 5.431 ; 5.431 ; 5.431 ; 5.431 ;
; a[2]        ; z           ; 5.485 ; 5.485 ; 5.485 ; 5.485 ;
; a[3]        ; n           ; 5.727 ; 5.727 ; 5.727 ; 5.727 ;
; a[3]        ; seg7[0]     ; 5.197 ; 5.197 ; 5.197 ; 5.197 ;
; a[3]        ; seg7[1]     ; 5.200 ; 5.200 ; 5.200 ; 5.200 ;
; a[3]        ; seg7[2]     ; 5.171 ; 5.171 ; 5.171 ; 5.171 ;
; a[3]        ; seg7[3]     ; 5.140 ; 5.140 ; 5.140 ; 5.140 ;
; a[3]        ; seg7[4]     ; 5.322 ; 5.322 ; 5.322 ; 5.322 ;
; a[3]        ; seg7[5]     ; 5.295 ; 5.295 ; 5.295 ; 5.295 ;
; a[3]        ; seg7[6]     ; 5.320 ; 5.320 ; 5.320 ; 5.320 ;
; a[3]        ; seg7[7]     ; 5.702 ; 5.702 ; 5.702 ; 5.702 ;
; a[3]        ; v           ; 5.180 ; 5.180 ; 5.180 ; 5.180 ;
; a[3]        ; z           ; 5.684 ; 5.684 ; 5.684 ; 5.684 ;
; b[0]        ; n           ; 5.867 ; 5.867 ; 5.867 ; 5.867 ;
; b[0]        ; seg7[0]     ; 5.343 ; 5.343 ; 5.343 ; 5.343 ;
; b[0]        ; seg7[1]     ; 5.340 ; 5.340 ; 5.340 ; 5.340 ;
; b[0]        ; seg7[2]     ; 5.366 ; 5.366 ; 5.366 ; 5.366 ;
; b[0]        ; seg7[3]     ; 5.335 ; 5.335 ; 5.335 ; 5.335 ;
; b[0]        ; seg7[4]     ; 5.462 ; 5.462 ; 5.462 ; 5.462 ;
; b[0]        ; seg7[5]     ; 5.435 ; 5.435 ; 5.435 ; 5.435 ;
; b[0]        ; seg7[6]     ; 5.465 ; 5.465 ; 5.465 ; 5.465 ;
; b[0]        ; seg7[7]     ; 5.842 ; 5.842 ; 5.842 ; 5.842 ;
; b[0]        ; v           ; 6.228 ; 6.228 ; 6.228 ; 6.228 ;
; b[0]        ; z           ; 5.824 ; 5.824 ; 5.824 ; 5.824 ;
; b[1]        ; n           ; 5.027 ; 5.027 ; 5.027 ; 5.027 ;
; b[1]        ; seg7[0]     ; 4.501 ; 4.501 ; 4.501 ; 4.501 ;
; b[1]        ; seg7[1]     ; 4.500 ; 4.500 ; 4.500 ; 4.500 ;
; b[1]        ; seg7[2]     ; 4.524 ; 4.524 ; 4.524 ; 4.524 ;
; b[1]        ; seg7[3]     ; 4.493 ; 4.493 ; 4.493 ; 4.493 ;
; b[1]        ; seg7[4]     ; 4.622 ; 4.622 ; 4.622 ; 4.622 ;
; b[1]        ; seg7[5]     ; 4.595 ; 4.595 ; 4.595 ; 4.595 ;
; b[1]        ; seg7[6]     ; 4.623 ; 4.623 ; 4.623 ; 4.623 ;
; b[1]        ; seg7[7]     ; 5.002 ; 5.002 ; 5.002 ; 5.002 ;
; b[1]        ; v           ; 5.386 ; 5.386 ; 5.386 ; 5.386 ;
; b[1]        ; z           ; 4.984 ; 4.984 ; 4.984 ; 4.984 ;
; b[2]        ; n           ; 4.694 ; 4.694 ; 4.694 ; 4.694 ;
; b[2]        ; seg7[0]     ; 4.164 ; 4.164 ; 4.164 ; 4.164 ;
; b[2]        ; seg7[1]     ; 4.167 ; 4.167 ; 4.167 ; 4.167 ;
; b[2]        ; seg7[2]     ; 4.168 ; 4.168 ; 4.168 ; 4.168 ;
; b[2]        ; seg7[3]     ; 4.137 ; 4.137 ; 4.137 ; 4.137 ;
; b[2]        ; seg7[4]     ; 4.289 ; 4.289 ; 4.289 ; 4.289 ;
; b[2]        ; seg7[5]     ; 4.262 ; 4.262 ; 4.262 ; 4.262 ;
; b[2]        ; seg7[6]     ; 4.287 ; 4.287 ; 4.287 ; 4.287 ;
; b[2]        ; seg7[7]     ; 4.669 ; 4.669 ; 4.669 ; 4.669 ;
; b[2]        ; v           ; 4.763 ; 4.763 ; 4.763 ; 4.763 ;
; b[2]        ; z           ; 4.651 ; 4.651 ; 4.651 ; 4.651 ;
; b[3]        ; n           ; 4.959 ; 4.959 ; 4.959 ; 4.959 ;
; b[3]        ; seg7[0]     ; 4.429 ; 4.429 ; 4.429 ; 4.429 ;
; b[3]        ; seg7[1]     ; 4.432 ; 4.432 ; 4.432 ; 4.432 ;
; b[3]        ; seg7[2]     ; 4.278 ; 4.278 ; 4.278 ; 4.278 ;
; b[3]        ; seg7[3]     ; 4.247 ; 4.247 ; 4.247 ; 4.247 ;
; b[3]        ; seg7[4]     ; 4.554 ; 4.554 ; 4.554 ; 4.554 ;
; b[3]        ; seg7[5]     ; 4.527 ; 4.527 ; 4.527 ; 4.527 ;
; b[3]        ; seg7[6]     ; 4.552 ; 4.552 ; 4.552 ; 4.552 ;
; b[3]        ; seg7[7]     ; 4.934 ; 4.934 ; 4.934 ; 4.934 ;
; b[3]        ; v           ; 4.276 ; 4.276 ; 4.276 ; 4.276 ;
; b[3]        ; z           ; 4.916 ; 4.916 ; 4.916 ; 4.916 ;
; sinalMUX[0] ; n           ; 7.883 ; 7.883 ; 7.883 ; 7.883 ;
; sinalMUX[0] ; seg7[0]     ; 7.640 ; 7.640 ; 7.640 ; 7.640 ;
; sinalMUX[0] ; seg7[1]     ; 7.634 ; 7.634 ; 7.634 ; 7.634 ;
; sinalMUX[0] ; seg7[2]     ; 7.663 ; 7.663 ; 7.663 ; 7.663 ;
; sinalMUX[0] ; seg7[3]     ; 7.632 ; 7.632 ; 7.632 ; 7.632 ;
; sinalMUX[0] ; seg7[4]     ; 7.753 ; 7.753 ; 7.753 ; 7.753 ;
; sinalMUX[0] ; seg7[5]     ; 7.718 ; 7.718 ; 7.718 ; 7.718 ;
; sinalMUX[0] ; seg7[6]     ; 7.762 ; 7.762 ; 7.762 ; 7.762 ;
; sinalMUX[0] ; seg7[7]     ; 7.858 ; 7.858 ; 7.858 ; 7.858 ;
; sinalMUX[0] ; v           ; 8.265 ; 8.265 ; 8.265 ; 8.265 ;
; sinalMUX[0] ; z           ; 8.109 ; 8.109 ; 8.109 ; 8.109 ;
; sinalMUX[1] ; n           ; 7.344 ; 7.344 ; 7.344 ; 7.344 ;
; sinalMUX[1] ; seg7[0]     ; 7.213 ; 7.213 ; 7.213 ; 7.213 ;
; sinalMUX[1] ; seg7[1]     ; 7.207 ; 7.207 ; 7.207 ; 7.207 ;
; sinalMUX[1] ; seg7[2]     ; 7.236 ; 7.236 ; 7.236 ; 7.236 ;
; sinalMUX[1] ; seg7[3]     ; 7.205 ; 7.205 ; 7.205 ; 7.205 ;
; sinalMUX[1] ; seg7[4]     ; 7.326 ; 7.326 ; 7.326 ; 7.326 ;
; sinalMUX[1] ; seg7[5]     ; 7.291 ; 7.291 ; 7.291 ; 7.291 ;
; sinalMUX[1] ; seg7[6]     ; 7.335 ; 7.335 ; 7.335 ; 7.335 ;
; sinalMUX[1] ; seg7[7]     ; 7.319 ; 7.319 ; 7.319 ; 7.319 ;
; sinalMUX[1] ; v           ; 7.453 ; 7.453 ; 7.453 ; 7.453 ;
; sinalMUX[1] ; z           ; 7.682 ; 7.682 ; 7.682 ; 7.682 ;
; sinalMUX[2] ; n           ; 7.681 ; 7.681 ; 7.681 ; 7.681 ;
; sinalMUX[2] ; seg7[0]     ; 7.509 ; 7.509 ; 7.509 ; 7.509 ;
; sinalMUX[2] ; seg7[1]     ; 7.511 ; 7.511 ; 7.511 ; 7.511 ;
; sinalMUX[2] ; seg7[2]     ; 7.541 ; 7.541 ; 7.541 ; 7.541 ;
; sinalMUX[2] ; seg7[3]     ; 7.517 ; 7.517 ; 7.517 ; 7.517 ;
; sinalMUX[2] ; seg7[4]     ; 7.642 ; 7.642 ; 7.642 ; 7.642 ;
; sinalMUX[2] ; seg7[5]     ; 7.613 ; 7.613 ; 7.613 ; 7.613 ;
; sinalMUX[2] ; seg7[6]     ; 7.631 ; 7.631 ; 7.631 ; 7.631 ;
; sinalMUX[2] ; seg7[7]     ; 7.656 ; 7.656 ; 7.656 ; 7.656 ;
; sinalMUX[2] ; v           ; 7.112 ; 7.112 ; 7.112 ; 7.112 ;
; sinalMUX[2] ; z           ; 8.003 ; 8.003 ; 8.003 ; 8.003 ;
; sinalMUX[3] ; n           ; 7.569 ; 7.569 ; 7.569 ; 7.569 ;
; sinalMUX[3] ; seg7[0]     ; 7.523 ; 7.523 ; 7.523 ; 7.523 ;
; sinalMUX[3] ; seg7[1]     ; 7.517 ; 7.517 ; 7.517 ; 7.517 ;
; sinalMUX[3] ; seg7[2]     ; 7.546 ; 7.546 ; 7.546 ; 7.546 ;
; sinalMUX[3] ; seg7[3]     ; 7.515 ; 7.515 ; 7.515 ; 7.515 ;
; sinalMUX[3] ; seg7[4]     ; 7.636 ; 7.636 ; 7.636 ; 7.636 ;
; sinalMUX[3] ; seg7[5]     ; 7.601 ; 7.601 ; 7.601 ; 7.601 ;
; sinalMUX[3] ; seg7[6]     ; 7.645 ; 7.645 ; 7.645 ; 7.645 ;
; sinalMUX[3] ; seg7[7]     ; 7.544 ; 7.544 ; 7.544 ; 7.544 ;
; sinalMUX[3] ; v           ;       ; 6.711 ; 6.711 ;       ;
; sinalMUX[3] ; z           ; 7.992 ; 7.992 ; 7.992 ; 7.992 ;
+-------------+-------------+-------+-------+-------+-------+


+-----------------------------------------------------------+
; Minimum Propagation Delay                                 ;
+-------------+-------------+-------+-------+-------+-------+
; Input Port  ; Output Port ; RR    ; RF    ; FR    ; FF    ;
+-------------+-------------+-------+-------+-------+-------+
; a[0]        ; n           ; 4.259 ; 4.259 ; 4.259 ; 4.259 ;
; a[0]        ; seg7[0]     ; 3.547 ; 3.547 ; 3.547 ; 3.547 ;
; a[0]        ; seg7[1]     ; 3.543 ; 3.543 ; 3.543 ; 3.543 ;
; a[0]        ; seg7[2]     ; 3.452 ; 3.452 ; 3.452 ; 3.452 ;
; a[0]        ; seg7[3]     ; 3.420 ; 3.420 ; 3.420 ; 3.420 ;
; a[0]        ; seg7[4]     ; 3.659 ; 3.659 ; 3.659 ; 3.659 ;
; a[0]        ; seg7[5]     ; 3.629 ; 3.629 ; 3.629 ; 3.629 ;
; a[0]        ; seg7[6]     ; 3.665 ; 3.665 ; 3.665 ; 3.665 ;
; a[0]        ; seg7[7]     ; 4.234 ; 4.234 ; 4.234 ; 4.234 ;
; a[0]        ; v           ; 3.739 ; 4.058 ; 4.058 ; 3.739 ;
; a[0]        ; z           ; 4.020 ; 4.020 ; 4.020 ; 4.020 ;
; a[1]        ; n           ; 5.057 ; 5.057 ; 5.057 ; 5.057 ;
; a[1]        ; seg7[0]     ; 4.437 ; 4.437 ; 4.437 ; 4.437 ;
; a[1]        ; seg7[1]     ; 4.439 ; 4.439 ; 4.439 ; 4.439 ;
; a[1]        ; seg7[2]     ; 4.469 ; 4.469 ; 4.469 ; 4.469 ;
; a[1]        ; seg7[3]     ; 4.445 ; 4.445 ; 4.445 ; 4.445 ;
; a[1]        ; seg7[4]     ; 4.570 ; 4.570 ; 4.570 ; 4.570 ;
; a[1]        ; seg7[5]     ; 4.541 ; 4.541 ; 4.541 ; 4.541 ;
; a[1]        ; seg7[6]     ; 4.559 ; 4.559 ; 4.559 ; 4.559 ;
; a[1]        ; seg7[7]     ; 5.032 ; 5.032 ; 5.032 ; 5.032 ;
; a[1]        ; v           ; 4.540 ; 5.767 ; 5.767 ; 4.540 ;
; a[1]        ; z           ; 4.931 ; 4.931 ; 4.931 ; 4.931 ;
; a[2]        ; n           ; 5.197 ; 5.197 ; 5.197 ; 5.197 ;
; a[2]        ; seg7[0]     ; 4.505 ; 4.505 ; 4.505 ; 4.505 ;
; a[2]        ; seg7[1]     ; 4.499 ; 4.499 ; 4.499 ; 4.499 ;
; a[2]        ; seg7[2]     ; 4.528 ; 4.528 ; 4.528 ; 4.528 ;
; a[2]        ; seg7[3]     ; 4.497 ; 4.497 ; 4.497 ; 4.497 ;
; a[2]        ; seg7[4]     ; 4.618 ; 4.618 ; 4.618 ; 4.618 ;
; a[2]        ; seg7[5]     ; 4.583 ; 4.583 ; 4.583 ; 4.583 ;
; a[2]        ; seg7[6]     ; 4.627 ; 4.627 ; 4.627 ; 4.627 ;
; a[2]        ; seg7[7]     ; 5.172 ; 5.172 ; 5.172 ; 5.172 ;
; a[2]        ; v           ; 4.651 ; 4.651 ; 4.651 ; 4.651 ;
; a[2]        ; z           ; 4.974 ; 4.974 ; 4.974 ; 4.974 ;
; a[3]        ; n           ; 5.091 ; 5.091 ; 5.091 ; 5.091 ;
; a[3]        ; seg7[0]     ; 4.561 ; 4.561 ; 4.561 ; 4.561 ;
; a[3]        ; seg7[1]     ; 4.564 ; 4.564 ; 4.564 ; 4.564 ;
; a[3]        ; seg7[2]     ; 5.171 ; 5.171 ; 5.171 ; 5.171 ;
; a[3]        ; seg7[3]     ; 5.140 ; 5.140 ; 5.140 ; 5.140 ;
; a[3]        ; seg7[4]     ; 4.686 ; 4.686 ; 4.686 ; 4.686 ;
; a[3]        ; seg7[5]     ; 4.659 ; 4.659 ; 4.659 ; 4.659 ;
; a[3]        ; seg7[6]     ; 4.684 ; 4.684 ; 4.684 ; 4.684 ;
; a[3]        ; seg7[7]     ; 5.066 ; 5.066 ; 5.066 ; 5.066 ;
; a[3]        ; v           ; 4.889 ; 4.850 ; 4.850 ; 4.889 ;
; a[3]        ; z           ; 5.048 ; 5.048 ; 5.048 ; 5.048 ;
; b[0]        ; n           ; 5.120 ; 5.120 ; 5.120 ; 5.120 ;
; b[0]        ; seg7[0]     ; 4.353 ; 4.353 ; 4.353 ; 4.353 ;
; b[0]        ; seg7[1]     ; 4.349 ; 4.349 ; 4.349 ; 4.349 ;
; b[0]        ; seg7[2]     ; 4.258 ; 4.258 ; 4.258 ; 4.258 ;
; b[0]        ; seg7[3]     ; 4.226 ; 4.226 ; 4.226 ; 4.226 ;
; b[0]        ; seg7[4]     ; 4.465 ; 4.465 ; 4.465 ; 4.465 ;
; b[0]        ; seg7[5]     ; 4.435 ; 4.435 ; 4.435 ; 4.435 ;
; b[0]        ; seg7[6]     ; 4.471 ; 4.471 ; 4.471 ; 4.471 ;
; b[0]        ; seg7[7]     ; 5.095 ; 5.095 ; 5.095 ; 5.095 ;
; b[0]        ; v           ; 4.788 ; 5.024 ; 5.024 ; 4.788 ;
; b[0]        ; z           ; 4.826 ; 4.826 ; 4.826 ; 4.826 ;
; b[1]        ; n           ; 4.159 ; 4.159 ; 4.159 ; 4.159 ;
; b[1]        ; seg7[0]     ; 3.629 ; 3.629 ; 3.629 ; 3.629 ;
; b[1]        ; seg7[1]     ; 3.632 ; 3.632 ; 3.632 ; 3.632 ;
; b[1]        ; seg7[2]     ; 3.905 ; 3.905 ; 3.905 ; 3.905 ;
; b[1]        ; seg7[3]     ; 3.874 ; 3.874 ; 3.874 ; 3.874 ;
; b[1]        ; seg7[4]     ; 3.754 ; 3.754 ; 3.754 ; 3.754 ;
; b[1]        ; seg7[5]     ; 3.727 ; 3.727 ; 3.727 ; 3.727 ;
; b[1]        ; seg7[6]     ; 3.752 ; 3.752 ; 3.752 ; 3.752 ;
; b[1]        ; seg7[7]     ; 4.134 ; 4.134 ; 4.134 ; 4.134 ;
; b[1]        ; v           ; 3.837 ; 5.038 ; 5.038 ; 3.837 ;
; b[1]        ; z           ; 4.116 ; 4.116 ; 4.116 ; 4.116 ;
; b[2]        ; n           ; 4.122 ; 4.122 ; 4.122 ; 4.122 ;
; b[2]        ; seg7[0]     ; 3.592 ; 3.592 ; 3.592 ; 3.592 ;
; b[2]        ; seg7[1]     ; 3.595 ; 3.595 ; 3.595 ; 3.595 ;
; b[2]        ; seg7[2]     ; 3.975 ; 3.975 ; 3.975 ; 3.975 ;
; b[2]        ; seg7[3]     ; 3.944 ; 3.944 ; 3.944 ; 3.944 ;
; b[2]        ; seg7[4]     ; 3.717 ; 3.717 ; 3.717 ; 3.717 ;
; b[2]        ; seg7[5]     ; 3.690 ; 3.690 ; 3.690 ; 3.690 ;
; b[2]        ; seg7[6]     ; 3.715 ; 3.715 ; 3.715 ; 3.715 ;
; b[2]        ; seg7[7]     ; 4.097 ; 4.097 ; 4.097 ; 4.097 ;
; b[2]        ; v           ; 3.823 ; 3.934 ; 3.934 ; 3.823 ;
; b[2]        ; z           ; 4.079 ; 4.079 ; 4.079 ; 4.079 ;
; b[3]        ; n           ; 4.152 ; 4.152 ; 4.152 ; 4.152 ;
; b[3]        ; seg7[0]     ; 3.622 ; 3.622 ; 3.622 ; 3.622 ;
; b[3]        ; seg7[1]     ; 3.625 ; 3.625 ; 3.625 ; 3.625 ;
; b[3]        ; seg7[2]     ; 4.278 ; 4.278 ; 4.278 ; 4.278 ;
; b[3]        ; seg7[3]     ; 4.247 ; 4.247 ; 4.247 ; 4.247 ;
; b[3]        ; seg7[4]     ; 3.747 ; 3.747 ; 3.747 ; 3.747 ;
; b[3]        ; seg7[5]     ; 3.720 ; 3.720 ; 3.720 ; 3.720 ;
; b[3]        ; seg7[6]     ; 3.745 ; 3.745 ; 3.745 ; 3.745 ;
; b[3]        ; seg7[7]     ; 4.127 ; 4.127 ; 4.127 ; 4.127 ;
; b[3]        ; v           ; 3.830 ; 3.830 ; 3.830 ; 3.830 ;
; b[3]        ; z           ; 4.109 ; 4.109 ; 4.109 ; 4.109 ;
; sinalMUX[0] ; n           ; 7.106 ; 7.106 ; 7.106 ; 7.106 ;
; sinalMUX[0] ; seg7[0]     ; 6.576 ; 6.576 ; 6.576 ; 6.576 ;
; sinalMUX[0] ; seg7[1]     ; 6.579 ; 6.579 ; 6.579 ; 6.579 ;
; sinalMUX[0] ; seg7[2]     ; 6.645 ; 6.645 ; 6.645 ; 6.645 ;
; sinalMUX[0] ; seg7[3]     ; 6.613 ; 6.613 ; 6.613 ; 6.613 ;
; sinalMUX[0] ; seg7[4]     ; 6.701 ; 6.701 ; 6.701 ; 6.701 ;
; sinalMUX[0] ; seg7[5]     ; 6.674 ; 6.674 ; 6.674 ; 6.674 ;
; sinalMUX[0] ; seg7[6]     ; 6.699 ; 6.699 ; 6.699 ; 6.699 ;
; sinalMUX[0] ; seg7[7]     ; 7.081 ; 7.081 ; 7.081 ; 7.081 ;
; sinalMUX[0] ; v           ; 6.905 ; 6.905 ; 6.905 ; 6.905 ;
; sinalMUX[0] ; z           ; 7.063 ; 7.063 ; 7.063 ; 7.063 ;
; sinalMUX[1] ; n           ; 6.811 ; 6.811 ; 6.811 ; 6.811 ;
; sinalMUX[1] ; seg7[0]     ; 6.281 ; 6.281 ; 6.281 ; 6.281 ;
; sinalMUX[1] ; seg7[1]     ; 6.284 ; 6.284 ; 6.284 ; 6.284 ;
; sinalMUX[1] ; seg7[2]     ; 6.314 ; 6.314 ; 6.314 ; 6.314 ;
; sinalMUX[1] ; seg7[3]     ; 6.282 ; 6.282 ; 6.282 ; 6.282 ;
; sinalMUX[1] ; seg7[4]     ; 6.406 ; 6.406 ; 6.406 ; 6.406 ;
; sinalMUX[1] ; seg7[5]     ; 6.379 ; 6.379 ; 6.379 ; 6.379 ;
; sinalMUX[1] ; seg7[6]     ; 6.404 ; 6.404 ; 6.404 ; 6.404 ;
; sinalMUX[1] ; seg7[7]     ; 6.786 ; 6.786 ; 6.786 ; 6.786 ;
; sinalMUX[1] ; v           ; 6.539 ; 6.539 ; 6.539 ; 6.539 ;
; sinalMUX[1] ; z           ; 6.768 ; 6.768 ; 6.768 ; 6.768 ;
; sinalMUX[2] ; n           ; 7.061 ; 7.061 ; 7.061 ; 7.061 ;
; sinalMUX[2] ; seg7[0]     ; 6.531 ; 6.531 ; 6.531 ; 6.531 ;
; sinalMUX[2] ; seg7[1]     ; 6.534 ; 6.534 ; 6.534 ; 6.534 ;
; sinalMUX[2] ; seg7[2]     ; 6.582 ; 6.582 ; 6.582 ; 6.582 ;
; sinalMUX[2] ; seg7[3]     ; 6.550 ; 6.550 ; 6.550 ; 6.550 ;
; sinalMUX[2] ; seg7[4]     ; 6.656 ; 6.656 ; 6.656 ; 6.656 ;
; sinalMUX[2] ; seg7[5]     ; 6.629 ; 6.629 ; 6.629 ; 6.629 ;
; sinalMUX[2] ; seg7[6]     ; 6.654 ; 6.654 ; 6.654 ; 6.654 ;
; sinalMUX[2] ; seg7[7]     ; 7.036 ; 7.036 ; 7.036 ; 7.036 ;
; sinalMUX[2] ; v           ; 6.462 ; 6.462 ; 6.462 ; 6.462 ;
; sinalMUX[2] ; z           ; 7.018 ; 7.018 ; 7.018 ; 7.018 ;
; sinalMUX[3] ; n           ; 7.569 ; 7.569 ; 7.569 ; 7.569 ;
; sinalMUX[3] ; seg7[0]     ; 6.704 ; 6.757 ; 6.757 ; 6.704 ;
; sinalMUX[3] ; seg7[1]     ; 6.700 ; 6.753 ; 6.753 ; 6.700 ;
; sinalMUX[3] ; seg7[2]     ; 6.609 ; 6.662 ; 6.662 ; 6.609 ;
; sinalMUX[3] ; seg7[3]     ; 6.577 ; 6.577 ; 6.577 ; 6.577 ;
; sinalMUX[3] ; seg7[4]     ; 6.869 ; 6.816 ; 6.816 ; 6.869 ;
; sinalMUX[3] ; seg7[5]     ; 6.786 ; 6.786 ; 6.786 ; 6.786 ;
; sinalMUX[3] ; seg7[6]     ; 6.822 ; 6.822 ; 6.822 ; 6.822 ;
; sinalMUX[3] ; seg7[7]     ; 7.544 ; 7.544 ; 7.544 ; 7.544 ;
; sinalMUX[3] ; v           ;       ; 6.711 ; 6.711 ;       ;
; sinalMUX[3] ; z           ; 7.230 ; 7.177 ; 7.177 ; 7.230 ;
+-------------+-------------+-------+-------+-------+-------+


+----------------------------------------------------------------------------+
; Multicorner Timing Analysis Summary                                        ;
+------------------+-------+------+----------+---------+---------------------+
; Clock            ; Setup ; Hold ; Recovery ; Removal ; Minimum Pulse Width ;
+------------------+-------+------+----------+---------+---------------------+
; Worst-case Slack ; N/A   ; N/A  ; N/A      ; N/A     ; N/A                 ;
; Design-wide TNS  ; 0.0   ; 0.0  ; 0.0      ; 0.0     ; 0.0                 ;
+------------------+-------+------+----------+---------+---------------------+


+---------------------------------------------------------------+
; Progagation Delay                                             ;
+-------------+-------------+--------+--------+--------+--------+
; Input Port  ; Output Port ; RR     ; RF     ; FR     ; FF     ;
+-------------+-------------+--------+--------+--------+--------+
; a[0]        ; n           ; 10.588 ; 10.588 ; 10.588 ; 10.588 ;
; a[0]        ; seg7[0]     ; 9.431  ; 9.431  ; 9.431  ; 9.431  ;
; a[0]        ; seg7[1]     ; 9.424  ; 9.424  ; 9.424  ; 9.424  ;
; a[0]        ; seg7[2]     ; 9.465  ; 9.465  ; 9.465  ; 9.465  ;
; a[0]        ; seg7[3]     ; 9.415  ; 9.415  ; 9.415  ; 9.415  ;
; a[0]        ; seg7[4]     ; 9.687  ; 9.687  ; 9.687  ; 9.687  ;
; a[0]        ; seg7[5]     ; 9.650  ; 9.650  ; 9.650  ; 9.650  ;
; a[0]        ; seg7[6]     ; 9.676  ; 9.676  ; 9.676  ; 9.676  ;
; a[0]        ; seg7[7]     ; 10.667 ; 10.667 ; 10.667 ; 10.667 ;
; a[0]        ; v           ; 11.374 ; 11.374 ; 11.374 ; 11.374 ;
; a[0]        ; z           ; 10.373 ; 10.373 ; 10.373 ; 10.373 ;
; a[1]        ; n           ; 11.717 ; 11.717 ; 11.717 ; 11.717 ;
; a[1]        ; seg7[0]     ; 10.561 ; 10.561 ; 10.561 ; 10.561 ;
; a[1]        ; seg7[1]     ; 10.553 ; 10.553 ; 10.553 ; 10.553 ;
; a[1]        ; seg7[2]     ; 10.595 ; 10.595 ; 10.595 ; 10.595 ;
; a[1]        ; seg7[3]     ; 10.545 ; 10.545 ; 10.545 ; 10.545 ;
; a[1]        ; seg7[4]     ; 10.816 ; 10.816 ; 10.816 ; 10.816 ;
; a[1]        ; seg7[5]     ; 10.779 ; 10.779 ; 10.779 ; 10.779 ;
; a[1]        ; seg7[6]     ; 10.806 ; 10.806 ; 10.806 ; 10.806 ;
; a[1]        ; seg7[7]     ; 11.796 ; 11.796 ; 11.796 ; 11.796 ;
; a[1]        ; v           ; 12.504 ; 12.504 ; 12.504 ; 12.504 ;
; a[1]        ; z           ; 11.502 ; 11.502 ; 11.502 ; 11.502 ;
; a[2]        ; n           ; 10.780 ; 10.780 ; 10.780 ; 10.780 ;
; a[2]        ; seg7[0]     ; 10.045 ; 10.045 ; 10.045 ; 10.045 ;
; a[2]        ; seg7[1]     ; 10.036 ; 10.036 ; 10.036 ; 10.036 ;
; a[2]        ; seg7[2]     ; 10.079 ; 10.079 ; 10.079 ; 10.079 ;
; a[2]        ; seg7[3]     ; 10.029 ; 10.029 ; 10.029 ; 10.029 ;
; a[2]        ; seg7[4]     ; 10.290 ; 10.290 ; 10.290 ; 10.290 ;
; a[2]        ; seg7[5]     ; 10.248 ; 10.248 ; 10.248 ; 10.248 ;
; a[2]        ; seg7[6]     ; 10.290 ; 10.290 ; 10.290 ; 10.290 ;
; a[2]        ; seg7[7]     ; 10.859 ; 10.859 ; 10.859 ; 10.859 ;
; a[2]        ; v           ; 10.878 ; 10.878 ; 10.878 ; 10.878 ;
; a[2]        ; z           ; 10.972 ; 10.972 ; 10.972 ; 10.972 ;
; a[3]        ; n           ; 11.631 ; 11.631 ; 11.631 ; 11.631 ;
; a[3]        ; seg7[0]     ; 10.468 ; 10.468 ; 10.468 ; 10.468 ;
; a[3]        ; seg7[1]     ; 10.467 ; 10.467 ; 10.467 ; 10.467 ;
; a[3]        ; seg7[2]     ; 10.357 ; 10.357 ; 10.357 ; 10.357 ;
; a[3]        ; seg7[3]     ; 10.307 ; 10.307 ; 10.307 ; 10.307 ;
; a[3]        ; seg7[4]     ; 10.730 ; 10.730 ; 10.730 ; 10.730 ;
; a[3]        ; seg7[5]     ; 10.693 ; 10.693 ; 10.693 ; 10.693 ;
; a[3]        ; seg7[6]     ; 10.716 ; 10.716 ; 10.716 ; 10.716 ;
; a[3]        ; seg7[7]     ; 11.710 ; 11.710 ; 11.710 ; 11.710 ;
; a[3]        ; v           ; 10.236 ; 10.236 ; 10.236 ; 10.236 ;
; a[3]        ; z           ; 11.416 ; 11.416 ; 11.416 ; 11.416 ;
; b[0]        ; n           ; 11.793 ; 11.793 ; 11.793 ; 11.793 ;
; b[0]        ; seg7[0]     ; 10.638 ; 10.638 ; 10.638 ; 10.638 ;
; b[0]        ; seg7[1]     ; 10.629 ; 10.629 ; 10.629 ; 10.629 ;
; b[0]        ; seg7[2]     ; 10.672 ; 10.672 ; 10.672 ; 10.672 ;
; b[0]        ; seg7[3]     ; 10.622 ; 10.622 ; 10.622 ; 10.622 ;
; b[0]        ; seg7[4]     ; 10.892 ; 10.892 ; 10.892 ; 10.892 ;
; b[0]        ; seg7[5]     ; 10.855 ; 10.855 ; 10.855 ; 10.855 ;
; b[0]        ; seg7[6]     ; 10.883 ; 10.883 ; 10.883 ; 10.883 ;
; b[0]        ; seg7[7]     ; 11.872 ; 11.872 ; 11.872 ; 11.872 ;
; b[0]        ; v           ; 12.581 ; 12.581 ; 12.581 ; 12.581 ;
; b[0]        ; z           ; 11.578 ; 11.578 ; 11.578 ; 11.578 ;
; b[1]        ; n           ; 10.266 ; 10.266 ; 10.266 ; 10.266 ;
; b[1]        ; seg7[0]     ; 9.108  ; 9.108  ; 9.108  ; 9.108  ;
; b[1]        ; seg7[1]     ; 9.102  ; 9.102  ; 9.102  ; 9.102  ;
; b[1]        ; seg7[2]     ; 9.142  ; 9.142  ; 9.142  ; 9.142  ;
; b[1]        ; seg7[3]     ; 9.092  ; 9.092  ; 9.092  ; 9.092  ;
; b[1]        ; seg7[4]     ; 9.365  ; 9.365  ; 9.365  ; 9.365  ;
; b[1]        ; seg7[5]     ; 9.328  ; 9.328  ; 9.328  ; 9.328  ;
; b[1]        ; seg7[6]     ; 9.353  ; 9.353  ; 9.353  ; 9.353  ;
; b[1]        ; seg7[7]     ; 10.345 ; 10.345 ; 10.345 ; 10.345 ;
; b[1]        ; v           ; 11.051 ; 11.051 ; 11.051 ; 11.051 ;
; b[1]        ; z           ; 10.051 ; 10.051 ; 10.051 ; 10.051 ;
; b[2]        ; n           ; 9.587  ; 9.587  ; 9.587  ; 9.587  ;
; b[2]        ; seg7[0]     ; 8.424  ; 8.424  ; 8.424  ; 8.424  ;
; b[2]        ; seg7[1]     ; 8.423  ; 8.423  ; 8.423  ; 8.423  ;
; b[2]        ; seg7[2]     ; 8.395  ; 8.395  ; 8.395  ; 8.395  ;
; b[2]        ; seg7[3]     ; 8.345  ; 8.345  ; 8.345  ; 8.345  ;
; b[2]        ; seg7[4]     ; 8.686  ; 8.686  ; 8.686  ; 8.686  ;
; b[2]        ; seg7[5]     ; 8.649  ; 8.649  ; 8.649  ; 8.649  ;
; b[2]        ; seg7[6]     ; 8.672  ; 8.672  ; 8.672  ; 8.672  ;
; b[2]        ; seg7[7]     ; 9.666  ; 9.666  ; 9.666  ; 9.666  ;
; b[2]        ; v           ; 9.687  ; 9.687  ; 9.687  ; 9.687  ;
; b[2]        ; z           ; 9.372  ; 9.372  ; 9.372  ; 9.372  ;
; b[3]        ; n           ; 10.223 ; 10.223 ; 10.223 ; 10.223 ;
; b[3]        ; seg7[0]     ; 9.060  ; 9.060  ; 9.060  ; 9.060  ;
; b[3]        ; seg7[1]     ; 9.059  ; 9.059  ; 9.059  ; 9.059  ;
; b[3]        ; seg7[2]     ; 8.669  ; 8.669  ; 8.669  ; 8.669  ;
; b[3]        ; seg7[3]     ; 8.619  ; 8.619  ; 8.619  ; 8.619  ;
; b[3]        ; seg7[4]     ; 9.322  ; 9.322  ; 9.322  ; 9.322  ;
; b[3]        ; seg7[5]     ; 9.285  ; 9.285  ; 9.285  ; 9.285  ;
; b[3]        ; seg7[6]     ; 9.308  ; 9.308  ; 9.308  ; 9.308  ;
; b[3]        ; seg7[7]     ; 10.302 ; 10.302 ; 10.302 ; 10.302 ;
; b[3]        ; v           ; 8.562  ; 8.562  ; 8.562  ; 8.562  ;
; b[3]        ; z           ; 10.008 ; 10.008 ; 10.008 ; 10.008 ;
; sinalMUX[0] ; n           ; 14.887 ; 14.887 ; 14.887 ; 14.887 ;
; sinalMUX[0] ; seg7[0]     ; 14.413 ; 14.413 ; 14.413 ; 14.413 ;
; sinalMUX[0] ; seg7[1]     ; 14.404 ; 14.404 ; 14.404 ; 14.404 ;
; sinalMUX[0] ; seg7[2]     ; 14.447 ; 14.447 ; 14.447 ; 14.447 ;
; sinalMUX[0] ; seg7[3]     ; 14.397 ; 14.397 ; 14.397 ; 14.397 ;
; sinalMUX[0] ; seg7[4]     ; 14.658 ; 14.658 ; 14.658 ; 14.658 ;
; sinalMUX[0] ; seg7[5]     ; 14.616 ; 14.616 ; 14.616 ; 14.616 ;
; sinalMUX[0] ; seg7[6]     ; 14.658 ; 14.658 ; 14.658 ; 14.658 ;
; sinalMUX[0] ; seg7[7]     ; 14.966 ; 14.966 ; 14.966 ; 14.966 ;
; sinalMUX[0] ; v           ; 15.753 ; 15.753 ; 15.753 ; 15.753 ;
; sinalMUX[0] ; z           ; 15.340 ; 15.340 ; 15.340 ; 15.340 ;
; sinalMUX[1] ; n           ; 13.714 ; 13.714 ; 13.714 ; 13.714 ;
; sinalMUX[1] ; seg7[0]     ; 13.462 ; 13.462 ; 13.462 ; 13.462 ;
; sinalMUX[1] ; seg7[1]     ; 13.453 ; 13.453 ; 13.453 ; 13.453 ;
; sinalMUX[1] ; seg7[2]     ; 13.496 ; 13.496 ; 13.496 ; 13.496 ;
; sinalMUX[1] ; seg7[3]     ; 13.446 ; 13.446 ; 13.446 ; 13.446 ;
; sinalMUX[1] ; seg7[4]     ; 13.707 ; 13.707 ; 13.707 ; 13.707 ;
; sinalMUX[1] ; seg7[5]     ; 13.665 ; 13.665 ; 13.665 ; 13.665 ;
; sinalMUX[1] ; seg7[6]     ; 13.707 ; 13.707 ; 13.707 ; 13.707 ;
; sinalMUX[1] ; seg7[7]     ; 13.793 ; 13.793 ; 13.793 ; 13.793 ;
; sinalMUX[1] ; v           ; 14.007 ; 14.007 ; 14.007 ; 14.007 ;
; sinalMUX[1] ; z           ; 14.389 ; 14.389 ; 14.389 ; 14.389 ;
; sinalMUX[2] ; n           ; 14.500 ; 14.500 ; 14.500 ; 14.500 ;
; sinalMUX[2] ; seg7[0]     ; 14.227 ; 14.227 ; 14.227 ; 14.227 ;
; sinalMUX[2] ; seg7[1]     ; 14.227 ; 14.227 ; 14.227 ; 14.227 ;
; sinalMUX[2] ; seg7[2]     ; 14.251 ; 14.251 ; 14.251 ; 14.251 ;
; sinalMUX[2] ; seg7[3]     ; 14.207 ; 14.207 ; 14.207 ; 14.207 ;
; sinalMUX[2] ; seg7[4]     ; 14.491 ; 14.491 ; 14.491 ; 14.491 ;
; sinalMUX[2] ; seg7[5]     ; 14.455 ; 14.455 ; 14.455 ; 14.455 ;
; sinalMUX[2] ; seg7[6]     ; 14.447 ; 14.447 ; 14.447 ; 14.447 ;
; sinalMUX[2] ; seg7[7]     ; 14.579 ; 14.579 ; 14.579 ; 14.579 ;
; sinalMUX[2] ; v           ; 13.118 ; 13.118 ; 13.118 ; 13.118 ;
; sinalMUX[2] ; z           ; 15.139 ; 15.139 ; 15.139 ; 15.139 ;
; sinalMUX[3] ; n           ; 14.051 ; 14.051 ; 14.051 ; 14.051 ;
; sinalMUX[3] ; seg7[0]     ; 14.064 ; 14.064 ; 14.064 ; 14.064 ;
; sinalMUX[3] ; seg7[1]     ; 14.055 ; 14.055 ; 14.055 ; 14.055 ;
; sinalMUX[3] ; seg7[2]     ; 14.098 ; 14.098 ; 14.098 ; 14.098 ;
; sinalMUX[3] ; seg7[3]     ; 14.048 ; 14.048 ; 14.048 ; 14.048 ;
; sinalMUX[3] ; seg7[4]     ; 14.309 ; 14.309 ; 14.309 ; 14.309 ;
; sinalMUX[3] ; seg7[5]     ; 14.267 ; 14.267 ; 14.267 ; 14.267 ;
; sinalMUX[3] ; seg7[6]     ; 14.309 ; 14.309 ; 14.309 ; 14.309 ;
; sinalMUX[3] ; seg7[7]     ; 14.130 ; 14.130 ; 14.130 ; 14.130 ;
; sinalMUX[3] ; v           ;        ; 11.977 ; 11.977 ;        ;
; sinalMUX[3] ; z           ; 14.991 ; 14.991 ; 14.991 ; 14.991 ;
+-------------+-------------+--------+--------+--------+--------+


+-----------------------------------------------------------+
; Minimum Progagation Delay                                 ;
+-------------+-------------+-------+-------+-------+-------+
; Input Port  ; Output Port ; RR    ; RF    ; FR    ; FF    ;
+-------------+-------------+-------+-------+-------+-------+
; a[0]        ; n           ; 4.259 ; 4.259 ; 4.259 ; 4.259 ;
; a[0]        ; seg7[0]     ; 3.547 ; 3.547 ; 3.547 ; 3.547 ;
; a[0]        ; seg7[1]     ; 3.543 ; 3.543 ; 3.543 ; 3.543 ;
; a[0]        ; seg7[2]     ; 3.452 ; 3.452 ; 3.452 ; 3.452 ;
; a[0]        ; seg7[3]     ; 3.420 ; 3.420 ; 3.420 ; 3.420 ;
; a[0]        ; seg7[4]     ; 3.659 ; 3.659 ; 3.659 ; 3.659 ;
; a[0]        ; seg7[5]     ; 3.629 ; 3.629 ; 3.629 ; 3.629 ;
; a[0]        ; seg7[6]     ; 3.665 ; 3.665 ; 3.665 ; 3.665 ;
; a[0]        ; seg7[7]     ; 4.234 ; 4.234 ; 4.234 ; 4.234 ;
; a[0]        ; v           ; 3.739 ; 4.058 ; 4.058 ; 3.739 ;
; a[0]        ; z           ; 4.020 ; 4.020 ; 4.020 ; 4.020 ;
; a[1]        ; n           ; 5.057 ; 5.057 ; 5.057 ; 5.057 ;
; a[1]        ; seg7[0]     ; 4.437 ; 4.437 ; 4.437 ; 4.437 ;
; a[1]        ; seg7[1]     ; 4.439 ; 4.439 ; 4.439 ; 4.439 ;
; a[1]        ; seg7[2]     ; 4.469 ; 4.469 ; 4.469 ; 4.469 ;
; a[1]        ; seg7[3]     ; 4.445 ; 4.445 ; 4.445 ; 4.445 ;
; a[1]        ; seg7[4]     ; 4.570 ; 4.570 ; 4.570 ; 4.570 ;
; a[1]        ; seg7[5]     ; 4.541 ; 4.541 ; 4.541 ; 4.541 ;
; a[1]        ; seg7[6]     ; 4.559 ; 4.559 ; 4.559 ; 4.559 ;
; a[1]        ; seg7[7]     ; 5.032 ; 5.032 ; 5.032 ; 5.032 ;
; a[1]        ; v           ; 4.540 ; 5.767 ; 5.767 ; 4.540 ;
; a[1]        ; z           ; 4.931 ; 4.931 ; 4.931 ; 4.931 ;
; a[2]        ; n           ; 5.197 ; 5.197 ; 5.197 ; 5.197 ;
; a[2]        ; seg7[0]     ; 4.505 ; 4.505 ; 4.505 ; 4.505 ;
; a[2]        ; seg7[1]     ; 4.499 ; 4.499 ; 4.499 ; 4.499 ;
; a[2]        ; seg7[2]     ; 4.528 ; 4.528 ; 4.528 ; 4.528 ;
; a[2]        ; seg7[3]     ; 4.497 ; 4.497 ; 4.497 ; 4.497 ;
; a[2]        ; seg7[4]     ; 4.618 ; 4.618 ; 4.618 ; 4.618 ;
; a[2]        ; seg7[5]     ; 4.583 ; 4.583 ; 4.583 ; 4.583 ;
; a[2]        ; seg7[6]     ; 4.627 ; 4.627 ; 4.627 ; 4.627 ;
; a[2]        ; seg7[7]     ; 5.172 ; 5.172 ; 5.172 ; 5.172 ;
; a[2]        ; v           ; 4.651 ; 4.651 ; 4.651 ; 4.651 ;
; a[2]        ; z           ; 4.974 ; 4.974 ; 4.974 ; 4.974 ;
; a[3]        ; n           ; 5.091 ; 5.091 ; 5.091 ; 5.091 ;
; a[3]        ; seg7[0]     ; 4.561 ; 4.561 ; 4.561 ; 4.561 ;
; a[3]        ; seg7[1]     ; 4.564 ; 4.564 ; 4.564 ; 4.564 ;
; a[3]        ; seg7[2]     ; 5.171 ; 5.171 ; 5.171 ; 5.171 ;
; a[3]        ; seg7[3]     ; 5.140 ; 5.140 ; 5.140 ; 5.140 ;
; a[3]        ; seg7[4]     ; 4.686 ; 4.686 ; 4.686 ; 4.686 ;
; a[3]        ; seg7[5]     ; 4.659 ; 4.659 ; 4.659 ; 4.659 ;
; a[3]        ; seg7[6]     ; 4.684 ; 4.684 ; 4.684 ; 4.684 ;
; a[3]        ; seg7[7]     ; 5.066 ; 5.066 ; 5.066 ; 5.066 ;
; a[3]        ; v           ; 4.889 ; 4.850 ; 4.850 ; 4.889 ;
; a[3]        ; z           ; 5.048 ; 5.048 ; 5.048 ; 5.048 ;
; b[0]        ; n           ; 5.120 ; 5.120 ; 5.120 ; 5.120 ;
; b[0]        ; seg7[0]     ; 4.353 ; 4.353 ; 4.353 ; 4.353 ;
; b[0]        ; seg7[1]     ; 4.349 ; 4.349 ; 4.349 ; 4.349 ;
; b[0]        ; seg7[2]     ; 4.258 ; 4.258 ; 4.258 ; 4.258 ;
; b[0]        ; seg7[3]     ; 4.226 ; 4.226 ; 4.226 ; 4.226 ;
; b[0]        ; seg7[4]     ; 4.465 ; 4.465 ; 4.465 ; 4.465 ;
; b[0]        ; seg7[5]     ; 4.435 ; 4.435 ; 4.435 ; 4.435 ;
; b[0]        ; seg7[6]     ; 4.471 ; 4.471 ; 4.471 ; 4.471 ;
; b[0]        ; seg7[7]     ; 5.095 ; 5.095 ; 5.095 ; 5.095 ;
; b[0]        ; v           ; 4.788 ; 5.024 ; 5.024 ; 4.788 ;
; b[0]        ; z           ; 4.826 ; 4.826 ; 4.826 ; 4.826 ;
; b[1]        ; n           ; 4.159 ; 4.159 ; 4.159 ; 4.159 ;
; b[1]        ; seg7[0]     ; 3.629 ; 3.629 ; 3.629 ; 3.629 ;
; b[1]        ; seg7[1]     ; 3.632 ; 3.632 ; 3.632 ; 3.632 ;
; b[1]        ; seg7[2]     ; 3.905 ; 3.905 ; 3.905 ; 3.905 ;
; b[1]        ; seg7[3]     ; 3.874 ; 3.874 ; 3.874 ; 3.874 ;
; b[1]        ; seg7[4]     ; 3.754 ; 3.754 ; 3.754 ; 3.754 ;
; b[1]        ; seg7[5]     ; 3.727 ; 3.727 ; 3.727 ; 3.727 ;
; b[1]        ; seg7[6]     ; 3.752 ; 3.752 ; 3.752 ; 3.752 ;
; b[1]        ; seg7[7]     ; 4.134 ; 4.134 ; 4.134 ; 4.134 ;
; b[1]        ; v           ; 3.837 ; 5.038 ; 5.038 ; 3.837 ;
; b[1]        ; z           ; 4.116 ; 4.116 ; 4.116 ; 4.116 ;
; b[2]        ; n           ; 4.122 ; 4.122 ; 4.122 ; 4.122 ;
; b[2]        ; seg7[0]     ; 3.592 ; 3.592 ; 3.592 ; 3.592 ;
; b[2]        ; seg7[1]     ; 3.595 ; 3.595 ; 3.595 ; 3.595 ;
; b[2]        ; seg7[2]     ; 3.975 ; 3.975 ; 3.975 ; 3.975 ;
; b[2]        ; seg7[3]     ; 3.944 ; 3.944 ; 3.944 ; 3.944 ;
; b[2]        ; seg7[4]     ; 3.717 ; 3.717 ; 3.717 ; 3.717 ;
; b[2]        ; seg7[5]     ; 3.690 ; 3.690 ; 3.690 ; 3.690 ;
; b[2]        ; seg7[6]     ; 3.715 ; 3.715 ; 3.715 ; 3.715 ;
; b[2]        ; seg7[7]     ; 4.097 ; 4.097 ; 4.097 ; 4.097 ;
; b[2]        ; v           ; 3.823 ; 3.934 ; 3.934 ; 3.823 ;
; b[2]        ; z           ; 4.079 ; 4.079 ; 4.079 ; 4.079 ;
; b[3]        ; n           ; 4.152 ; 4.152 ; 4.152 ; 4.152 ;
; b[3]        ; seg7[0]     ; 3.622 ; 3.622 ; 3.622 ; 3.622 ;
; b[3]        ; seg7[1]     ; 3.625 ; 3.625 ; 3.625 ; 3.625 ;
; b[3]        ; seg7[2]     ; 4.278 ; 4.278 ; 4.278 ; 4.278 ;
; b[3]        ; seg7[3]     ; 4.247 ; 4.247 ; 4.247 ; 4.247 ;
; b[3]        ; seg7[4]     ; 3.747 ; 3.747 ; 3.747 ; 3.747 ;
; b[3]        ; seg7[5]     ; 3.720 ; 3.720 ; 3.720 ; 3.720 ;
; b[3]        ; seg7[6]     ; 3.745 ; 3.745 ; 3.745 ; 3.745 ;
; b[3]        ; seg7[7]     ; 4.127 ; 4.127 ; 4.127 ; 4.127 ;
; b[3]        ; v           ; 3.830 ; 3.830 ; 3.830 ; 3.830 ;
; b[3]        ; z           ; 4.109 ; 4.109 ; 4.109 ; 4.109 ;
; sinalMUX[0] ; n           ; 7.106 ; 7.106 ; 7.106 ; 7.106 ;
; sinalMUX[0] ; seg7[0]     ; 6.576 ; 6.576 ; 6.576 ; 6.576 ;
; sinalMUX[0] ; seg7[1]     ; 6.579 ; 6.579 ; 6.579 ; 6.579 ;
; sinalMUX[0] ; seg7[2]     ; 6.645 ; 6.645 ; 6.645 ; 6.645 ;
; sinalMUX[0] ; seg7[3]     ; 6.613 ; 6.613 ; 6.613 ; 6.613 ;
; sinalMUX[0] ; seg7[4]     ; 6.701 ; 6.701 ; 6.701 ; 6.701 ;
; sinalMUX[0] ; seg7[5]     ; 6.674 ; 6.674 ; 6.674 ; 6.674 ;
; sinalMUX[0] ; seg7[6]     ; 6.699 ; 6.699 ; 6.699 ; 6.699 ;
; sinalMUX[0] ; seg7[7]     ; 7.081 ; 7.081 ; 7.081 ; 7.081 ;
; sinalMUX[0] ; v           ; 6.905 ; 6.905 ; 6.905 ; 6.905 ;
; sinalMUX[0] ; z           ; 7.063 ; 7.063 ; 7.063 ; 7.063 ;
; sinalMUX[1] ; n           ; 6.811 ; 6.811 ; 6.811 ; 6.811 ;
; sinalMUX[1] ; seg7[0]     ; 6.281 ; 6.281 ; 6.281 ; 6.281 ;
; sinalMUX[1] ; seg7[1]     ; 6.284 ; 6.284 ; 6.284 ; 6.284 ;
; sinalMUX[1] ; seg7[2]     ; 6.314 ; 6.314 ; 6.314 ; 6.314 ;
; sinalMUX[1] ; seg7[3]     ; 6.282 ; 6.282 ; 6.282 ; 6.282 ;
; sinalMUX[1] ; seg7[4]     ; 6.406 ; 6.406 ; 6.406 ; 6.406 ;
; sinalMUX[1] ; seg7[5]     ; 6.379 ; 6.379 ; 6.379 ; 6.379 ;
; sinalMUX[1] ; seg7[6]     ; 6.404 ; 6.404 ; 6.404 ; 6.404 ;
; sinalMUX[1] ; seg7[7]     ; 6.786 ; 6.786 ; 6.786 ; 6.786 ;
; sinalMUX[1] ; v           ; 6.539 ; 6.539 ; 6.539 ; 6.539 ;
; sinalMUX[1] ; z           ; 6.768 ; 6.768 ; 6.768 ; 6.768 ;
; sinalMUX[2] ; n           ; 7.061 ; 7.061 ; 7.061 ; 7.061 ;
; sinalMUX[2] ; seg7[0]     ; 6.531 ; 6.531 ; 6.531 ; 6.531 ;
; sinalMUX[2] ; seg7[1]     ; 6.534 ; 6.534 ; 6.534 ; 6.534 ;
; sinalMUX[2] ; seg7[2]     ; 6.582 ; 6.582 ; 6.582 ; 6.582 ;
; sinalMUX[2] ; seg7[3]     ; 6.550 ; 6.550 ; 6.550 ; 6.550 ;
; sinalMUX[2] ; seg7[4]     ; 6.656 ; 6.656 ; 6.656 ; 6.656 ;
; sinalMUX[2] ; seg7[5]     ; 6.629 ; 6.629 ; 6.629 ; 6.629 ;
; sinalMUX[2] ; seg7[6]     ; 6.654 ; 6.654 ; 6.654 ; 6.654 ;
; sinalMUX[2] ; seg7[7]     ; 7.036 ; 7.036 ; 7.036 ; 7.036 ;
; sinalMUX[2] ; v           ; 6.462 ; 6.462 ; 6.462 ; 6.462 ;
; sinalMUX[2] ; z           ; 7.018 ; 7.018 ; 7.018 ; 7.018 ;
; sinalMUX[3] ; n           ; 7.569 ; 7.569 ; 7.569 ; 7.569 ;
; sinalMUX[3] ; seg7[0]     ; 6.704 ; 6.757 ; 6.757 ; 6.704 ;
; sinalMUX[3] ; seg7[1]     ; 6.700 ; 6.753 ; 6.753 ; 6.700 ;
; sinalMUX[3] ; seg7[2]     ; 6.609 ; 6.662 ; 6.662 ; 6.609 ;
; sinalMUX[3] ; seg7[3]     ; 6.577 ; 6.577 ; 6.577 ; 6.577 ;
; sinalMUX[3] ; seg7[4]     ; 6.869 ; 6.816 ; 6.816 ; 6.869 ;
; sinalMUX[3] ; seg7[5]     ; 6.786 ; 6.786 ; 6.786 ; 6.786 ;
; sinalMUX[3] ; seg7[6]     ; 6.822 ; 6.822 ; 6.822 ; 6.822 ;
; sinalMUX[3] ; seg7[7]     ; 7.544 ; 7.544 ; 7.544 ; 7.544 ;
; sinalMUX[3] ; v           ;       ; 6.711 ; 6.711 ;       ;
; sinalMUX[3] ; z           ; 7.230 ; 7.177 ; 7.177 ; 7.230 ;
+-------------+-------------+-------+-------+-------+-------+


-------------------
; Clock Transfers ;
-------------------
Nothing to report.


---------------
; Report TCCS ;
---------------
No dedicated SERDES Transmitter circuitry present in device or used in design


---------------
; Report RSKM ;
---------------
No dedicated SERDES Receiver circuitry present in device or used in design


+------------------------------------------------+
; Unconstrained Paths                            ;
+---------------------------------+-------+------+
; Property                        ; Setup ; Hold ;
+---------------------------------+-------+------+
; Illegal Clocks                  ; 0     ; 0    ;
; Unconstrained Clocks            ; 0     ; 0    ;
; Unconstrained Input Ports       ; 12    ; 12   ;
; Unconstrained Input Port Paths  ; 132   ; 132  ;
; Unconstrained Output Ports      ; 11    ; 11   ;
; Unconstrained Output Port Paths ; 132   ; 132  ;
+---------------------------------+-------+------+


+------------------------------------+
; TimeQuest Timing Analyzer Messages ;
+------------------------------------+
Info: *******************************************************************
Info: Running Quartus II 64-Bit TimeQuest Timing Analyzer
    Info: Version 13.0.1 Build 232 06/12/2013 Service Pack 1 SJ Web Edition
    Info: Processing started: Thu Mar 30 20:29:26 2023
Info: Command: quartus_sta ula -c ula
Info: qsta_default_script.tcl version: #1
Warning (20028): Parallel compilation is not licensed and has been disabled
Info (21077): Low junction temperature is 0 degrees C
Info (21077): High junction temperature is 85 degrees C
Critical Warning (332012): Synopsys Design Constraints File file not found: 'ula.sdc'. A Synopsys Design Constraints File is required by the TimeQuest Timing Analyzer to get proper timing constraints. Without it, the Compiler will not properly optimize the design.
Info (332142): No user constrained base clocks found in the design. Calling "derive_clocks -period 1.0"
Info (332096): The command derive_clocks did not find any clocks to derive.  No clocks were created or changed.
Warning (332068): No clocks defined in design.
Info: Found TIMEQUEST_REPORT_SCRIPT_INCLUDE_DEFAULT_ANALYSIS = ON
Info (332159): No clocks to report
Info: Analyzing Slow Model
Info (332140): No fmax paths to report
Info (332140): No Setup paths to report
Info (332140): No Hold paths to report
Info (332140): No Recovery paths to report
Info (332140): No Removal paths to report
Info (332140): No Minimum Pulse Width paths to report
Info (332001): The selected device family is not supported by the report_metastability command.
Info: Analyzing Fast Model
Info (332142): No user constrained base clocks found in the design. Calling "derive_clocks -period 1.0"
Info (332096): The command derive_clocks did not find any clocks to derive.  No clocks were created or changed.
Warning (332068): No clocks defined in design.
Info (332140): No Setup paths to report
Info (332140): No Hold paths to report
Info (332140): No Recovery paths to report
Info (332140): No Removal paths to report
Info (332140): No Minimum Pulse Width paths to report
Info (332001): The selected device family is not supported by the report_metastability command.
Info (332102): Design is not fully constrained for setup requirements
Info (332102): Design is not fully constrained for hold requirements
Info: Quartus II 64-Bit TimeQuest Timing Analyzer was successful. 0 errors, 4 warnings
    Info: Peak virtual memory: 4542 megabytes
    Info: Processing ended: Thu Mar 30 20:29:27 2023
    Info: Elapsed time: 00:00:01
    Info: Total CPU time (on all processors): 00:00:01


