TimeQuest Timing Analyzer report for contador_assin_3
Sat Apr 29 16:45:05 2023
Quartus II 64-Bit Version 13.0.1 Build 232 06/12/2013 Service Pack 1 SJ Web Edition


---------------------
; Table of Contents ;
---------------------
  1. Legal Notice
  2. TimeQuest Timing Analyzer Summary
  3. Parallel Compilation
  4. Clocks
  5. Slow 1200mV 85C Model Fmax Summary
  6. Timing Closure Recommendations
  7. Slow 1200mV 85C Model Setup Summary
  8. Slow 1200mV 85C Model Hold Summary
  9. Slow 1200mV 85C Model Recovery Summary
 10. Slow 1200mV 85C Model Removal Summary
 11. Slow 1200mV 85C Model Minimum Pulse Width Summary
 12. Slow 1200mV 85C Model Minimum Pulse Width: 'clk'
 13. Slow 1200mV 85C Model Minimum Pulse Width: 'q_temp[0]'
 14. Slow 1200mV 85C Model Minimum Pulse Width: 'q_temp[1]'
 15. Setup Times
 16. Hold Times
 17. Clock to Output Times
 18. Minimum Clock to Output Times
 19. Propagation Delay
 20. Minimum Propagation Delay
 21. Slow 1200mV 85C Model Metastability Report
 22. Slow 1200mV 0C Model Fmax Summary
 23. Slow 1200mV 0C Model Setup Summary
 24. Slow 1200mV 0C Model Hold Summary
 25. Slow 1200mV 0C Model Recovery Summary
 26. Slow 1200mV 0C Model Removal Summary
 27. Slow 1200mV 0C Model Minimum Pulse Width Summary
 28. Slow 1200mV 0C Model Minimum Pulse Width: 'clk'
 29. Slow 1200mV 0C Model Minimum Pulse Width: 'q_temp[0]'
 30. Slow 1200mV 0C Model Minimum Pulse Width: 'q_temp[1]'
 31. Setup Times
 32. Hold Times
 33. Clock to Output Times
 34. Minimum Clock to Output Times
 35. Propagation Delay
 36. Minimum Propagation Delay
 37. Slow 1200mV 0C Model Metastability Report
 38. Fast 1200mV 0C Model Setup Summary
 39. Fast 1200mV 0C Model Hold Summary
 40. Fast 1200mV 0C Model Recovery Summary
 41. Fast 1200mV 0C Model Removal Summary
 42. Fast 1200mV 0C Model Minimum Pulse Width Summary
 43. Fast 1200mV 0C Model Minimum Pulse Width: 'clk'
 44. Fast 1200mV 0C Model Minimum Pulse Width: 'q_temp[0]'
 45. Fast 1200mV 0C Model Minimum Pulse Width: 'q_temp[1]'
 46. Setup Times
 47. Hold Times
 48. Clock to Output Times
 49. Minimum Clock to Output Times
 50. Propagation Delay
 51. Minimum Propagation Delay
 52. Fast 1200mV 0C Model Metastability Report
 53. Multicorner Timing Analysis Summary
 54. Setup Times
 55. Hold Times
 56. Clock to Output Times
 57. Minimum Clock to Output Times
 58. Progagation Delay
 59. Minimum Progagation Delay
 60. Board Trace Model Assignments
 61. Input Transition Times
 62. Signal Integrity Metrics (Slow 1200mv 0c Model)
 63. Signal Integrity Metrics (Slow 1200mv 85c Model)
 64. Signal Integrity Metrics (Fast 1200mv 0c Model)
 65. Clock Transfers
 66. Report TCCS
 67. Report RSKM
 68. Unconstrained Paths
 69. TimeQuest Timing Analyzer Messages



----------------
; Legal Notice ;
----------------
Copyright (C) 1991-2013 Altera Corporation
Your use of Altera Corporation's design tools, logic functions 
and other software and tools, and its AMPP partner logic 
functions, and any output files from any of the foregoing 
(including device programming or simulation files), and any 
associated documentation or information are expressly subject 
to the terms and conditions of the Altera Program License 
Subscription Agreement, Altera MegaCore Function License 
Agreement, or other applicable license agreement, including, 
without limitation, that your use is for the sole purpose of 
programming logic devices manufactured by Altera and sold by 
Altera or its authorized distributors.  Please refer to the 
applicable agreement for further details.



+----------------------------------------------------------------------------------------+
; TimeQuest Timing Analyzer Summary                                                      ;
+--------------------+-------------------------------------------------------------------+
; Quartus II Version ; Version 13.0.1 Build 232 06/12/2013 Service Pack 1 SJ Web Edition ;
; Revision Name      ; contador_assin_3                                                  ;
; Device Family      ; Cyclone IV GX                                                     ;
; Device Name        ; EP4CGX15BF14C6                                                    ;
; Timing Models      ; Final                                                             ;
; Delay Model        ; Combined                                                          ;
; Rise/Fall Delays   ; Enabled                                                           ;
+--------------------+-------------------------------------------------------------------+


Parallel compilation was disabled, but you have multiple processors available. Enable parallel compilation to reduce compilation time.
+-------------------------------------+
; Parallel Compilation                ;
+----------------------------+--------+
; Processors                 ; Number ;
+----------------------------+--------+
; Number detected on machine ; 4      ;
; Maximum allowed            ; 1      ;
+----------------------------+--------+


+---------------------------------------------------------------------------------------------------------------------------------------------------------------------------------------+
; Clocks                                                                                                                                                                                ;
+------------+------+--------+------------+-------+-------+------------+-----------+-------------+-------+--------+-----------+------------+----------+--------+--------+---------------+
; Clock Name ; Type ; Period ; Frequency  ; Rise  ; Fall  ; Duty Cycle ; Divide by ; Multiply by ; Phase ; Offset ; Edge List ; Edge Shift ; Inverted ; Master ; Source ; Targets       ;
+------------+------+--------+------------+-------+-------+------------+-----------+-------------+-------+--------+-----------+------------+----------+--------+--------+---------------+
; clk        ; Base ; 1.000  ; 1000.0 MHz ; 0.000 ; 0.500 ;            ;           ;             ;       ;        ;           ;            ;          ;        ;        ; { clk }       ;
; q_temp[0]  ; Base ; 1.000  ; 1000.0 MHz ; 0.000 ; 0.500 ;            ;           ;             ;       ;        ;           ;            ;          ;        ;        ; { q_temp[0] } ;
; q_temp[1]  ; Base ; 1.000  ; 1000.0 MHz ; 0.000 ; 0.500 ;            ;           ;             ;       ;        ;           ;            ;          ;        ;        ; { q_temp[1] } ;
+------------+------+--------+------------+-------+-------+------------+-----------+-------------+-------+--------+-----------+------------+----------+--------+--------+---------------+


--------------------------------------
; Slow 1200mV 85C Model Fmax Summary ;
--------------------------------------
No paths to report.


----------------------------------
; Timing Closure Recommendations ;
----------------------------------
HTML report is unavailable in plain text report export.


---------------------------------------
; Slow 1200mV 85C Model Setup Summary ;
---------------------------------------
No paths to report.


--------------------------------------
; Slow 1200mV 85C Model Hold Summary ;
--------------------------------------
No paths to report.


------------------------------------------
; Slow 1200mV 85C Model Recovery Summary ;
------------------------------------------
No paths to report.


-----------------------------------------
; Slow 1200mV 85C Model Removal Summary ;
-----------------------------------------
No paths to report.


+---------------------------------------------------+
; Slow 1200mV 85C Model Minimum Pulse Width Summary ;
+-----------+--------+------------------------------+
; Clock     ; Slack  ; End Point TNS                ;
+-----------+--------+------------------------------+
; clk       ; -3.000 ; -4.000                       ;
; q_temp[0] ; -1.000 ; -1.000                       ;
; q_temp[1] ; -1.000 ; -1.000                       ;
+-----------+--------+------------------------------+


+------------------------------------------------------------------------------------------------+
; Slow 1200mV 85C Model Minimum Pulse Width: 'clk'                                               ;
+--------+--------------+----------------+------------------+-------+------------+---------------+
; Slack  ; Actual Width ; Required Width ; Type             ; Clock ; Clock Edge ; Target        ;
+--------+--------------+----------------+------------------+-------+------------+---------------+
; -3.000 ; 1.000        ; 4.000          ; Port Rate        ; clk   ; Rise       ; clk           ;
; -1.000 ; 1.000        ; 2.000          ; Min Period       ; clk   ; Rise       ; q_temp[0]     ;
; 0.153  ; 0.337        ; 0.184          ; Low Pulse Width  ; clk   ; Rise       ; q_temp[0]     ;
; 0.315  ; 0.315        ; 0.000          ; Low Pulse Width  ; clk   ; Rise       ; q_temp[0]|clk ;
; 0.326  ; 0.326        ; 0.000          ; Low Pulse Width  ; clk   ; Rise       ; clk~input|o   ;
; 0.444  ; 0.660        ; 0.216          ; High Pulse Width ; clk   ; Rise       ; q_temp[0]     ;
; 0.500  ; 0.500        ; 0.000          ; High Pulse Width ; clk   ; Rise       ; clk~input|i   ;
; 0.500  ; 0.500        ; 0.000          ; Low Pulse Width  ; clk   ; Rise       ; clk~input|i   ;
; 0.674  ; 0.674        ; 0.000          ; High Pulse Width ; clk   ; Rise       ; clk~input|o   ;
; 0.684  ; 0.684        ; 0.000          ; High Pulse Width ; clk   ; Rise       ; q_temp[0]|clk ;
+--------+--------------+----------------+------------------+-------+------------+---------------+


+----------------------------------------------------------------------------------------------------+
; Slow 1200mV 85C Model Minimum Pulse Width: 'q_temp[0]'                                             ;
+--------+--------------+----------------+------------------+-----------+------------+---------------+
; Slack  ; Actual Width ; Required Width ; Type             ; Clock     ; Clock Edge ; Target        ;
+--------+--------------+----------------+------------------+-----------+------------+---------------+
; -1.000 ; 1.000        ; 2.000          ; Min Period       ; q_temp[0] ; Fall       ; q_temp[1]     ;
; 0.228  ; 0.444        ; 0.216          ; High Pulse Width ; q_temp[0] ; Fall       ; q_temp[1]     ;
; 0.372  ; 0.556        ; 0.184          ; Low Pulse Width  ; q_temp[0] ; Fall       ; q_temp[1]     ;
; 0.435  ; 0.435        ; 0.000          ; Low Pulse Width  ; q_temp[0] ; Rise       ; q_temp[1]|clk ;
; 0.500  ; 0.500        ; 0.000          ; High Pulse Width ; q_temp[0] ; Rise       ; q_temp[0]|q   ;
; 0.500  ; 0.500        ; 0.000          ; Low Pulse Width  ; q_temp[0] ; Rise       ; q_temp[0]|q   ;
; 0.562  ; 0.562        ; 0.000          ; High Pulse Width ; q_temp[0] ; Rise       ; q_temp[1]|clk ;
+--------+--------------+----------------+------------------+-----------+------------+---------------+


+----------------------------------------------------------------------------------------------------+
; Slow 1200mV 85C Model Minimum Pulse Width: 'q_temp[1]'                                             ;
+--------+--------------+----------------+------------------+-----------+------------+---------------+
; Slack  ; Actual Width ; Required Width ; Type             ; Clock     ; Clock Edge ; Target        ;
+--------+--------------+----------------+------------------+-----------+------------+---------------+
; -1.000 ; 1.000        ; 2.000          ; Min Period       ; q_temp[1] ; Fall       ; q_temp[2]     ;
; 0.217  ; 0.433        ; 0.216          ; High Pulse Width ; q_temp[1] ; Fall       ; q_temp[2]     ;
; 0.382  ; 0.566        ; 0.184          ; Low Pulse Width  ; q_temp[1] ; Fall       ; q_temp[2]     ;
; 0.424  ; 0.424        ; 0.000          ; Low Pulse Width  ; q_temp[1] ; Rise       ; q_temp[2]|clk ;
; 0.500  ; 0.500        ; 0.000          ; High Pulse Width ; q_temp[1] ; Rise       ; q_temp[1]|q   ;
; 0.500  ; 0.500        ; 0.000          ; Low Pulse Width  ; q_temp[1] ; Rise       ; q_temp[1]|q   ;
; 0.572  ; 0.572        ; 0.000          ; High Pulse Width ; q_temp[1] ; Rise       ; q_temp[2]|clk ;
+--------+--------------+----------------+------------------+-----------+------------+---------------+


+-----------------------------------------------------------------------+
; Setup Times                                                           ;
+-----------+------------+-------+-------+------------+-----------------+
; Data Port ; Clock Port ; Rise  ; Fall  ; Clock Edge ; Clock Reference ;
+-----------+------------+-------+-------+------------+-----------------+
; d[*]      ; clk        ; 2.231 ; 2.628 ; Rise       ; clk             ;
;  d[0]     ; clk        ; 2.231 ; 2.628 ; Rise       ; clk             ;
; d[*]      ; q_temp[0]  ; 3.600 ; 4.013 ; Fall       ; q_temp[0]       ;
;  d[1]     ; q_temp[0]  ; 3.600 ; 4.013 ; Fall       ; q_temp[0]       ;
; d[*]      ; q_temp[1]  ; 2.678 ; 3.091 ; Fall       ; q_temp[1]       ;
;  d[2]     ; q_temp[1]  ; 2.678 ; 3.091 ; Fall       ; q_temp[1]       ;
+-----------+------------+-------+-------+------------+-----------------+


+-------------------------------------------------------------------------+
; Hold Times                                                              ;
+-----------+------------+--------+--------+------------+-----------------+
; Data Port ; Clock Port ; Rise   ; Fall   ; Clock Edge ; Clock Reference ;
+-----------+------------+--------+--------+------------+-----------------+
; d[*]      ; clk        ; -1.839 ; -2.227 ; Rise       ; clk             ;
;  d[0]     ; clk        ; -1.839 ; -2.227 ; Rise       ; clk             ;
; d[*]      ; q_temp[0]  ; -3.245 ; -3.648 ; Fall       ; q_temp[0]       ;
;  d[1]     ; q_temp[0]  ; -3.245 ; -3.648 ; Fall       ; q_temp[0]       ;
; d[*]      ; q_temp[1]  ; -2.321 ; -2.725 ; Fall       ; q_temp[1]       ;
;  d[2]     ; q_temp[1]  ; -2.321 ; -2.725 ; Fall       ; q_temp[1]       ;
+-----------+------------+--------+--------+------------+-----------------+


+-----------------------------------------------------------------------+
; Clock to Output Times                                                 ;
+-----------+------------+-------+-------+------------+-----------------+
; Data Port ; Clock Port ; Rise  ; Fall  ; Clock Edge ; Clock Reference ;
+-----------+------------+-------+-------+------------+-----------------+
; q_not[*]  ; q_temp[0]  ;       ; 4.781 ; Rise       ; q_temp[0]       ;
;  q_not[0] ; q_temp[0]  ;       ; 4.781 ; Rise       ; q_temp[0]       ;
; q_out[*]  ; q_temp[0]  ; 4.771 ;       ; Rise       ; q_temp[0]       ;
;  q_out[0] ; q_temp[0]  ; 4.771 ;       ; Rise       ; q_temp[0]       ;
; q_not[*]  ; q_temp[0]  ; 4.745 ;       ; Fall       ; q_temp[0]       ;
;  q_not[0] ; q_temp[0]  ; 4.745 ;       ; Fall       ; q_temp[0]       ;
; q_out[*]  ; q_temp[0]  ;       ; 4.735 ; Fall       ; q_temp[0]       ;
;  q_out[0] ; q_temp[0]  ;       ; 4.735 ; Fall       ; q_temp[0]       ;
; q_not[*]  ; q_temp[1]  ;       ; 3.634 ; Rise       ; q_temp[1]       ;
;  q_not[1] ; q_temp[1]  ;       ; 3.634 ; Rise       ; q_temp[1]       ;
; q_out[*]  ; q_temp[1]  ; 3.362 ;       ; Rise       ; q_temp[1]       ;
;  q_out[1] ; q_temp[1]  ; 3.362 ;       ; Rise       ; q_temp[1]       ;
; q_not[*]  ; q_temp[1]  ; 6.586 ; 6.661 ; Fall       ; q_temp[1]       ;
;  q_not[1] ; q_temp[1]  ; 3.501 ;       ; Fall       ; q_temp[1]       ;
;  q_not[2] ; q_temp[1]  ; 6.586 ; 6.661 ; Fall       ; q_temp[1]       ;
; q_out[*]  ; q_temp[1]  ; 6.661 ; 6.586 ; Fall       ; q_temp[1]       ;
;  q_out[1] ; q_temp[1]  ;       ; 3.243 ; Fall       ; q_temp[1]       ;
;  q_out[2] ; q_temp[1]  ; 6.661 ; 6.586 ; Fall       ; q_temp[1]       ;
+-----------+------------+-------+-------+------------+-----------------+


+-----------------------------------------------------------------------+
; Minimum Clock to Output Times                                         ;
+-----------+------------+-------+-------+------------+-----------------+
; Data Port ; Clock Port ; Rise  ; Fall  ; Clock Edge ; Clock Reference ;
+-----------+------------+-------+-------+------------+-----------------+
; q_not[*]  ; q_temp[0]  ;       ; 4.607 ; Rise       ; q_temp[0]       ;
;  q_not[0] ; q_temp[0]  ;       ; 4.607 ; Rise       ; q_temp[0]       ;
; q_out[*]  ; q_temp[0]  ; 4.597 ;       ; Rise       ; q_temp[0]       ;
;  q_out[0] ; q_temp[0]  ; 4.597 ;       ; Rise       ; q_temp[0]       ;
; q_not[*]  ; q_temp[0]  ; 4.565 ;       ; Fall       ; q_temp[0]       ;
;  q_not[0] ; q_temp[0]  ; 4.565 ;       ; Fall       ; q_temp[0]       ;
; q_out[*]  ; q_temp[0]  ;       ; 4.555 ; Fall       ; q_temp[0]       ;
;  q_out[0] ; q_temp[0]  ;       ; 4.555 ; Fall       ; q_temp[0]       ;
; q_not[*]  ; q_temp[1]  ;       ; 3.510 ; Rise       ; q_temp[1]       ;
;  q_not[1] ; q_temp[1]  ;       ; 3.510 ; Rise       ; q_temp[1]       ;
; q_out[*]  ; q_temp[1]  ; 3.245 ;       ; Rise       ; q_temp[1]       ;
;  q_out[1] ; q_temp[1]  ; 3.245 ;       ; Rise       ; q_temp[1]       ;
; q_not[*]  ; q_temp[1]  ; 3.374 ; 6.406 ; Fall       ; q_temp[1]       ;
;  q_not[1] ; q_temp[1]  ; 3.374 ;       ; Fall       ; q_temp[1]       ;
;  q_not[2] ; q_temp[1]  ; 6.326 ; 6.406 ; Fall       ; q_temp[1]       ;
; q_out[*]  ; q_temp[1]  ; 6.406 ; 3.122 ; Fall       ; q_temp[1]       ;
;  q_out[1] ; q_temp[1]  ;       ; 3.122 ; Fall       ; q_temp[1]       ;
;  q_out[2] ; q_temp[1]  ; 6.406 ; 6.326 ; Fall       ; q_temp[1]       ;
+-----------+------------+-------+-------+------------+-----------------+


+----------------------------------------------------------+
; Propagation Delay                                        ;
+------------+-------------+-------+-------+-------+-------+
; Input Port ; Output Port ; RR    ; RF    ; FR    ; FF    ;
+------------+-------------+-------+-------+-------+-------+
; clear      ; q_not[0]    ; 8.297 ;       ;       ; 8.770 ;
; clear      ; q_not[1]    ; 7.053 ;       ;       ; 7.623 ;
; clear      ; q_not[2]    ; 8.724 ;       ;       ; 9.232 ;
; clear      ; q_out[0]    ;       ; 8.287 ; 8.760 ;       ;
; clear      ; q_out[1]    ;       ; 6.795 ; 7.351 ;       ;
; clear      ; q_out[2]    ;       ; 8.724 ; 9.232 ;       ;
+------------+-------------+-------+-------+-------+-------+


+----------------------------------------------------------+
; Minimum Propagation Delay                                ;
+------------+-------------+-------+-------+-------+-------+
; Input Port ; Output Port ; RR    ; RF    ; FR    ; FF    ;
+------------+-------------+-------+-------+-------+-------+
; clear      ; q_not[0]    ; 8.008 ;       ;       ; 8.472 ;
; clear      ; q_not[1]    ; 6.817 ;       ;       ; 7.375 ;
; clear      ; q_not[2]    ; 8.422 ;       ;       ; 8.921 ;
; clear      ; q_out[0]    ;       ; 7.998 ; 8.462 ;       ;
; clear      ; q_out[1]    ;       ; 6.565 ; 7.110 ;       ;
; clear      ; q_out[2]    ;       ; 8.422 ; 8.921 ;       ;
+------------+-------------+-------+-------+-------+-------+


----------------------------------------------
; Slow 1200mV 85C Model Metastability Report ;
----------------------------------------------
No synchronizer chains to report.


-------------------------------------
; Slow 1200mV 0C Model Fmax Summary ;
-------------------------------------
No paths to report.


--------------------------------------
; Slow 1200mV 0C Model Setup Summary ;
--------------------------------------
No paths to report.


-------------------------------------
; Slow 1200mV 0C Model Hold Summary ;
-------------------------------------
No paths to report.


-----------------------------------------
; Slow 1200mV 0C Model Recovery Summary ;
-----------------------------------------
No paths to report.


----------------------------------------
; Slow 1200mV 0C Model Removal Summary ;
----------------------------------------
No paths to report.


+--------------------------------------------------+
; Slow 1200mV 0C Model Minimum Pulse Width Summary ;
+-----------+--------+-----------------------------+
; Clock     ; Slack  ; End Point TNS               ;
+-----------+--------+-----------------------------+
; clk       ; -3.000 ; -4.000                      ;
; q_temp[0] ; -1.000 ; -1.000                      ;
; q_temp[1] ; -1.000 ; -1.000                      ;
+-----------+--------+-----------------------------+


+------------------------------------------------------------------------------------------------+
; Slow 1200mV 0C Model Minimum Pulse Width: 'clk'                                                ;
+--------+--------------+----------------+------------------+-------+------------+---------------+
; Slack  ; Actual Width ; Required Width ; Type             ; Clock ; Clock Edge ; Target        ;
+--------+--------------+----------------+------------------+-------+------------+---------------+
; -3.000 ; 1.000        ; 4.000          ; Port Rate        ; clk   ; Rise       ; clk           ;
; -1.000 ; 1.000        ; 2.000          ; Min Period       ; clk   ; Rise       ; q_temp[0]     ;
; 0.197  ; 0.381        ; 0.184          ; Low Pulse Width  ; clk   ; Rise       ; q_temp[0]     ;
; 0.344  ; 0.344        ; 0.000          ; Low Pulse Width  ; clk   ; Rise       ; clk~input|o   ;
; 0.357  ; 0.357        ; 0.000          ; Low Pulse Width  ; clk   ; Rise       ; q_temp[0]|clk ;
; 0.402  ; 0.618        ; 0.216          ; High Pulse Width ; clk   ; Rise       ; q_temp[0]     ;
; 0.500  ; 0.500        ; 0.000          ; High Pulse Width ; clk   ; Rise       ; clk~input|i   ;
; 0.500  ; 0.500        ; 0.000          ; Low Pulse Width  ; clk   ; Rise       ; clk~input|i   ;
; 0.642  ; 0.642        ; 0.000          ; High Pulse Width ; clk   ; Rise       ; q_temp[0]|clk ;
; 0.656  ; 0.656        ; 0.000          ; High Pulse Width ; clk   ; Rise       ; clk~input|o   ;
+--------+--------------+----------------+------------------+-------+------------+---------------+


+----------------------------------------------------------------------------------------------------+
; Slow 1200mV 0C Model Minimum Pulse Width: 'q_temp[0]'                                              ;
+--------+--------------+----------------+------------------+-----------+------------+---------------+
; Slack  ; Actual Width ; Required Width ; Type             ; Clock     ; Clock Edge ; Target        ;
+--------+--------------+----------------+------------------+-----------+------------+---------------+
; -1.000 ; 1.000        ; 2.000          ; Min Period       ; q_temp[0] ; Fall       ; q_temp[1]     ;
; 0.244  ; 0.460        ; 0.216          ; High Pulse Width ; q_temp[0] ; Fall       ; q_temp[1]     ;
; 0.354  ; 0.538        ; 0.184          ; Low Pulse Width  ; q_temp[0] ; Fall       ; q_temp[1]     ;
; 0.445  ; 0.445        ; 0.000          ; Low Pulse Width  ; q_temp[0] ; Rise       ; q_temp[1]|clk ;
; 0.500  ; 0.500        ; 0.000          ; High Pulse Width ; q_temp[0] ; Rise       ; q_temp[0]|q   ;
; 0.500  ; 0.500        ; 0.000          ; Low Pulse Width  ; q_temp[0] ; Rise       ; q_temp[0]|q   ;
; 0.552  ; 0.552        ; 0.000          ; High Pulse Width ; q_temp[0] ; Rise       ; q_temp[1]|clk ;
+--------+--------------+----------------+------------------+-----------+------------+---------------+


+----------------------------------------------------------------------------------------------------+
; Slow 1200mV 0C Model Minimum Pulse Width: 'q_temp[1]'                                              ;
+--------+--------------+----------------+------------------+-----------+------------+---------------+
; Slack  ; Actual Width ; Required Width ; Type             ; Clock     ; Clock Edge ; Target        ;
+--------+--------------+----------------+------------------+-----------+------------+---------------+
; -1.000 ; 1.000        ; 2.000          ; Min Period       ; q_temp[1] ; Fall       ; q_temp[2]     ;
; 0.255  ; 0.471        ; 0.216          ; High Pulse Width ; q_temp[1] ; Fall       ; q_temp[2]     ;
; 0.344  ; 0.528        ; 0.184          ; Low Pulse Width  ; q_temp[1] ; Fall       ; q_temp[2]     ;
; 0.456  ; 0.456        ; 0.000          ; Low Pulse Width  ; q_temp[1] ; Rise       ; q_temp[2]|clk ;
; 0.500  ; 0.500        ; 0.000          ; High Pulse Width ; q_temp[1] ; Rise       ; q_temp[1]|q   ;
; 0.500  ; 0.500        ; 0.000          ; Low Pulse Width  ; q_temp[1] ; Rise       ; q_temp[1]|q   ;
; 0.542  ; 0.542        ; 0.000          ; High Pulse Width ; q_temp[1] ; Rise       ; q_temp[2]|clk ;
+--------+--------------+----------------+------------------+-----------+------------+---------------+


+-----------------------------------------------------------------------+
; Setup Times                                                           ;
+-----------+------------+-------+-------+------------+-----------------+
; Data Port ; Clock Port ; Rise  ; Fall  ; Clock Edge ; Clock Reference ;
+-----------+------------+-------+-------+------------+-----------------+
; d[*]      ; clk        ; 1.884 ; 2.198 ; Rise       ; clk             ;
;  d[0]     ; clk        ; 1.884 ; 2.198 ; Rise       ; clk             ;
; d[*]      ; q_temp[0]  ; 3.170 ; 3.492 ; Fall       ; q_temp[0]       ;
;  d[1]     ; q_temp[0]  ; 3.170 ; 3.492 ; Fall       ; q_temp[0]       ;
; d[*]      ; q_temp[1]  ; 2.328 ; 2.671 ; Fall       ; q_temp[1]       ;
;  d[2]     ; q_temp[1]  ; 2.328 ; 2.671 ; Fall       ; q_temp[1]       ;
+-----------+------------+-------+-------+------------+-----------------+


+-------------------------------------------------------------------------+
; Hold Times                                                              ;
+-----------+------------+--------+--------+------------+-----------------+
; Data Port ; Clock Port ; Rise   ; Fall   ; Clock Edge ; Clock Reference ;
+-----------+------------+--------+--------+------------+-----------------+
; d[*]      ; clk        ; -1.535 ; -1.841 ; Rise       ; clk             ;
;  d[0]     ; clk        ; -1.535 ; -1.841 ; Rise       ; clk             ;
; d[*]      ; q_temp[0]  ; -2.855 ; -3.169 ; Fall       ; q_temp[0]       ;
;  d[1]     ; q_temp[0]  ; -2.855 ; -3.169 ; Fall       ; q_temp[0]       ;
; d[*]      ; q_temp[1]  ; -2.013 ; -2.348 ; Fall       ; q_temp[1]       ;
;  d[2]     ; q_temp[1]  ; -2.013 ; -2.348 ; Fall       ; q_temp[1]       ;
+-----------+------------+--------+--------+------------+-----------------+


+-----------------------------------------------------------------------+
; Clock to Output Times                                                 ;
+-----------+------------+-------+-------+------------+-----------------+
; Data Port ; Clock Port ; Rise  ; Fall  ; Clock Edge ; Clock Reference ;
+-----------+------------+-------+-------+------------+-----------------+
; q_not[*]  ; q_temp[0]  ;       ; 4.287 ; Rise       ; q_temp[0]       ;
;  q_not[0] ; q_temp[0]  ;       ; 4.287 ; Rise       ; q_temp[0]       ;
; q_out[*]  ; q_temp[0]  ; 4.277 ;       ; Rise       ; q_temp[0]       ;
;  q_out[0] ; q_temp[0]  ; 4.277 ;       ; Rise       ; q_temp[0]       ;
; q_not[*]  ; q_temp[0]  ; 4.194 ;       ; Fall       ; q_temp[0]       ;
;  q_not[0] ; q_temp[0]  ; 4.194 ;       ; Fall       ; q_temp[0]       ;
; q_out[*]  ; q_temp[0]  ;       ; 4.184 ; Fall       ; q_temp[0]       ;
;  q_out[0] ; q_temp[0]  ;       ; 4.184 ; Fall       ; q_temp[0]       ;
; q_not[*]  ; q_temp[1]  ;       ; 3.245 ; Rise       ; q_temp[1]       ;
;  q_not[1] ; q_temp[1]  ;       ; 3.245 ; Rise       ; q_temp[1]       ;
; q_out[*]  ; q_temp[1]  ; 2.966 ;       ; Rise       ; q_temp[1]       ;
;  q_out[1] ; q_temp[1]  ; 2.966 ;       ; Rise       ; q_temp[1]       ;
; q_not[*]  ; q_temp[1]  ; 5.863 ; 5.979 ; Fall       ; q_temp[1]       ;
;  q_not[1] ; q_temp[1]  ; 3.081 ;       ; Fall       ; q_temp[1]       ;
;  q_not[2] ; q_temp[1]  ; 5.863 ; 5.979 ; Fall       ; q_temp[1]       ;
; q_out[*]  ; q_temp[1]  ; 5.979 ; 5.863 ; Fall       ; q_temp[1]       ;
;  q_out[1] ; q_temp[1]  ;       ; 2.854 ; Fall       ; q_temp[1]       ;
;  q_out[2] ; q_temp[1]  ; 5.979 ; 5.863 ; Fall       ; q_temp[1]       ;
+-----------+------------+-------+-------+------------+-----------------+


+-----------------------------------------------------------------------+
; Minimum Clock to Output Times                                         ;
+-----------+------------+-------+-------+------------+-----------------+
; Data Port ; Clock Port ; Rise  ; Fall  ; Clock Edge ; Clock Reference ;
+-----------+------------+-------+-------+------------+-----------------+
; q_not[*]  ; q_temp[0]  ;       ; 4.128 ; Rise       ; q_temp[0]       ;
;  q_not[0] ; q_temp[0]  ;       ; 4.128 ; Rise       ; q_temp[0]       ;
; q_out[*]  ; q_temp[0]  ; 4.118 ;       ; Rise       ; q_temp[0]       ;
;  q_out[0] ; q_temp[0]  ; 4.118 ;       ; Rise       ; q_temp[0]       ;
; q_not[*]  ; q_temp[0]  ; 4.032 ;       ; Fall       ; q_temp[0]       ;
;  q_not[0] ; q_temp[0]  ; 4.032 ;       ; Fall       ; q_temp[0]       ;
; q_out[*]  ; q_temp[0]  ;       ; 4.022 ; Fall       ; q_temp[0]       ;
;  q_out[0] ; q_temp[0]  ;       ; 4.022 ; Fall       ; q_temp[0]       ;
; q_not[*]  ; q_temp[1]  ;       ; 3.132 ; Rise       ; q_temp[1]       ;
;  q_not[1] ; q_temp[1]  ;       ; 3.132 ; Rise       ; q_temp[1]       ;
; q_out[*]  ; q_temp[1]  ; 2.860 ;       ; Rise       ; q_temp[1]       ;
;  q_out[1] ; q_temp[1]  ; 2.860 ;       ; Rise       ; q_temp[1]       ;
; q_not[*]  ; q_temp[1]  ; 2.965 ; 5.749 ; Fall       ; q_temp[1]       ;
;  q_not[1] ; q_temp[1]  ; 2.965 ;       ; Fall       ; q_temp[1]       ;
;  q_not[2] ; q_temp[1]  ; 5.630 ; 5.749 ; Fall       ; q_temp[1]       ;
; q_out[*]  ; q_temp[1]  ; 5.749 ; 2.745 ; Fall       ; q_temp[1]       ;
;  q_out[1] ; q_temp[1]  ;       ; 2.745 ; Fall       ; q_temp[1]       ;
;  q_out[2] ; q_temp[1]  ; 5.749 ; 5.630 ; Fall       ; q_temp[1]       ;
+-----------+------------+-------+-------+------------+-----------------+


+----------------------------------------------------------+
; Propagation Delay                                        ;
+------------+-------------+-------+-------+-------+-------+
; Input Port ; Output Port ; RR    ; RF    ; FR    ; FF    ;
+------------+-------------+-------+-------+-------+-------+
; clear      ; q_not[0]    ; 7.322 ;       ;       ; 7.759 ;
; clear      ; q_not[1]    ; 6.209 ;       ;       ; 6.717 ;
; clear      ; q_not[2]    ; 7.723 ;       ;       ; 8.186 ;
; clear      ; q_out[0]    ;       ; 7.312 ; 7.749 ;       ;
; clear      ; q_out[1]    ;       ; 5.982 ; 6.438 ;       ;
; clear      ; q_out[2]    ;       ; 7.723 ; 8.186 ;       ;
+------------+-------------+-------+-------+-------+-------+


+----------------------------------------------------------+
; Minimum Propagation Delay                                ;
+------------+-------------+-------+-------+-------+-------+
; Input Port ; Output Port ; RR    ; RF    ; FR    ; FF    ;
+------------+-------------+-------+-------+-------+-------+
; clear      ; q_not[0]    ; 7.066 ;       ;       ; 7.494 ;
; clear      ; q_not[1]    ; 5.999 ;       ;       ; 6.498 ;
; clear      ; q_not[2]    ; 7.455 ;       ;       ; 7.909 ;
; clear      ; q_out[0]    ;       ; 7.056 ; 7.484 ;       ;
; clear      ; q_out[1]    ;       ; 5.779 ; 6.226 ;       ;
; clear      ; q_out[2]    ;       ; 7.455 ; 7.909 ;       ;
+------------+-------------+-------+-------+-------+-------+


---------------------------------------------
; Slow 1200mV 0C Model Metastability Report ;
---------------------------------------------
No synchronizer chains to report.


--------------------------------------
; Fast 1200mV 0C Model Setup Summary ;
--------------------------------------
No paths to report.


-------------------------------------
; Fast 1200mV 0C Model Hold Summary ;
-------------------------------------
No paths to report.


-----------------------------------------
; Fast 1200mV 0C Model Recovery Summary ;
-----------------------------------------
No paths to report.


----------------------------------------
; Fast 1200mV 0C Model Removal Summary ;
----------------------------------------
No paths to report.


+--------------------------------------------------+
; Fast 1200mV 0C Model Minimum Pulse Width Summary ;
+-----------+--------+-----------------------------+
; Clock     ; Slack  ; End Point TNS               ;
+-----------+--------+-----------------------------+
; clk       ; -3.000 ; -4.096                      ;
; q_temp[0] ; -1.000 ; -1.000                      ;
; q_temp[1] ; -1.000 ; -1.000                      ;
+-----------+--------+-----------------------------+


+------------------------------------------------------------------------------------------------+
; Fast 1200mV 0C Model Minimum Pulse Width: 'clk'                                                ;
+--------+--------------+----------------+------------------+-------+------------+---------------+
; Slack  ; Actual Width ; Required Width ; Type             ; Clock ; Clock Edge ; Target        ;
+--------+--------------+----------------+------------------+-------+------------+---------------+
; -3.000 ; 1.000        ; 4.000          ; Port Rate        ; clk   ; Rise       ; clk           ;
; -1.000 ; 1.000        ; 2.000          ; Min Period       ; clk   ; Rise       ; q_temp[0]     ;
; -0.096 ; 0.088        ; 0.184          ; Low Pulse Width  ; clk   ; Rise       ; q_temp[0]     ;
; 0.084  ; 0.084        ; 0.000          ; Low Pulse Width  ; clk   ; Rise       ; q_temp[0]|clk ;
; 0.125  ; 0.125        ; 0.000          ; Low Pulse Width  ; clk   ; Rise       ; clk~input|o   ;
; 0.500  ; 0.500        ; 0.000          ; High Pulse Width ; clk   ; Rise       ; clk~input|i   ;
; 0.500  ; 0.500        ; 0.000          ; Low Pulse Width  ; clk   ; Rise       ; clk~input|i   ;
; 0.692  ; 0.908        ; 0.216          ; High Pulse Width ; clk   ; Rise       ; q_temp[0]     ;
; 0.875  ; 0.875        ; 0.000          ; High Pulse Width ; clk   ; Rise       ; clk~input|o   ;
; 0.914  ; 0.914        ; 0.000          ; High Pulse Width ; clk   ; Rise       ; q_temp[0]|clk ;
+--------+--------------+----------------+------------------+-------+------------+---------------+


+----------------------------------------------------------------------------------------------------+
; Fast 1200mV 0C Model Minimum Pulse Width: 'q_temp[0]'                                              ;
+--------+--------------+----------------+------------------+-----------+------------+---------------+
; Slack  ; Actual Width ; Required Width ; Type             ; Clock     ; Clock Edge ; Target        ;
+--------+--------------+----------------+------------------+-----------+------------+---------------+
; -1.000 ; 1.000        ; 2.000          ; Min Period       ; q_temp[0] ; Fall       ; q_temp[1]     ;
; 0.244  ; 0.460        ; 0.216          ; High Pulse Width ; q_temp[0] ; Fall       ; q_temp[1]     ;
; 0.356  ; 0.540        ; 0.184          ; Low Pulse Width  ; q_temp[0] ; Fall       ; q_temp[1]     ;
; 0.465  ; 0.465        ; 0.000          ; Low Pulse Width  ; q_temp[0] ; Rise       ; q_temp[1]|clk ;
; 0.500  ; 0.500        ; 0.000          ; High Pulse Width ; q_temp[0] ; Rise       ; q_temp[0]|q   ;
; 0.500  ; 0.500        ; 0.000          ; Low Pulse Width  ; q_temp[0] ; Rise       ; q_temp[0]|q   ;
; 0.534  ; 0.534        ; 0.000          ; High Pulse Width ; q_temp[0] ; Rise       ; q_temp[1]|clk ;
+--------+--------------+----------------+------------------+-----------+------------+---------------+


+----------------------------------------------------------------------------------------------------+
; Fast 1200mV 0C Model Minimum Pulse Width: 'q_temp[1]'                                              ;
+--------+--------------+----------------+------------------+-----------+------------+---------------+
; Slack  ; Actual Width ; Required Width ; Type             ; Clock     ; Clock Edge ; Target        ;
+--------+--------------+----------------+------------------+-----------+------------+---------------+
; -1.000 ; 1.000        ; 2.000          ; Min Period       ; q_temp[1] ; Fall       ; q_temp[2]     ;
; 0.205  ; 0.421        ; 0.216          ; High Pulse Width ; q_temp[1] ; Fall       ; q_temp[2]     ;
; 0.393  ; 0.577        ; 0.184          ; Low Pulse Width  ; q_temp[1] ; Fall       ; q_temp[2]     ;
; 0.426  ; 0.426        ; 0.000          ; Low Pulse Width  ; q_temp[1] ; Rise       ; q_temp[2]|clk ;
; 0.500  ; 0.500        ; 0.000          ; High Pulse Width ; q_temp[1] ; Rise       ; q_temp[1]|q   ;
; 0.500  ; 0.500        ; 0.000          ; Low Pulse Width  ; q_temp[1] ; Rise       ; q_temp[1]|q   ;
; 0.571  ; 0.571        ; 0.000          ; High Pulse Width ; q_temp[1] ; Rise       ; q_temp[2]|clk ;
+--------+--------------+----------------+------------------+-----------+------------+---------------+


+-----------------------------------------------------------------------+
; Setup Times                                                           ;
+-----------+------------+-------+-------+------------+-----------------+
; Data Port ; Clock Port ; Rise  ; Fall  ; Clock Edge ; Clock Reference ;
+-----------+------------+-------+-------+------------+-----------------+
; d[*]      ; clk        ; 1.293 ; 1.861 ; Rise       ; clk             ;
;  d[0]     ; clk        ; 1.293 ; 1.861 ; Rise       ; clk             ;
; d[*]      ; q_temp[0]  ; 2.023 ; 2.601 ; Fall       ; q_temp[0]       ;
;  d[1]     ; q_temp[0]  ; 2.023 ; 2.601 ; Fall       ; q_temp[0]       ;
; d[*]      ; q_temp[1]  ; 1.495 ; 2.037 ; Fall       ; q_temp[1]       ;
;  d[2]     ; q_temp[1]  ; 1.495 ; 2.037 ; Fall       ; q_temp[1]       ;
+-----------+------------+-------+-------+------------+-----------------+


+-------------------------------------------------------------------------+
; Hold Times                                                              ;
+-----------+------------+--------+--------+------------+-----------------+
; Data Port ; Clock Port ; Rise   ; Fall   ; Clock Edge ; Clock Reference ;
+-----------+------------+--------+--------+------------+-----------------+
; d[*]      ; clk        ; -1.073 ; -1.633 ; Rise       ; clk             ;
;  d[0]     ; clk        ; -1.073 ; -1.633 ; Rise       ; clk             ;
; d[*]      ; q_temp[0]  ; -1.823 ; -2.394 ; Fall       ; q_temp[0]       ;
;  d[1]     ; q_temp[0]  ; -1.823 ; -2.394 ; Fall       ; q_temp[0]       ;
; d[*]      ; q_temp[1]  ; -1.293 ; -1.828 ; Fall       ; q_temp[1]       ;
;  d[2]     ; q_temp[1]  ; -1.293 ; -1.828 ; Fall       ; q_temp[1]       ;
+-----------+------------+--------+--------+------------+-----------------+


+-----------------------------------------------------------------------+
; Clock to Output Times                                                 ;
+-----------+------------+-------+-------+------------+-----------------+
; Data Port ; Clock Port ; Rise  ; Fall  ; Clock Edge ; Clock Reference ;
+-----------+------------+-------+-------+------------+-----------------+
; q_not[*]  ; q_temp[0]  ;       ; 2.788 ; Rise       ; q_temp[0]       ;
;  q_not[0] ; q_temp[0]  ;       ; 2.788 ; Rise       ; q_temp[0]       ;
; q_out[*]  ; q_temp[0]  ; 2.778 ;       ; Rise       ; q_temp[0]       ;
;  q_out[0] ; q_temp[0]  ; 2.778 ;       ; Rise       ; q_temp[0]       ;
; q_not[*]  ; q_temp[0]  ; 2.903 ;       ; Fall       ; q_temp[0]       ;
;  q_not[0] ; q_temp[0]  ; 2.903 ;       ; Fall       ; q_temp[0]       ;
; q_out[*]  ; q_temp[0]  ;       ; 2.893 ; Fall       ; q_temp[0]       ;
;  q_out[0] ; q_temp[0]  ;       ; 2.893 ; Fall       ; q_temp[0]       ;
; q_not[*]  ; q_temp[1]  ;       ; 2.128 ; Rise       ; q_temp[1]       ;
;  q_not[1] ; q_temp[1]  ;       ; 2.128 ; Rise       ; q_temp[1]       ;
; q_out[*]  ; q_temp[1]  ; 1.978 ;       ; Rise       ; q_temp[1]       ;
;  q_out[1] ; q_temp[1]  ; 1.978 ;       ; Rise       ; q_temp[1]       ;
; q_not[*]  ; q_temp[1]  ; 4.066 ; 3.915 ; Fall       ; q_temp[1]       ;
;  q_not[1] ; q_temp[1]  ; 2.149 ;       ; Fall       ; q_temp[1]       ;
;  q_not[2] ; q_temp[1]  ; 4.066 ; 3.915 ; Fall       ; q_temp[1]       ;
; q_out[*]  ; q_temp[1]  ; 3.915 ; 4.066 ; Fall       ; q_temp[1]       ;
;  q_out[1] ; q_temp[1]  ;       ; 1.976 ; Fall       ; q_temp[1]       ;
;  q_out[2] ; q_temp[1]  ; 3.915 ; 4.066 ; Fall       ; q_temp[1]       ;
+-----------+------------+-------+-------+------------+-----------------+


+-----------------------------------------------------------------------+
; Minimum Clock to Output Times                                         ;
+-----------+------------+-------+-------+------------+-----------------+
; Data Port ; Clock Port ; Rise  ; Fall  ; Clock Edge ; Clock Reference ;
+-----------+------------+-------+-------+------------+-----------------+
; q_not[*]  ; q_temp[0]  ;       ; 2.684 ; Rise       ; q_temp[0]       ;
;  q_not[0] ; q_temp[0]  ;       ; 2.684 ; Rise       ; q_temp[0]       ;
; q_out[*]  ; q_temp[0]  ; 2.674 ;       ; Rise       ; q_temp[0]       ;
;  q_out[0] ; q_temp[0]  ; 2.674 ;       ; Rise       ; q_temp[0]       ;
; q_not[*]  ; q_temp[0]  ; 2.791 ;       ; Fall       ; q_temp[0]       ;
;  q_not[0] ; q_temp[0]  ; 2.791 ;       ; Fall       ; q_temp[0]       ;
; q_out[*]  ; q_temp[0]  ;       ; 2.781 ; Fall       ; q_temp[0]       ;
;  q_out[0] ; q_temp[0]  ;       ; 2.781 ; Fall       ; q_temp[0]       ;
; q_not[*]  ; q_temp[1]  ;       ; 2.052 ; Rise       ; q_temp[1]       ;
;  q_not[1] ; q_temp[1]  ;       ; 2.052 ; Rise       ; q_temp[1]       ;
; q_out[*]  ; q_temp[1]  ; 1.905 ;       ; Rise       ; q_temp[1]       ;
;  q_out[1] ; q_temp[1]  ; 1.905 ;       ; Rise       ; q_temp[1]       ;
; q_not[*]  ; q_temp[1]  ; 2.069 ; 3.761 ; Fall       ; q_temp[1]       ;
;  q_not[1] ; q_temp[1]  ; 2.069 ;       ; Fall       ; q_temp[1]       ;
;  q_not[2] ; q_temp[1]  ; 3.903 ; 3.761 ; Fall       ; q_temp[1]       ;
; q_out[*]  ; q_temp[1]  ; 3.761 ; 1.901 ; Fall       ; q_temp[1]       ;
;  q_out[1] ; q_temp[1]  ;       ; 1.901 ; Fall       ; q_temp[1]       ;
;  q_out[2] ; q_temp[1]  ; 3.761 ; 3.903 ; Fall       ; q_temp[1]       ;
+-----------+------------+-------+-------+------------+-----------------+


+----------------------------------------------------------+
; Propagation Delay                                        ;
+------------+-------------+-------+-------+-------+-------+
; Input Port ; Output Port ; RR    ; RF    ; FR    ; FF    ;
+------------+-------------+-------+-------+-------+-------+
; clear      ; q_not[0]    ; 4.928 ;       ;       ; 5.389 ;
; clear      ; q_not[1]    ; 4.174 ;       ;       ; 4.729 ;
; clear      ; q_not[2]    ; 5.266 ;       ;       ; 5.703 ;
; clear      ; q_out[0]    ;       ; 4.918 ; 5.379 ;       ;
; clear      ; q_out[1]    ;       ; 4.001 ; 4.579 ;       ;
; clear      ; q_out[2]    ;       ; 5.266 ; 5.703 ;       ;
+------------+-------------+-------+-------+-------+-------+


+----------------------------------------------------------+
; Minimum Propagation Delay                                ;
+------------+-------------+-------+-------+-------+-------+
; Input Port ; Output Port ; RR    ; RF    ; FR    ; FF    ;
+------------+-------------+-------+-------+-------+-------+
; clear      ; q_not[0]    ; 4.755 ;       ;       ; 5.213 ;
; clear      ; q_not[1]    ; 4.033 ;       ;       ; 4.581 ;
; clear      ; q_not[2]    ; 5.082 ;       ;       ; 5.517 ;
; clear      ; q_out[0]    ;       ; 4.745 ; 5.203 ;       ;
; clear      ; q_out[1]    ;       ; 3.865 ; 4.434 ;       ;
; clear      ; q_out[2]    ;       ; 5.082 ; 5.517 ;       ;
+------------+-------------+-------+-------+-------+-------+


---------------------------------------------
; Fast 1200mV 0C Model Metastability Report ;
---------------------------------------------
No synchronizer chains to report.


+----------------------------------------------------------------------------+
; Multicorner Timing Analysis Summary                                        ;
+------------------+-------+------+----------+---------+---------------------+
; Clock            ; Setup ; Hold ; Recovery ; Removal ; Minimum Pulse Width ;
+------------------+-------+------+----------+---------+---------------------+
; Worst-case Slack ; N/A   ; N/A  ; N/A      ; N/A     ; -3.000              ;
;  clk             ; N/A   ; N/A  ; N/A      ; N/A     ; -3.000              ;
;  q_temp[0]       ; N/A   ; N/A  ; N/A      ; N/A     ; -1.000              ;
;  q_temp[1]       ; N/A   ; N/A  ; N/A      ; N/A     ; -1.000              ;
; Design-wide TNS  ; 0.0   ; 0.0  ; 0.0      ; 0.0     ; -6.096              ;
;  clk             ; N/A   ; N/A  ; N/A      ; N/A     ; -4.096              ;
;  q_temp[0]       ; N/A   ; N/A  ; N/A      ; N/A     ; -1.000              ;
;  q_temp[1]       ; N/A   ; N/A  ; N/A      ; N/A     ; -1.000              ;
+------------------+-------+------+----------+---------+---------------------+


+-----------------------------------------------------------------------+
; Setup Times                                                           ;
+-----------+------------+-------+-------+------------+-----------------+
; Data Port ; Clock Port ; Rise  ; Fall  ; Clock Edge ; Clock Reference ;
+-----------+------------+-------+-------+------------+-----------------+
; d[*]      ; clk        ; 2.231 ; 2.628 ; Rise       ; clk             ;
;  d[0]     ; clk        ; 2.231 ; 2.628 ; Rise       ; clk             ;
; d[*]      ; q_temp[0]  ; 3.600 ; 4.013 ; Fall       ; q_temp[0]       ;
;  d[1]     ; q_temp[0]  ; 3.600 ; 4.013 ; Fall       ; q_temp[0]       ;
; d[*]      ; q_temp[1]  ; 2.678 ; 3.091 ; Fall       ; q_temp[1]       ;
;  d[2]     ; q_temp[1]  ; 2.678 ; 3.091 ; Fall       ; q_temp[1]       ;
+-----------+------------+-------+-------+------------+-----------------+


+-------------------------------------------------------------------------+
; Hold Times                                                              ;
+-----------+------------+--------+--------+------------+-----------------+
; Data Port ; Clock Port ; Rise   ; Fall   ; Clock Edge ; Clock Reference ;
+-----------+------------+--------+--------+------------+-----------------+
; d[*]      ; clk        ; -1.073 ; -1.633 ; Rise       ; clk             ;
;  d[0]     ; clk        ; -1.073 ; -1.633 ; Rise       ; clk             ;
; d[*]      ; q_temp[0]  ; -1.823 ; -2.394 ; Fall       ; q_temp[0]       ;
;  d[1]     ; q_temp[0]  ; -1.823 ; -2.394 ; Fall       ; q_temp[0]       ;
; d[*]      ; q_temp[1]  ; -1.293 ; -1.828 ; Fall       ; q_temp[1]       ;
;  d[2]     ; q_temp[1]  ; -1.293 ; -1.828 ; Fall       ; q_temp[1]       ;
+-----------+------------+--------+--------+------------+-----------------+


+-----------------------------------------------------------------------+
; Clock to Output Times                                                 ;
+-----------+------------+-------+-------+------------+-----------------+
; Data Port ; Clock Port ; Rise  ; Fall  ; Clock Edge ; Clock Reference ;
+-----------+------------+-------+-------+------------+-----------------+
; q_not[*]  ; q_temp[0]  ;       ; 4.781 ; Rise       ; q_temp[0]       ;
;  q_not[0] ; q_temp[0]  ;       ; 4.781 ; Rise       ; q_temp[0]       ;
; q_out[*]  ; q_temp[0]  ; 4.771 ;       ; Rise       ; q_temp[0]       ;
;  q_out[0] ; q_temp[0]  ; 4.771 ;       ; Rise       ; q_temp[0]       ;
; q_not[*]  ; q_temp[0]  ; 4.745 ;       ; Fall       ; q_temp[0]       ;
;  q_not[0] ; q_temp[0]  ; 4.745 ;       ; Fall       ; q_temp[0]       ;
; q_out[*]  ; q_temp[0]  ;       ; 4.735 ; Fall       ; q_temp[0]       ;
;  q_out[0] ; q_temp[0]  ;       ; 4.735 ; Fall       ; q_temp[0]       ;
; q_not[*]  ; q_temp[1]  ;       ; 3.634 ; Rise       ; q_temp[1]       ;
;  q_not[1] ; q_temp[1]  ;       ; 3.634 ; Rise       ; q_temp[1]       ;
; q_out[*]  ; q_temp[1]  ; 3.362 ;       ; Rise       ; q_temp[1]       ;
;  q_out[1] ; q_temp[1]  ; 3.362 ;       ; Rise       ; q_temp[1]       ;
; q_not[*]  ; q_temp[1]  ; 6.586 ; 6.661 ; Fall       ; q_temp[1]       ;
;  q_not[1] ; q_temp[1]  ; 3.501 ;       ; Fall       ; q_temp[1]       ;
;  q_not[2] ; q_temp[1]  ; 6.586 ; 6.661 ; Fall       ; q_temp[1]       ;
; q_out[*]  ; q_temp[1]  ; 6.661 ; 6.586 ; Fall       ; q_temp[1]       ;
;  q_out[1] ; q_temp[1]  ;       ; 3.243 ; Fall       ; q_temp[1]       ;
;  q_out[2] ; q_temp[1]  ; 6.661 ; 6.586 ; Fall       ; q_temp[1]       ;
+-----------+------------+-------+-------+------------+-----------------+


+-----------------------------------------------------------------------+
; Minimum Clock to Output Times                                         ;
+-----------+------------+-------+-------+------------+-----------------+
; Data Port ; Clock Port ; Rise  ; Fall  ; Clock Edge ; Clock Reference ;
+-----------+------------+-------+-------+------------+-----------------+
; q_not[*]  ; q_temp[0]  ;       ; 2.684 ; Rise       ; q_temp[0]       ;
;  q_not[0] ; q_temp[0]  ;       ; 2.684 ; Rise       ; q_temp[0]       ;
; q_out[*]  ; q_temp[0]  ; 2.674 ;       ; Rise       ; q_temp[0]       ;
;  q_out[0] ; q_temp[0]  ; 2.674 ;       ; Rise       ; q_temp[0]       ;
; q_not[*]  ; q_temp[0]  ; 2.791 ;       ; Fall       ; q_temp[0]       ;
;  q_not[0] ; q_temp[0]  ; 2.791 ;       ; Fall       ; q_temp[0]       ;
; q_out[*]  ; q_temp[0]  ;       ; 2.781 ; Fall       ; q_temp[0]       ;
;  q_out[0] ; q_temp[0]  ;       ; 2.781 ; Fall       ; q_temp[0]       ;
; q_not[*]  ; q_temp[1]  ;       ; 2.052 ; Rise       ; q_temp[1]       ;
;  q_not[1] ; q_temp[1]  ;       ; 2.052 ; Rise       ; q_temp[1]       ;
; q_out[*]  ; q_temp[1]  ; 1.905 ;       ; Rise       ; q_temp[1]       ;
;  q_out[1] ; q_temp[1]  ; 1.905 ;       ; Rise       ; q_temp[1]       ;
; q_not[*]  ; q_temp[1]  ; 2.069 ; 3.761 ; Fall       ; q_temp[1]       ;
;  q_not[1] ; q_temp[1]  ; 2.069 ;       ; Fall       ; q_temp[1]       ;
;  q_not[2] ; q_temp[1]  ; 3.903 ; 3.761 ; Fall       ; q_temp[1]       ;
; q_out[*]  ; q_temp[1]  ; 3.761 ; 1.901 ; Fall       ; q_temp[1]       ;
;  q_out[1] ; q_temp[1]  ;       ; 1.901 ; Fall       ; q_temp[1]       ;
;  q_out[2] ; q_temp[1]  ; 3.761 ; 3.903 ; Fall       ; q_temp[1]       ;
+-----------+------------+-------+-------+------------+-----------------+


+----------------------------------------------------------+
; Progagation Delay                                        ;
+------------+-------------+-------+-------+-------+-------+
; Input Port ; Output Port ; RR    ; RF    ; FR    ; FF    ;
+------------+-------------+-------+-------+-------+-------+
; clear      ; q_not[0]    ; 8.297 ;       ;       ; 8.770 ;
; clear      ; q_not[1]    ; 7.053 ;       ;       ; 7.623 ;
; clear      ; q_not[2]    ; 8.724 ;       ;       ; 9.232 ;
; clear      ; q_out[0]    ;       ; 8.287 ; 8.760 ;       ;
; clear      ; q_out[1]    ;       ; 6.795 ; 7.351 ;       ;
; clear      ; q_out[2]    ;       ; 8.724 ; 9.232 ;       ;
+------------+-------------+-------+-------+-------+-------+


+----------------------------------------------------------+
; Minimum Progagation Delay                                ;
+------------+-------------+-------+-------+-------+-------+
; Input Port ; Output Port ; RR    ; RF    ; FR    ; FF    ;
+------------+-------------+-------+-------+-------+-------+
; clear      ; q_not[0]    ; 4.755 ;       ;       ; 5.213 ;
; clear      ; q_not[1]    ; 4.033 ;       ;       ; 4.581 ;
; clear      ; q_not[2]    ; 5.082 ;       ;       ; 5.517 ;
; clear      ; q_out[0]    ;       ; 4.745 ; 5.203 ;       ;
; clear      ; q_out[1]    ;       ; 3.865 ; 4.434 ;       ;
; clear      ; q_out[2]    ;       ; 5.082 ; 5.517 ;       ;
+------------+-------------+-------+-------+-------+-------+


+------------------------------------------------------------------------------------------------------------------------------------------------------------------------------------------------------------------------------------------------------------------------------------------------------------------------------------------------------------------------------------------------------------------+
; Board Trace Model Assignments                                                                                                                                                                                                                                                                                                                                                                                    ;
+---------------+--------------+-------------------+-------------------------+-------------------------+---------------+---------------------+----------------+------------------+--------+------------------+------------------------+------------------------+--------------+---------------+-----------------+-------+---------------------+--------------------+---------------+-----------------+-------------+
; Pin           ; I/O Standard ; Near Tline Length ; Near Tline L per Length ; Near Tline C per Length ; Near Series R ; Near Differential R ; Near Pull-up R ; Near Pull-down R ; Near C ; Far Tline Length ; Far Tline L per Length ; Far Tline C per Length ; Far Series R ; Far Pull-up R ; Far Pull-down R ; Far C ; Termination Voltage ; Far Differential R ; EBD File Name ; EBD Signal Name ; EBD Far-end ;
+---------------+--------------+-------------------+-------------------------+-------------------------+---------------+---------------------+----------------+------------------+--------+------------------+------------------------+------------------------+--------------+---------------+-----------------+-------+---------------------+--------------------+---------------+-----------------+-------------+
; q_out[0]      ; 2.5 V        ; 0 in              ; 0 H/in                  ; 0 F/in                  ; short         ; -                   ; open           ; open             ; open   ; 0 in             ; 0 H/in                 ; 0 F/in                 ; short        ; open          ; open            ; open  ; 0 V                 ; -                  ; n/a           ; n/a             ; n/a         ;
; q_out[1]      ; 2.5 V        ; 0 in              ; 0 H/in                  ; 0 F/in                  ; short         ; -                   ; open           ; open             ; open   ; 0 in             ; 0 H/in                 ; 0 F/in                 ; short        ; open          ; open            ; open  ; 0 V                 ; -                  ; n/a           ; n/a             ; n/a         ;
; q_out[2]      ; 2.5 V        ; 0 in              ; 0 H/in                  ; 0 F/in                  ; short         ; -                   ; open           ; open             ; open   ; 0 in             ; 0 H/in                 ; 0 F/in                 ; short        ; open          ; open            ; open  ; 0 V                 ; -                  ; n/a           ; n/a             ; n/a         ;
; q_not[0]      ; 2.5 V        ; 0 in              ; 0 H/in                  ; 0 F/in                  ; short         ; -                   ; open           ; open             ; open   ; 0 in             ; 0 H/in                 ; 0 F/in                 ; short        ; open          ; open            ; open  ; 0 V                 ; -                  ; n/a           ; n/a             ; n/a         ;
; q_not[1]      ; 2.5 V        ; 0 in              ; 0 H/in                  ; 0 F/in                  ; short         ; -                   ; open           ; open             ; open   ; 0 in             ; 0 H/in                 ; 0 F/in                 ; short        ; open          ; open            ; open  ; 0 V                 ; -                  ; n/a           ; n/a             ; n/a         ;
; q_not[2]      ; 2.5 V        ; 0 in              ; 0 H/in                  ; 0 F/in                  ; short         ; -                   ; open           ; open             ; open   ; 0 in             ; 0 H/in                 ; 0 F/in                 ; short        ; open          ; open            ; open  ; 0 V                 ; -                  ; n/a           ; n/a             ; n/a         ;
; ~ALTERA_NCEO~ ; 2.5 V        ; 0 in              ; 0 H/in                  ; 0 F/in                  ; short         ; -                   ; open           ; open             ; open   ; 0 in             ; 0 H/in                 ; 0 F/in                 ; short        ; open          ; open            ; open  ; 0 V                 ; -                  ; n/a           ; n/a             ; n/a         ;
; ~ALTERA_DCLK~ ; 2.5 V        ; 0 in              ; 0 H/in                  ; 0 F/in                  ; short         ; -                   ; open           ; open             ; open   ; 0 in             ; 0 H/in                 ; 0 F/in                 ; short        ; open          ; open            ; open  ; 0 V                 ; -                  ; n/a           ; n/a             ; n/a         ;
+---------------+--------------+-------------------+-------------------------+-------------------------+---------------+---------------------+----------------+------------------+--------+------------------+------------------------+------------------------+--------------+---------------+-----------------+-------+---------------------+--------------------+---------------+-----------------+-------------+


+-------------------------------------------------------------------+
; Input Transition Times                                            ;
+----------------+--------------+-----------------+-----------------+
; Pin            ; I/O Standard ; 10-90 Rise Time ; 90-10 Fall Time ;
+----------------+--------------+-----------------+-----------------+
; clear          ; 2.5 V        ; 2000 ps         ; 2000 ps         ;
; d[0]           ; 2.5 V        ; 2000 ps         ; 2000 ps         ;
; clk            ; 2.5 V        ; 2000 ps         ; 2000 ps         ;
; d[1]           ; 2.5 V        ; 2000 ps         ; 2000 ps         ;
; d[2]           ; 2.5 V        ; 2000 ps         ; 2000 ps         ;
; ~ALTERA_DATA0~ ; 2.5 V        ; 2000 ps         ; 2000 ps         ;
; ~ALTERA_ASDO~  ; 2.5 V        ; 2000 ps         ; 2000 ps         ;
; ~ALTERA_NCSO~  ; 2.5 V        ; 2000 ps         ; 2000 ps         ;
+----------------+--------------+-----------------+-----------------+


+--------------------------------------------------------------------------------------------------------------------------------------------------------------------------------------------------------------------------------------------------------------------------------------------------------------------------------------------------------------------------------------------------------------------------------------------------------------------------------------------------------------------------------------------------------------------------------------------------------------------------------------------------------------------------------------------+
; Signal Integrity Metrics (Slow 1200mv 0c Model)                                                                                                                                                                                                                                                                                                                                                                                                                                                                                                                                                                                                                                            ;
+---------------+--------------+---------------------+---------------------+------------------------------+------------------------------+---------------------+---------------------+--------------------------------------+--------------------------------------+-----------------------------+-----------------------------+----------------------------+----------------------------+-----------------------------+-----------------------------+--------------------+--------------------+-------------------------------------+-------------------------------------+----------------------------+----------------------------+---------------------------+---------------------------+
; Pin           ; I/O Standard ; Board Delay on Rise ; Board Delay on Fall ; Steady State Voh at FPGA Pin ; Steady State Vol at FPGA Pin ; Voh Max at FPGA Pin ; Vol Min at FPGA Pin ; Ringback Voltage on Rise at FPGA Pin ; Ringback Voltage on Fall at FPGA Pin ; 10-90 Rise Time at FPGA Pin ; 90-10 Fall Time at FPGA Pin ; Monotonic Rise at FPGA Pin ; Monotonic Fall at FPGA Pin ; Steady State Voh at Far-end ; Steady State Vol at Far-end ; Voh Max at Far-end ; Vol Min at Far-end ; Ringback Voltage on Rise at Far-end ; Ringback Voltage on Fall at Far-end ; 10-90 Rise Time at Far-end ; 90-10 Fall Time at Far-end ; Monotonic Rise at Far-end ; Monotonic Fall at Far-end ;
+---------------+--------------+---------------------+---------------------+------------------------------+------------------------------+---------------------+---------------------+--------------------------------------+--------------------------------------+-----------------------------+-----------------------------+----------------------------+----------------------------+-----------------------------+-----------------------------+--------------------+--------------------+-------------------------------------+-------------------------------------+----------------------------+----------------------------+---------------------------+---------------------------+
; q_out[0]      ; 2.5 V        ; 0 s                 ; 0 s                 ; 2.32 V                       ; 7.29e-09 V                   ; 2.39 V              ; -0.00339 V          ; 0.206 V                              ; 0.007 V                              ; 2.77e-10 s                  ; 3.24e-10 s                  ; Yes                        ; Yes                        ; 2.32 V                      ; 7.29e-09 V                  ; 2.39 V             ; -0.00339 V         ; 0.206 V                             ; 0.007 V                             ; 2.77e-10 s                 ; 3.24e-10 s                 ; Yes                       ; Yes                       ;
; q_out[1]      ; 2.5 V        ; 0 s                 ; 0 s                 ; 2.32 V                       ; 7.29e-09 V                   ; 2.39 V              ; -0.00339 V          ; 0.206 V                              ; 0.007 V                              ; 2.77e-10 s                  ; 3.24e-10 s                  ; Yes                        ; Yes                        ; 2.32 V                      ; 7.29e-09 V                  ; 2.39 V             ; -0.00339 V         ; 0.206 V                             ; 0.007 V                             ; 2.77e-10 s                 ; 3.24e-10 s                 ; Yes                       ; Yes                       ;
; q_out[2]      ; 2.5 V        ; 0 s                 ; 0 s                 ; 2.32 V                       ; 7.29e-09 V                   ; 2.39 V              ; -0.00317 V          ; 0.179 V                              ; 0.007 V                              ; 4.7e-10 s                   ; 4.72e-10 s                  ; No                         ; Yes                        ; 2.32 V                      ; 7.29e-09 V                  ; 2.39 V             ; -0.00317 V         ; 0.179 V                             ; 0.007 V                             ; 4.7e-10 s                  ; 4.72e-10 s                 ; No                        ; Yes                       ;
; q_not[0]      ; 2.5 V        ; 0 s                 ; 0 s                 ; 2.32 V                       ; 7.29e-09 V                   ; 2.39 V              ; -0.00339 V          ; 0.206 V                              ; 0.007 V                              ; 2.77e-10 s                  ; 3.24e-10 s                  ; Yes                        ; Yes                        ; 2.32 V                      ; 7.29e-09 V                  ; 2.39 V             ; -0.00339 V         ; 0.206 V                             ; 0.007 V                             ; 2.77e-10 s                 ; 3.24e-10 s                 ; Yes                       ; Yes                       ;
; q_not[1]      ; 2.5 V        ; 0 s                 ; 0 s                 ; 2.32 V                       ; 7.29e-09 V                   ; 2.39 V              ; -0.00317 V          ; 0.179 V                              ; 0.007 V                              ; 4.7e-10 s                   ; 4.72e-10 s                  ; No                         ; Yes                        ; 2.32 V                      ; 7.29e-09 V                  ; 2.39 V             ; -0.00317 V         ; 0.179 V                             ; 0.007 V                             ; 4.7e-10 s                  ; 4.72e-10 s                 ; No                        ; Yes                       ;
; q_not[2]      ; 2.5 V        ; 0 s                 ; 0 s                 ; 2.32 V                       ; 7.29e-09 V                   ; 2.39 V              ; -0.00317 V          ; 0.179 V                              ; 0.007 V                              ; 4.7e-10 s                   ; 4.72e-10 s                  ; No                         ; Yes                        ; 2.32 V                      ; 7.29e-09 V                  ; 2.39 V             ; -0.00317 V         ; 0.179 V                             ; 0.007 V                             ; 4.7e-10 s                  ; 4.72e-10 s                 ; No                        ; Yes                       ;
; ~ALTERA_NCEO~ ; 2.5 V        ; 0 s                 ; 0 s                 ; 2.32 V                       ; 4.76e-09 V                   ; 2.4 V               ; -0.034 V            ; 0.102 V                              ; 0.065 V                              ; 2.49e-10 s                  ; 3.49e-10 s                  ; Yes                        ; Yes                        ; 2.32 V                      ; 4.76e-09 V                  ; 2.4 V              ; -0.034 V           ; 0.102 V                             ; 0.065 V                             ; 2.49e-10 s                 ; 3.49e-10 s                 ; Yes                       ; Yes                       ;
; ~ALTERA_DCLK~ ; 2.5 V        ; 0 s                 ; 0 s                 ; 2.32 V                       ; 5.94e-09 V                   ; 2.39 V              ; -0.0344 V           ; 0.156 V                              ; 0.089 V                              ; 2.68e-10 s                  ; 2.6e-10 s                   ; Yes                        ; Yes                        ; 2.32 V                      ; 5.94e-09 V                  ; 2.39 V             ; -0.0344 V          ; 0.156 V                             ; 0.089 V                             ; 2.68e-10 s                 ; 2.6e-10 s                  ; Yes                       ; Yes                       ;
+---------------+--------------+---------------------+---------------------+------------------------------+------------------------------+---------------------+---------------------+--------------------------------------+--------------------------------------+-----------------------------+-----------------------------+----------------------------+----------------------------+-----------------------------+-----------------------------+--------------------+--------------------+-------------------------------------+-------------------------------------+----------------------------+----------------------------+---------------------------+---------------------------+


+--------------------------------------------------------------------------------------------------------------------------------------------------------------------------------------------------------------------------------------------------------------------------------------------------------------------------------------------------------------------------------------------------------------------------------------------------------------------------------------------------------------------------------------------------------------------------------------------------------------------------------------------------------------------------------------------+
; Signal Integrity Metrics (Slow 1200mv 85c Model)                                                                                                                                                                                                                                                                                                                                                                                                                                                                                                                                                                                                                                           ;
+---------------+--------------+---------------------+---------------------+------------------------------+------------------------------+---------------------+---------------------+--------------------------------------+--------------------------------------+-----------------------------+-----------------------------+----------------------------+----------------------------+-----------------------------+-----------------------------+--------------------+--------------------+-------------------------------------+-------------------------------------+----------------------------+----------------------------+---------------------------+---------------------------+
; Pin           ; I/O Standard ; Board Delay on Rise ; Board Delay on Fall ; Steady State Voh at FPGA Pin ; Steady State Vol at FPGA Pin ; Voh Max at FPGA Pin ; Vol Min at FPGA Pin ; Ringback Voltage on Rise at FPGA Pin ; Ringback Voltage on Fall at FPGA Pin ; 10-90 Rise Time at FPGA Pin ; 90-10 Fall Time at FPGA Pin ; Monotonic Rise at FPGA Pin ; Monotonic Fall at FPGA Pin ; Steady State Voh at Far-end ; Steady State Vol at Far-end ; Voh Max at Far-end ; Vol Min at Far-end ; Ringback Voltage on Rise at Far-end ; Ringback Voltage on Fall at Far-end ; 10-90 Rise Time at Far-end ; 90-10 Fall Time at Far-end ; Monotonic Rise at Far-end ; Monotonic Fall at Far-end ;
+---------------+--------------+---------------------+---------------------+------------------------------+------------------------------+---------------------+---------------------+--------------------------------------+--------------------------------------+-----------------------------+-----------------------------+----------------------------+----------------------------+-----------------------------+-----------------------------+--------------------+--------------------+-------------------------------------+-------------------------------------+----------------------------+----------------------------+---------------------------+---------------------------+
; q_out[0]      ; 2.5 V        ; 0 s                 ; 0 s                 ; 2.32 V                       ; 1.21e-06 V                   ; 2.37 V              ; -0.00606 V          ; 0.107 V                              ; 0.021 V                              ; 4.26e-10 s                  ; 4.03e-10 s                  ; Yes                        ; Yes                        ; 2.32 V                      ; 1.21e-06 V                  ; 2.37 V             ; -0.00606 V         ; 0.107 V                             ; 0.021 V                             ; 4.26e-10 s                 ; 4.03e-10 s                 ; Yes                       ; Yes                       ;
; q_out[1]      ; 2.5 V        ; 0 s                 ; 0 s                 ; 2.32 V                       ; 1.21e-06 V                   ; 2.37 V              ; -0.00606 V          ; 0.107 V                              ; 0.021 V                              ; 4.26e-10 s                  ; 4.03e-10 s                  ; Yes                        ; Yes                        ; 2.32 V                      ; 1.21e-06 V                  ; 2.37 V             ; -0.00606 V         ; 0.107 V                             ; 0.021 V                             ; 4.26e-10 s                 ; 4.03e-10 s                 ; Yes                       ; Yes                       ;
; q_out[2]      ; 2.5 V        ; 0 s                 ; 0 s                 ; 2.32 V                       ; 1.21e-06 V                   ; 2.36 V              ; -0.00833 V          ; 0.113 V                              ; 0.035 V                              ; 6.32e-10 s                  ; 5.89e-10 s                  ; No                         ; Yes                        ; 2.32 V                      ; 1.21e-06 V                  ; 2.36 V             ; -0.00833 V         ; 0.113 V                             ; 0.035 V                             ; 6.32e-10 s                 ; 5.89e-10 s                 ; No                        ; Yes                       ;
; q_not[0]      ; 2.5 V        ; 0 s                 ; 0 s                 ; 2.32 V                       ; 1.21e-06 V                   ; 2.37 V              ; -0.00606 V          ; 0.107 V                              ; 0.021 V                              ; 4.26e-10 s                  ; 4.03e-10 s                  ; Yes                        ; Yes                        ; 2.32 V                      ; 1.21e-06 V                  ; 2.37 V             ; -0.00606 V         ; 0.107 V                             ; 0.021 V                             ; 4.26e-10 s                 ; 4.03e-10 s                 ; Yes                       ; Yes                       ;
; q_not[1]      ; 2.5 V        ; 0 s                 ; 0 s                 ; 2.32 V                       ; 1.21e-06 V                   ; 2.36 V              ; -0.00833 V          ; 0.113 V                              ; 0.035 V                              ; 6.32e-10 s                  ; 5.89e-10 s                  ; No                         ; Yes                        ; 2.32 V                      ; 1.21e-06 V                  ; 2.36 V             ; -0.00833 V         ; 0.113 V                             ; 0.035 V                             ; 6.32e-10 s                 ; 5.89e-10 s                 ; No                        ; Yes                       ;
; q_not[2]      ; 2.5 V        ; 0 s                 ; 0 s                 ; 2.32 V                       ; 1.21e-06 V                   ; 2.36 V              ; -0.00833 V          ; 0.113 V                              ; 0.035 V                              ; 6.32e-10 s                  ; 5.89e-10 s                  ; No                         ; Yes                        ; 2.32 V                      ; 1.21e-06 V                  ; 2.36 V             ; -0.00833 V         ; 0.113 V                             ; 0.035 V                             ; 6.32e-10 s                 ; 5.89e-10 s                 ; No                        ; Yes                       ;
; ~ALTERA_NCEO~ ; 2.5 V        ; 0 s                 ; 0 s                 ; 2.32 V                       ; 7.93e-07 V                   ; 2.37 V              ; -0.0278 V           ; 0.106 V                              ; 0.115 V                              ; 2.69e-10 s                  ; 4.05e-10 s                  ; Yes                        ; Yes                        ; 2.32 V                      ; 7.93e-07 V                  ; 2.37 V             ; -0.0278 V          ; 0.106 V                             ; 0.115 V                             ; 2.69e-10 s                 ; 4.05e-10 s                 ; Yes                       ; Yes                       ;
; ~ALTERA_DCLK~ ; 2.5 V        ; 0 s                 ; 0 s                 ; 2.32 V                       ; 9.76e-07 V                   ; 2.36 V              ; -0.00439 V          ; 0.088 V                              ; 0.007 V                              ; 4.05e-10 s                  ; 3.35e-10 s                  ; Yes                        ; Yes                        ; 2.32 V                      ; 9.76e-07 V                  ; 2.36 V             ; -0.00439 V         ; 0.088 V                             ; 0.007 V                             ; 4.05e-10 s                 ; 3.35e-10 s                 ; Yes                       ; Yes                       ;
+---------------+--------------+---------------------+---------------------+------------------------------+------------------------------+---------------------+---------------------+--------------------------------------+--------------------------------------+-----------------------------+-----------------------------+----------------------------+----------------------------+-----------------------------+-----------------------------+--------------------+--------------------+-------------------------------------+-------------------------------------+----------------------------+----------------------------+---------------------------+---------------------------+


+--------------------------------------------------------------------------------------------------------------------------------------------------------------------------------------------------------------------------------------------------------------------------------------------------------------------------------------------------------------------------------------------------------------------------------------------------------------------------------------------------------------------------------------------------------------------------------------------------------------------------------------------------------------------------------------------+
; Signal Integrity Metrics (Fast 1200mv 0c Model)                                                                                                                                                                                                                                                                                                                                                                                                                                                                                                                                                                                                                                            ;
+---------------+--------------+---------------------+---------------------+------------------------------+------------------------------+---------------------+---------------------+--------------------------------------+--------------------------------------+-----------------------------+-----------------------------+----------------------------+----------------------------+-----------------------------+-----------------------------+--------------------+--------------------+-------------------------------------+-------------------------------------+----------------------------+----------------------------+---------------------------+---------------------------+
; Pin           ; I/O Standard ; Board Delay on Rise ; Board Delay on Fall ; Steady State Voh at FPGA Pin ; Steady State Vol at FPGA Pin ; Voh Max at FPGA Pin ; Vol Min at FPGA Pin ; Ringback Voltage on Rise at FPGA Pin ; Ringback Voltage on Fall at FPGA Pin ; 10-90 Rise Time at FPGA Pin ; 90-10 Fall Time at FPGA Pin ; Monotonic Rise at FPGA Pin ; Monotonic Fall at FPGA Pin ; Steady State Voh at Far-end ; Steady State Vol at Far-end ; Voh Max at Far-end ; Vol Min at Far-end ; Ringback Voltage on Rise at Far-end ; Ringback Voltage on Fall at Far-end ; 10-90 Rise Time at Far-end ; 90-10 Fall Time at Far-end ; Monotonic Rise at Far-end ; Monotonic Fall at Far-end ;
+---------------+--------------+---------------------+---------------------+------------------------------+------------------------------+---------------------+---------------------+--------------------------------------+--------------------------------------+-----------------------------+-----------------------------+----------------------------+----------------------------+-----------------------------+-----------------------------+--------------------+--------------------+-------------------------------------+-------------------------------------+----------------------------+----------------------------+---------------------------+---------------------------+
; q_out[0]      ; 2.5 V        ; 0 s                 ; 0 s                 ; 2.62 V                       ; 4.66e-08 V                   ; 2.73 V              ; -0.0205 V           ; 0.17 V                               ; 0.027 V                              ; 2.58e-10 s                  ; 2.57e-10 s                  ; Yes                        ; Yes                        ; 2.62 V                      ; 4.66e-08 V                  ; 2.73 V             ; -0.0205 V          ; 0.17 V                              ; 0.027 V                             ; 2.58e-10 s                 ; 2.57e-10 s                 ; Yes                       ; Yes                       ;
; q_out[1]      ; 2.5 V        ; 0 s                 ; 0 s                 ; 2.62 V                       ; 4.66e-08 V                   ; 2.73 V              ; -0.0205 V           ; 0.17 V                               ; 0.027 V                              ; 2.58e-10 s                  ; 2.57e-10 s                  ; Yes                        ; Yes                        ; 2.62 V                      ; 4.66e-08 V                  ; 2.73 V             ; -0.0205 V          ; 0.17 V                              ; 0.027 V                             ; 2.58e-10 s                 ; 2.57e-10 s                 ; Yes                       ; Yes                       ;
; q_out[2]      ; 2.5 V        ; 0 s                 ; 0 s                 ; 2.62 V                       ; 4.66e-08 V                   ; 2.72 V              ; -0.0215 V           ; 0.161 V                              ; 0.061 V                              ; 4.44e-10 s                  ; 4.06e-10 s                  ; No                         ; Yes                        ; 2.62 V                      ; 4.66e-08 V                  ; 2.72 V             ; -0.0215 V          ; 0.161 V                             ; 0.061 V                             ; 4.44e-10 s                 ; 4.06e-10 s                 ; No                        ; Yes                       ;
; q_not[0]      ; 2.5 V        ; 0 s                 ; 0 s                 ; 2.62 V                       ; 4.66e-08 V                   ; 2.73 V              ; -0.0205 V           ; 0.17 V                               ; 0.027 V                              ; 2.58e-10 s                  ; 2.57e-10 s                  ; Yes                        ; Yes                        ; 2.62 V                      ; 4.66e-08 V                  ; 2.73 V             ; -0.0205 V          ; 0.17 V                              ; 0.027 V                             ; 2.58e-10 s                 ; 2.57e-10 s                 ; Yes                       ; Yes                       ;
; q_not[1]      ; 2.5 V        ; 0 s                 ; 0 s                 ; 2.62 V                       ; 4.66e-08 V                   ; 2.72 V              ; -0.0215 V           ; 0.161 V                              ; 0.061 V                              ; 4.44e-10 s                  ; 4.06e-10 s                  ; No                         ; Yes                        ; 2.62 V                      ; 4.66e-08 V                  ; 2.72 V             ; -0.0215 V          ; 0.161 V                             ; 0.061 V                             ; 4.44e-10 s                 ; 4.06e-10 s                 ; No                        ; Yes                       ;
; q_not[2]      ; 2.5 V        ; 0 s                 ; 0 s                 ; 2.62 V                       ; 4.66e-08 V                   ; 2.72 V              ; -0.0215 V           ; 0.161 V                              ; 0.061 V                              ; 4.44e-10 s                  ; 4.06e-10 s                  ; No                         ; Yes                        ; 2.62 V                      ; 4.66e-08 V                  ; 2.72 V             ; -0.0215 V          ; 0.161 V                             ; 0.061 V                             ; 4.44e-10 s                 ; 4.06e-10 s                 ; No                        ; Yes                       ;
; ~ALTERA_NCEO~ ; 2.5 V        ; 0 s                 ; 0 s                 ; 2.62 V                       ; 3.06e-08 V                   ; 2.86 V              ; -0.0341 V           ; 0.364 V                              ; 0.046 V                              ; 1.17e-10 s                  ; 2.6e-10 s                   ; No                         ; Yes                        ; 2.62 V                      ; 3.06e-08 V                  ; 2.86 V             ; -0.0341 V          ; 0.364 V                             ; 0.046 V                             ; 1.17e-10 s                 ; 2.6e-10 s                  ; No                        ; Yes                       ;
; ~ALTERA_DCLK~ ; 2.5 V        ; 0 s                 ; 0 s                 ; 2.62 V                       ; 3.81e-08 V                   ; 2.72 V              ; -0.0542 V           ; 0.144 V                              ; 0.087 V                              ; 2.55e-10 s                  ; 2.14e-10 s                  ; Yes                        ; Yes                        ; 2.62 V                      ; 3.81e-08 V                  ; 2.72 V             ; -0.0542 V          ; 0.144 V                             ; 0.087 V                             ; 2.55e-10 s                 ; 2.14e-10 s                 ; Yes                       ; Yes                       ;
+---------------+--------------+---------------------+---------------------+------------------------------+------------------------------+---------------------+---------------------+--------------------------------------+--------------------------------------+-----------------------------+-----------------------------+----------------------------+----------------------------+-----------------------------+-----------------------------+--------------------+--------------------+-------------------------------------+-------------------------------------+----------------------------+----------------------------+---------------------------+---------------------------+


-------------------
; Clock Transfers ;
-------------------
Nothing to report.


---------------
; Report TCCS ;
---------------
No dedicated SERDES Transmitter circuitry present in device or used in design


---------------
; Report RSKM ;
---------------
No dedicated SERDES Receiver circuitry present in device or used in design


+------------------------------------------------+
; Unconstrained Paths                            ;
+---------------------------------+-------+------+
; Property                        ; Setup ; Hold ;
+---------------------------------+-------+------+
; Illegal Clocks                  ; 0     ; 0    ;
; Unconstrained Clocks            ; 0     ; 0    ;
; Unconstrained Input Ports       ; 4     ; 4    ;
; Unconstrained Input Port Paths  ; 9     ; 9    ;
; Unconstrained Output Ports      ; 6     ; 6    ;
; Unconstrained Output Port Paths ; 12    ; 12   ;
+---------------------------------+-------+------+


+------------------------------------+
; TimeQuest Timing Analyzer Messages ;
+------------------------------------+
Info: *******************************************************************
Info: Running Quartus II 64-Bit TimeQuest Timing Analyzer
    Info: Version 13.0.1 Build 232 06/12/2013 Service Pack 1 SJ Web Edition
    Info: Processing started: Sat Apr 29 16:45:02 2023
Info: Command: quartus_sta contador_assin_3 -c contador_assin_3
Info: qsta_default_script.tcl version: #1
Warning (20028): Parallel compilation is not licensed and has been disabled
Info (21076): High junction temperature operating condition is not set. Assuming a default value of '85'.
Info (21076): Low junction temperature operating condition is not set. Assuming a default value of '0'.
Critical Warning (332012): Synopsys Design Constraints File file not found: 'contador_assin_3.sdc'. A Synopsys Design Constraints File is required by the TimeQuest Timing Analyzer to get proper timing constraints. Without it, the Compiler will not properly optimize the design.
Info (332142): No user constrained base clocks found in the design. Calling "derive_clocks -period 1.0"
Info (332105): Deriving Clocks
    Info (332105): create_clock -period 1.000 -name clk clk
    Info (332105): create_clock -period 1.000 -name q_temp[0] q_temp[0]
    Info (332105): create_clock -period 1.000 -name q_temp[1] q_temp[1]
Info (332143): No user constrained clock uncertainty found in the design. Calling "derive_clock_uncertainty"
Info (332154): The derive_clock_uncertainty command did not apply clock uncertainty to any clock-to-clock transfers.
Info: Found TIMEQUEST_REPORT_SCRIPT_INCLUDE_DEFAULT_ANALYSIS = ON
Info: Analyzing Slow 1200mV 85C Model
Info (332140): No fmax paths to report
Info (332140): No Setup paths to report
Info (332140): No Hold paths to report
Info (332140): No Recovery paths to report
Info (332140): No Removal paths to report
Critical Warning (332148): Timing requirements not met
    Info (11105): For recommendations on closing timing, run Report Timing Closure Recommendations in the TimeQuest Timing Analyzer.
Info (332146): Worst-case minimum pulse width slack is -3.000
    Info (332119):     Slack End Point TNS Clock 
    Info (332119): ========= ============= =====================
    Info (332119):    -3.000        -4.000 clk 
    Info (332119):    -1.000        -1.000 q_temp[0] 
    Info (332119):    -1.000        -1.000 q_temp[1] 
Info: Analyzing Slow 1200mV 0C Model
Info (334003): Started post-fitting delay annotation
Info (334004): Delay annotation completed successfully
Info (332154): The derive_clock_uncertainty command did not apply clock uncertainty to any clock-to-clock transfers.
Info (332140): No fmax paths to report
Info (332140): No Setup paths to report
Info (332140): No Hold paths to report
Info (332140): No Recovery paths to report
Info (332140): No Removal paths to report
Critical Warning (332148): Timing requirements not met
    Info (11105): For recommendations on closing timing, run Report Timing Closure Recommendations in the TimeQuest Timing Analyzer.
Info (332146): Worst-case minimum pulse width slack is -3.000
    Info (332119):     Slack End Point TNS Clock 
    Info (332119): ========= ============= =====================
    Info (332119):    -3.000        -4.000 clk 
    Info (332119):    -1.000        -1.000 q_temp[0] 
    Info (332119):    -1.000        -1.000 q_temp[1] 
Info: Analyzing Fast 1200mV 0C Model
Info (332154): The derive_clock_uncertainty command did not apply clock uncertainty to any clock-to-clock transfers.
Info (332140): No Setup paths to report
Info (332140): No Hold paths to report
Info (332140): No Recovery paths to report
Info (332140): No Removal paths to report
Critical Warning (332148): Timing requirements not met
    Info (11105): For recommendations on closing timing, run Report Timing Closure Recommendations in the TimeQuest Timing Analyzer.
Info (332146): Worst-case minimum pulse width slack is -3.000
    Info (332119):     Slack End Point TNS Clock 
    Info (332119): ========= ============= =====================
    Info (332119):    -3.000        -4.096 clk 
    Info (332119):    -1.000        -1.000 q_temp[0] 
    Info (332119):    -1.000        -1.000 q_temp[1] 
Info (332102): Design is not fully constrained for setup requirements
Info (332102): Design is not fully constrained for hold requirements
Info: Quartus II 64-Bit TimeQuest Timing Analyzer was successful. 0 errors, 5 warnings
    Info: Peak virtual memory: 4607 megabytes
    Info: Processing ended: Sat Apr 29 16:45:05 2023
    Info: Elapsed time: 00:00:03
    Info: Total CPU time (on all processors): 00:00:02


